#
# There is insufficient memory for the Java Runtime Environment to continue.
# Native memory allocation (mmap) failed to map 65011712 bytes. Error detail: G1 virtual space
# Possible reasons:
#   The system is out of physical RAM or swap space
#   This process is running with CompressedOops enabled, and the Java Heap may be blocking the growth of the native heap
# Possible solutions:
#   Reduce memory load on the system
#   Increase physical memory or swap space
#   Check if swap backing store is full
#   Decrease Java heap size (-Xmx/-Xms)
#   Decrease number of Java threads
#   Decrease Java thread stack sizes (-Xss)
#   Set larger code cache with -XX:ReservedCodeCacheSize=
#   JVM is running with Unscaled Compressed Oops mode in which the Java heap is
#     placed in the first 4GB address space. The Java Heap base address is the
#     maximum limit for the native heap growth. Please use -XX:HeapBaseMinAddress
#     to set the Java Heap base and to place the Java Heap above 4GB virtual address.
# This output file may be truncated or incomplete.
#
#  Out of Memory Error (os_windows.cpp:3825), pid=32304, tid=12584
#
# JRE version:  (17.0.11) (build )
# Java VM: OpenJDK 64-Bit Server VM (17.0.11+0--11852314, mixed mode, sharing, tiered, compressed oops, compressed class ptrs, g1 gc, windows-amd64)
# No core dump will be written. Minidumps are not enabled by default on client versions of Windows
#

---------------  S U M M A R Y ------------

Command Line: git4idea.http.GitAskPassApp Username for 'https://github.com': 

Host: Intel(R) Core(TM) i5-10300H CPU @ 2.50GHz, 8 cores, 3G,  Windows 11 , 64 bit Build 26100 (10.0.26100.3775)
Time: Wed Apr 16 19:34:29 2025 Egypt Standard Time elapsed time: 2.305892 seconds (0d 0h 0m 2s)

---------------  T H R E A D  ---------------

Current thread (0x000001c43301b8d0):  JavaThread "Unknown thread" [_thread_in_vm, id=12584, stack(0x00000052b0100000,0x00000052b0200000)]

Stack: [0x00000052b0100000,0x00000052b0200000]
Native frames: (J=compiled Java code, j=interpreted, Vv=VM code, C=native code)
V  [jvm.dll+0x687bb9]
V  [jvm.dll+0x84142a]
V  [jvm.dll+0x8430ae]
V  [jvm.dll+0x843713]
V  [jvm.dll+0x24a35f]
V  [jvm.dll+0x684989]
V  [jvm.dll+0x67923a]
V  [jvm.dll+0x30af0b]
V  [jvm.dll+0x3123b6]
V  [jvm.dll+0x361dfe]
V  [jvm.dll+0x36202f]
V  [jvm.dll+0x2e0d38]
V  [jvm.dll+0x2e1ca4]
V  [jvm.dll+0x811f21]
V  [jvm.dll+0x36fb68]
V  [jvm.dll+0x7f0896]
V  [jvm.dll+0x3f3d2f]
V  [jvm.dll+0x3f58e1]
C  [jli.dll+0x528f]
C  [ucrtbase.dll+0x37b0]
C  [KERNEL32.DLL+0x2e8d7]
C  [ntdll.dll+0xb14fc]


---------------  P R O C E S S  ---------------

Threads class SMR info:
_java_thread_list=0x00007fff82f6efd8, length=0, elements={
}

Java Threads: ( => current thread )

Other Threads:
  0x000001c433056eb0 GCTaskThread "GC Thread#0" [stack: 0x00000052b0200000,0x00000052b0300000] [id=21376]
  0x000001c433060490 ConcurrentGCThread "G1 Main Marker" [stack: 0x00000052b0300000,0x00000052b0400000] [id=26500]
  0x000001c433062d70 ConcurrentGCThread "G1 Conc#0" [stack: 0x00000052b0400000,0x00000052b0500000] [id=33672]

[error occurred during error reporting (printing all threads), id 0xc0000005, EXCEPTION_ACCESS_VIOLATION (0xc0000005) at pc=0x00007fff82721907]

VM state: not at safepoint (not fully initialized)

VM Mutex/Monitor currently owned by a thread:  ([mutex/lock_event])
[0x000001c433016830] Heap_lock - owner thread: 0x000001c43301b8d0

Heap address: 0x00000000c3200000, size: 974 MB, Compressed Oops mode: 32-bit

CDS archive(s) mapped at: [0x0000000000000000-0x0000000000000000-0x0000000000000000), size 0, SharedBaseAddress: 0x0000000800000000, ArchiveRelocationMode: 1.
Narrow klass base: 0x0000000000000000, Narrow klass shift: 0, Narrow klass range: 0x0

GC Precious Log:
<Empty>

Heap:
 garbage-first heap   total 0K, used 0K [0x00000000c3200000, 0x0000000100000000)
  region size 1024K, 0 young (0K), 0 survivors (0K)
 Metaspace       used 0K, committed 0K, reserved 0K
  class space    used 0K, committed 0K, reserved 0K

Heap Regions: E=young(eden), S=young(survivor), O=old, HS=humongous(starts), HC=humongous(continues), CS=collection set, F=free, OA=open archive, CA=closed archive, TAMS=top-at-mark-start (previous, next)

Card table byte_map: [0x000001c446250000,0x000001c446440000] _byte_map_base: 0x000001c445c37000

Marking Bits (Prev, Next): (CMBitMap*) 0x000001c4330574d0, (CMBitMap*) 0x000001c433057510
 Prev Bits: [0x000001c446630000, 0x000001c447568000)
 Next Bits: [0x000001c447570000, 0x000001c4484a8000)

GC Heap History (0 events):
No events

Dll operation events (1 events):
Event: 0.372 Loaded shared library C:\Program Files\Android\Android Studio1\jbr\bin\java.dll

Deoptimization events (0 events):
No events

Classes unloaded (0 events):
No events

Classes redefined (0 events):
No events

Internal exceptions (0 events):
No events

VM Operations (0 events):
No events

Events (0 events):
No events


Dynamic libraries:
0x00007ff75bb50000 - 0x00007ff75bb5a000 	C:\Program Files\Android\Android Studio1\jbr\bin\java.exe
0x00007ff807600000 - 0x00007ff807860000 	C:\WINDOWS\SYSTEM32\ntdll.dll
0x00007ff806350000 - 0x00007ff806417000 	C:\WINDOWS\System32\KERNEL32.DLL
0x00007ff804880000 - 0x00007ff804c4a000 	C:\WINDOWS\System32\KERNELBASE.dll
0x00007ff805110000 - 0x00007ff80525b000 	C:\WINDOWS\System32\ucrtbase.dll
0x00007ffff1230000 - 0x00007ffff1247000 	C:\Program Files\Android\Android Studio1\jbr\bin\jli.dll
0x00007ffff1a90000 - 0x00007ffff1aab000 	C:\Program Files\Android\Android Studio1\jbr\bin\VCRUNTIME140.dll
0x00007ff805960000 - 0x00007ff805b2c000 	C:\WINDOWS\System32\USER32.dll
0x00007ff8053d0000 - 0x00007ff8053f7000 	C:\WINDOWS\System32\win32u.dll
0x00007ff807130000 - 0x00007ff80715a000 	C:\WINDOWS\System32\GDI32.dll
0x00007ff804fd0000 - 0x00007ff805101000 	C:\WINDOWS\System32\gdi32full.dll
0x00007ff804e90000 - 0x00007ff804f33000 	C:\WINDOWS\System32\msvcp_win.dll
0x00007fffec5d0000 - 0x00007fffec867000 	C:\WINDOWS\WinSxS\amd64_microsoft.windows.common-controls_6595b64144ccf1df_6.0.26100.3624_none_3e086962e3345f24\COMCTL32.dll
0x00007ff807190000 - 0x00007ff807239000 	C:\WINDOWS\System32\msvcrt.dll
0x00007ff8069c0000 - 0x00007ff8069ef000 	C:\WINDOWS\System32\IMM32.DLL
0x00007fffff320000 - 0x00007fffff32c000 	C:\Program Files\Android\Android Studio1\jbr\bin\vcruntime140_1.dll
0x00007fffc77e0000 - 0x00007fffc786d000 	C:\Program Files\Android\Android Studio1\jbr\bin\msvcp140.dll
0x00007fff82430000 - 0x00007fff830b3000 	C:\Program Files\Android\Android Studio1\jbr\bin\server\jvm.dll
0x00007ff807440000 - 0x00007ff8074f2000 	C:\WINDOWS\System32\ADVAPI32.dll
0x00007ff807510000 - 0x00007ff8075b6000 	C:\WINDOWS\System32\sechost.dll
0x00007ff805840000 - 0x00007ff805956000 	C:\WINDOWS\System32\RPCRT4.dll
0x00007ffff6ff0000 - 0x00007ffff6ffb000 	C:\WINDOWS\SYSTEM32\VERSION.dll
0x00007ffffebb0000 - 0x00007ffffebe6000 	C:\WINDOWS\SYSTEM32\WINMM.dll
0x00007ffff82c0000 - 0x00007ffff82ca000 	C:\WINDOWS\SYSTEM32\WSOCK32.dll
0x00007ff803470000 - 0x00007ff8034ce000 	C:\WINDOWS\SYSTEM32\POWRPROF.dll
0x00007ff806280000 - 0x00007ff8062f4000 	C:\WINDOWS\System32\WS2_32.dll
0x00007ff803450000 - 0x00007ff803464000 	C:\WINDOWS\SYSTEM32\UMPDC.dll
0x00007ff803710000 - 0x00007ff80372a000 	C:\WINDOWS\SYSTEM32\kernel.appcore.dll
0x00007fffff3b0000 - 0x00007fffff3ba000 	C:\Program Files\Android\Android Studio1\jbr\bin\jimage.dll
0x00007ff801f10000 - 0x00007ff802151000 	C:\WINDOWS\SYSTEM32\DBGHELP.DLL
0x00007ff8054b0000 - 0x00007ff805832000 	C:\WINDOWS\System32\combase.dll
0x00007ff8072c0000 - 0x00007ff807396000 	C:\WINDOWS\System32\OLEAUT32.dll
0x00007fffea080000 - 0x00007fffea0b9000 	C:\WINDOWS\SYSTEM32\dbgcore.DLL
0x00007ff8047e0000 - 0x00007ff804879000 	C:\WINDOWS\System32\bcryptPrimitives.dll
0x00007ffff8420000 - 0x00007ffff8445000 	C:\Program Files\Android\Android Studio1\jbr\bin\java.dll

dbghelp: loaded successfully - version: 4.0.5 - missing functions: none
symbol engine: initialized successfully - sym options: 0x614 - pdb path: .;C:\Program Files\Android\Android Studio1\jbr\bin;C:\WINDOWS\SYSTEM32;C:\WINDOWS\WinSxS\amd64_microsoft.windows.common-controls_6595b64144ccf1df_6.0.26100.3624_none_3e086962e3345f24;C:\Program Files\Android\Android Studio1\jbr\bin\server

VM Arguments:
java_command: git4idea.http.GitAskPassApp Username for 'https://github.com': 
java_class_path (initial): C:/Program Files/Android/Android Studio1/plugins/vcs-git/lib/git4idea-rt.jar;C:/Program Files/Android/Android Studio1/lib/externalProcess-rt.jar
Launcher Type: SUN_STANDARD

[Global flags]
     intx CICompilerCount                          = 4                                         {product} {ergonomic}
     uint ConcGCThreads                            = 2                                         {product} {ergonomic}
     uint G1ConcRefinementThreads                  = 8                                         {product} {ergonomic}
   size_t G1HeapRegionSize                         = 1048576                                   {product} {ergonomic}
    uintx GCDrainStackTargetSize                   = 64                                        {product} {ergonomic}
   size_t InitialHeapSize                          = 65011712                                  {product} {ergonomic}
   size_t MarkStackSize                            = 4194304                                   {product} {ergonomic}
   size_t MaxHeapSize                              = 1021313024                                {product} {ergonomic}
   size_t MinHeapDeltaBytes                        = 1048576                                   {product} {ergonomic}
   size_t MinHeapSize                              = 8388608                                   {product} {ergonomic}
    uintx NonNMethodCodeHeapSize                   = 5839372                                {pd product} {ergonomic}
    uintx NonProfiledCodeHeapSize                  = 122909434                              {pd product} {ergonomic}
    uintx ProfiledCodeHeapSize                     = 122909434                              {pd product} {ergonomic}
    uintx ReservedCodeCacheSize                    = 251658240                              {pd product} {ergonomic}
     bool SegmentedCodeCache                       = true                                      {product} {ergonomic}
   size_t SoftMaxHeapSize                          = 1021313024                             {manageable} {ergonomic}
     bool UseCompressedClassPointers               = true                           {product lp64_product} {ergonomic}
     bool UseCompressedOops                        = true                           {product lp64_product} {ergonomic}
     bool UseG1GC                                  = true                                      {product} {ergonomic}
     bool UseLargePagesIndividualAllocation        = false                                  {pd product} {ergonomic}

Logging:
Log output configuration:
 #0: stdout all=warning uptime,level,tags
 #1: stderr all=off uptime,level,tags

Environment Variables:
PATH=C:/Program Files/Git/mingw64/libexec/git-core;C:/Program Files/Git/mingw64/libexec/git-core;C:\Program Files\Git\mingw64\bin;C:\Program Files\Git\usr\bin;C:\Users\mohse\bin;C:\Program Files\Microsoft MPI\Bin\;C:\Program Files (x86)\VMware\VMware Player\bin\;C:\Oracle\Middleware\Oracle_FRHome1\bin;C:\oraclexe\app\oracle\product\11.2.0\server\bin;C:\Program Files\Common Files\Oracle\Java\javapath;C:\Program Files (x86)\Common Files\Oracle\Java\javapath;C:\WINDOWS\system32;C:\WINDOWS;C:\WINDOWS\System32\Wbem;C:\WINDOWS\System32\WindowsPowerShell\v1.0\;C:\WINDOWS\System32\OpenSSH\;C:\Program Files\Microsoft SQL Server\150\Tools\Binn\;C:\Program Files\Microsoft SQL Server\Client SDK\ODBC\170\Tools\Binn\;C:\Oracle\Middleware\Oracle_FRHome1\opmn\bin;C:\Oracle\Middleware\Oracle_FRHome1\opmn\lib;C:\Oracle\Middleware\Oracle_FRHome1\perl\bin;D:\Git\cmd;C:\Program Files\Git\cmd;C:\Program Files\nodejs\;C:\Program Files\dotnet\;C:\Program Files (x86)\Windows Kits\10\Windows Performance Toolkit\;D:\Downloads\platform-tools-latest-windows\platform-tools;C:\Users\mohse\AppData\Local\Microsoft\WindowsApps;D:\flutter\bin;C:\Users\mohse\AppData\Local\Programs\Microsoft VS Code\bin;C:\Users\mohse\AppData\Roaming\npm;C:\Users\mohse\AppData\Local\Pub\Cache\bin;C:\Users\mohse\AppData\Local\Programs\Python\Python311\Scripts;C:\Users\mohse\AppData\Local\Programs\Python\Python311;C:\Users\mohse\AppData\Local\GitHubDesktop\bin;C:\Users\mohse\.dotnet\tools
USERNAME=nada
LD_LIBRARY_PATH=C:\Oracle\Middleware\Oracle_FRHome1\lib
DISPLAY=:0.0
LC_ALL=en_US.UTF-8
TERM=xterm-256color
TMPDIR=C:\Users\mohse\AppData\Local\Temp
OS=Windows_NT
PROCESSOR_IDENTIFIER=Intel64 Family 6 Model 165 Stepping 2, GenuineIntel
TMP=C:\Users\mohse\AppData\Local\Temp
TEMP=C:\Users\mohse\AppData\Local\Temp



Periodic native trim disabled

JNI global refs:
JNI global refs: 0, weak refs: 0

JNI global refs memory usage: 0, weak refs: 0

Process memory usage:
Resident Set Size: 12188K (0% of 3983040K total physical memory with 1488K free physical memory)

OOME stack traces (most recent first):
Classloader memory used:


---------------  S Y S T E M  ---------------

OS:
 Windows 11 , 64 bit Build 26100 (10.0.26100.3775)
OS uptime: 6 days 17:42 hours

CPU: total 8 (initial active 8) (4 cores per cpu, 2 threads per core) family 6 model 165 stepping 2 microcode 0xfc, cx8, cmov, fxsr, ht, mmx, 3dnowpref, sse, sse2, sse3, ssse3, sse4.1, sse4.2, popcnt, lzcnt, tsc, tscinvbit, avx, avx2, aes, erms, clmul, bmi1, bmi2, adx, fma, vzeroupper, clflush, clflushopt
Processor Information for all 8 processors :
  Max Mhz: 2496, Current Mhz: 2496, Mhz Limit: 2496

Memory: 4k page, system-wide physical 3889M (1M free)
TotalPageFile size 15665M (AvailPageFile size 42M)
current process WorkingSet (physical memory assigned to process): 11M, peak: 11M
current process commit charge ("private bytes"): 60M, peak: 122M

vm_info: OpenJDK 64-Bit Server VM (17.0.11+0--11852314) for windows-amd64 JRE (17.0.11+0--11852314), built on May 16 2024 21:29:20 by "androidbuild" with MS VC++ 16.10 / 16.11 (VS2019)

END.
