#
# There is insufficient memory for the Java Runtime Environment to continue.
# Native memory allocation (malloc) failed to allocate 929056 bytes. Error detail: Chunk::new
# Possible reasons:
#   The system is out of physical RAM or swap space
#   This process is running with CompressedOops enabled, and the Java Heap may be blocking the growth of the native heap
# Possible solutions:
#   Reduce memory load on the system
#   Increase physical memory or swap space
#   Check if swap backing store is full
#   Decrease Java heap size (-Xmx/-Xms)
#   Decrease number of Java threads
#   Decrease Java thread stack sizes (-Xss)
#   Set larger code cache with -XX:ReservedCodeCacheSize=
#   JVM is running with Zero Based Compressed Oops mode in which the Java heap is
#     placed in the first 32GB address space. The Java Heap base address is the
#     maximum limit for the native heap growth. Please use -XX:HeapBaseMinAddress
#     to set the Java Heap base and to place the Java Heap above 32GB virtual address.
# This output file may be truncated or incomplete.
#
#  Out of Memory Error (arena.cpp:191), pid=4960, tid=15948
#
# JRE version: OpenJDK Runtime Environment (17.0.11) (build 17.0.11+0--11852314)
# Java VM: OpenJDK 64-Bit Server VM (17.0.11+0--11852314, mixed mode, tiered, compressed oops, compressed class ptrs, g1 gc, windows-amd64)
# No core dump will be written. Minidumps are not enabled by default on client versions of Windows
#

---------------  S U M M A R Y ------------

Command Line: -XX:MaxMetaspaceSize=2G -XX:+HeapDumpOnOutOfMemoryError --add-opens=java.base/java.util=ALL-UNNAMED --add-opens=java.base/java.lang=ALL-UNNAMED --add-opens=java.base/java.lang.invoke=ALL-UNNAMED --add-opens=java.prefs/java.util.prefs=ALL-UNNAMED --add-opens=java.base/java.nio.charset=ALL-UNNAMED --add-opens=java.base/java.net=ALL-UNNAMED --add-opens=java.base/java.util.concurrent.atomic=ALL-UNNAMED -Xmx4G -Dfile.encoding=windows-1252 -Duser.country=GB -Duser.language=en -Duser.variant org.gradle.launcher.daemon.bootstrap.GradleDaemon 7.6.3

Host: Intel(R) Core(TM) i5-10300H CPU @ 2.50GHz, 8 cores, 3G,  Windows 11 , 64 bit Build 26100 (10.0.26100.3037)
Time: Sat Feb  8 19:47:52 2025 Egypt Standard Time elapsed time: 95.861929 seconds (0d 0h 1m 35s)

---------------  T H R E A D  ---------------

Current thread (0x0000022541a2b4d0):  JavaThread "C2 CompilerThread0" daemon [_thread_in_native, id=15948, stack(0x0000006168400000,0x0000006168500000)]


Current CompileTask:
C2:  95863 14074       4       javax.management.ObjectName::construct (1135 bytes)

Stack: [0x0000006168400000,0x0000006168500000]
Native frames: (J=compiled Java code, j=interpreted, Vv=VM code, C=native code)
V  [jvm.dll+0x687bb9]
V  [jvm.dll+0x84142a]
V  [jvm.dll+0x8430ae]
V  [jvm.dll+0x843713]
V  [jvm.dll+0x24a35f]
V  [jvm.dll+0xac544]
V  [jvm.dll+0xacb8c]
V  [jvm.dll+0x2b194f]
V  [jvm.dll+0x58eba7]
V  [jvm.dll+0x2247e2]
V  [jvm.dll+0x224bdf]
V  [jvm.dll+0x21dd00]
V  [jvm.dll+0x21b201]
V  [jvm.dll+0x1a63ed]
V  [jvm.dll+0x22b1ee]
V  [jvm.dll+0x229375]
V  [jvm.dll+0x7f5647]
V  [jvm.dll+0x7efa4a]
V  [jvm.dll+0x686a35]
C  [ucrtbase.dll+0x37b0]
C  [KERNEL32.DLL+0x2e8d7]
C  [ntdll.dll+0xbbf2c]


---------------  P R O C E S S  ---------------

Threads class SMR info:
_java_thread_list=0x0000022551754260, length=141, elements={
0x0000022522e2e600, 0x00000225418b85d0, 0x00000225418bbc20, 0x0000022541a30960,
0x0000022541a31230, 0x0000022541a32670, 0x0000022541a29520, 0x0000022541a2b4d0,
0x0000022541a42840, 0x0000022541a43150, 0x0000022541bccdc0, 0x0000022541bd72c0,
0x000002254682c5b0, 0x0000022546971500, 0x00000225477215a0, 0x0000022547252b00,
0x0000022547252fe0, 0x000002254626daf0, 0x0000022547489910, 0x0000022547487fc0,
0x0000022547487090, 0x000002254748a840, 0x0000022547487ab0, 0x0000022547489e20,
0x00000225474884d0, 0x00000225474889e0, 0x0000022547488ef0, 0x0000022547489400,
0x000002254748a330, 0x000002254958c7c0, 0x000002254958bda0, 0x000002254958dc00,
0x000002254958eb30, 0x000002254958c2b0, 0x000002254958d1e0, 0x000002254958e620,
0x000002254958f040, 0x000002254958e110, 0x000002254958b890, 0x0000022549590480,
0x000002254958f550, 0x0000022549590990, 0x000002254958fa60, 0x0000022549590ea0,
0x000002254958d6f0, 0x00000225495913b0, 0x00000225495918c0, 0x0000022549592d00,
0x0000022549591dd0, 0x00000225495922e0, 0x00000225495927f0, 0x0000022549593210,
0x00000225478d4320, 0x00000225478d29d0, 0x00000225478d24c0, 0x00000225478d2ee0,
0x00000225478d1080, 0x00000225478d3900, 0x00000225478d33f0, 0x00000225478d1590,
0x00000225478d4830, 0x00000225478d3e10, 0x00000225478d5250, 0x00000225478d1aa0,
0x00000225478d5760, 0x00000225478d1fb0, 0x00000225478d8a00, 0x00000225478d6180,
0x00000225478d5c70, 0x00000225478d6690, 0x00000225478d7ad0, 0x00000225478d6ba0,
0x00000225478d84f0, 0x00000225478d70b0, 0x00000225478d75c0, 0x00000225478d7fe0,
0x0000022546aa2af0, 0x0000022546aa11a0, 0x0000022546aa0270, 0x0000022546aa25e0,
0x0000022546aa3000, 0x0000022546aa3510, 0x0000022546aa3a20, 0x0000022546aa0780,
0x0000022546aa1bc0, 0x0000022546aa0c90, 0x0000022546aa3f30, 0x0000022546aa4440,
0x0000022546aa4950, 0x0000022546aa20d0, 0x0000022546aa4e60, 0x0000022546aa16b0,
0x0000022546aa5880, 0x0000022546aa6cc0, 0x0000022546aa71d0, 0x0000022546aa76e0,
0x0000022546aa5d90, 0x0000022546aa7bf0, 0x0000022546aa62a0, 0x0000022546aa5370,
0x0000022546aa67b0, 0x0000022547c61fd0, 0x0000022547c61ac0, 0x0000022547c624e0,
0x0000022547c60680, 0x0000022547c615b0, 0x0000022547c629f0, 0x0000022547c5f240,
0x0000022547c62f00, 0x0000022547c60170, 0x0000022547c610a0, 0x0000022547c5f750,
0x0000022547c63410, 0x0000022547c60b90, 0x0000022547c5fc60, 0x0000022547c63920,
0x0000022547c65c90, 0x0000022547c63e30, 0x0000022547c64340, 0x0000022547c64850,
0x0000022547c64d60, 0x0000022547c65270, 0x0000022547c65780, 0x0000022547c661a0,
0x0000022547c666b0, 0x0000022547c66bc0, 0x00000225482b1a40, 0x00000225482b00f0,
0x00000225482b0600, 0x00000225482b0b10, 0x00000225482afbe0, 0x00000225482af1c0,
0x00000225482b1020, 0x00000225482b1530, 0x00000225482ae7a0, 0x00000225482af6d0,
0x00000225482b47d0, 0x00000225482b38a0, 0x00000225482b42c0, 0x00000225482b51f0,
0x00000225482b3390
}

Java Threads: ( => current thread )
  0x0000022522e2e600 JavaThread "main" [_thread_blocked, id=7284, stack(0x0000006167700000,0x0000006167800000)]
  0x00000225418b85d0 JavaThread "Reference Handler" daemon [_thread_blocked, id=5604, stack(0x0000006167e00000,0x0000006167f00000)]
  0x00000225418bbc20 JavaThread "Finalizer" daemon [_thread_blocked, id=1568, stack(0x0000006167f00000,0x0000006168000000)]
  0x0000022541a30960 JavaThread "Signal Dispatcher" daemon [_thread_blocked, id=3720, stack(0x0000006168000000,0x0000006168100000)]
  0x0000022541a31230 JavaThread "Attach Listener" daemon [_thread_blocked, id=1964, stack(0x0000006168100000,0x0000006168200000)]
  0x0000022541a32670 JavaThread "Service Thread" daemon [_thread_blocked, id=5880, stack(0x0000006168200000,0x0000006168300000)]
  0x0000022541a29520 JavaThread "Monitor Deflation Thread" daemon [_thread_blocked, id=14804, stack(0x0000006168300000,0x0000006168400000)]
=>0x0000022541a2b4d0 JavaThread "C2 CompilerThread0" daemon [_thread_in_native, id=15948, stack(0x0000006168400000,0x0000006168500000)]
  0x0000022541a42840 JavaThread "C1 CompilerThread0" daemon [_thread_blocked, id=2068, stack(0x0000006168500000,0x0000006168600000)]
  0x0000022541a43150 JavaThread "Sweeper thread" daemon [_thread_blocked, id=7680, stack(0x0000006168600000,0x0000006168700000)]
  0x0000022541bccdc0 JavaThread "Common-Cleaner" daemon [_thread_blocked, id=13716, stack(0x0000006168700000,0x0000006168800000)]
  0x0000022541bd72c0 JavaThread "Notification Thread" daemon [_thread_blocked, id=16256, stack(0x0000006168800000,0x0000006168900000)]
  0x000002254682c5b0 JavaThread "Daemon health stats" [_thread_blocked, id=13596, stack(0x0000006168e00000,0x0000006168f00000)]
  0x0000022546971500 JavaThread "Incoming local TCP Connector on port 50906" [_thread_in_native, id=4248, stack(0x0000006168f00000,0x0000006169000000)]
  0x00000225477215a0 JavaThread "Daemon periodic checks" [_thread_blocked, id=2056, stack(0x0000006169000000,0x0000006169100000)]
  0x0000022547252b00 JavaThread "Daemon" [_thread_blocked, id=4048, stack(0x0000006169100000,0x0000006169200000)]
  0x0000022547252fe0 JavaThread "Handler for socket connection from /127.0.0.1:50906 to /127.0.0.1:50907" [_thread_in_native, id=3260, stack(0x0000006169200000,0x0000006169300000)]
  0x000002254626daf0 JavaThread "Cancel handler" [_thread_blocked, id=14904, stack(0x0000006169300000,0x0000006169400000)]
  0x0000022547489910 JavaThread "Daemon worker" [_thread_blocked, id=12012, stack(0x0000006169400000,0x0000006169500000)]
  0x0000022547487fc0 JavaThread "Asynchronous log dispatcher for DefaultDaemonConnection: socket connection from /127.0.0.1:50906 to /127.0.0.1:50907" [_thread_blocked, id=4564, stack(0x0000006169500000,0x0000006169600000)]
  0x0000022547487090 JavaThread "Stdin handler" [_thread_blocked, id=11936, stack(0x0000006169600000,0x0000006169700000)]
  0x000002254748a840 JavaThread "Daemon client event forwarder" [_thread_blocked, id=9628, stack(0x0000006169700000,0x0000006169800000)]
  0x0000022547487ab0 JavaThread "Cache worker for journal cache (C:\Users\mohse\.gradle\caches\journal-1)" [_thread_blocked, id=13228, stack(0x0000006169800000,0x0000006169900000)]
  0x0000022547489e20 JavaThread "File lock request listener" [_thread_in_native, id=14320, stack(0x0000006169c00000,0x0000006169d00000)]
  0x00000225474884d0 JavaThread "Cache worker for file hash cache (C:\Users\mohse\.gradle\caches\7.6.3\fileHashes)" [_thread_blocked, id=5072, stack(0x0000006169e00000,0x0000006169f00000)]
  0x00000225474889e0 JavaThread "File watcher server" daemon [_thread_in_native, id=13476, stack(0x0000006169f00000,0x000000616a000000)]
  0x0000022547488ef0 JavaThread "File watcher consumer" daemon [_thread_blocked, id=13436, stack(0x000000616a000000,0x000000616a100000)]
  0x0000022547489400 JavaThread "Cache worker for checksums cache (D:\flutter tasks\Gp\android\.gradle\7.6.3\checksums)" [_thread_blocked, id=7628, stack(0x000000616a100000,0x000000616a200000)]
  0x000002254748a330 JavaThread "Cache worker for cache directory md-rule (C:\Users\mohse\.gradle\caches\7.6.3\md-rule)" [_thread_blocked, id=10524, stack(0x000000616a200000,0x000000616a300000)]
  0x000002254958c7c0 JavaThread "Cache worker for file content cache (C:\Users\mohse\.gradle\caches\7.6.3\fileContent)" [_thread_blocked, id=14564, stack(0x000000616a300000,0x000000616a400000)]
  0x000002254958bda0 JavaThread "Cache worker for file hash cache (D:\flutter tasks\Gp\android\.gradle\7.6.3\fileHashes)" [_thread_blocked, id=7908, stack(0x000000616a400000,0x000000616a500000)]
  0x000002254958dc00 JavaThread "Cache worker for cache directory md-supplier (C:\Users\mohse\.gradle\caches\7.6.3\md-supplier)" [_thread_blocked, id=4792, stack(0x000000616a500000,0x000000616a600000)]
  0x000002254958eb30 JavaThread "Cache worker for execution history cache (C:\Users\mohse\.gradle\caches\7.6.3\executionHistory)" [_thread_blocked, id=2912, stack(0x000000616a600000,0x000000616a700000)]
  0x000002254958c2b0 JavaThread "jar transforms" [_thread_blocked, id=3656, stack(0x000000616a700000,0x000000616a800000)]
  0x000002254958d1e0 JavaThread "Cache worker for kotlin-dsl (C:\Users\mohse\.gradle\caches\7.6.3\kotlin-dsl)" [_thread_blocked, id=11928, stack(0x000000616a800000,0x000000616a900000)]
  0x000002254958e620 JavaThread "jar transforms Thread 2" [_thread_blocked, id=2272, stack(0x000000616a900000,0x000000616aa00000)]
  0x000002254958f040 JavaThread "Cache worker for dependencies-accessors (D:\flutter tasks\Gp\android\.gradle\7.6.3\dependencies-accessors)" [_thread_blocked, id=15164, stack(0x000000616aa00000,0x000000616ab00000)]
  0x000002254958e110 JavaThread "Cache worker for Build Output Cleanup Cache (D:\flutter\packages\flutter_tools\gradle\.gradle\buildOutputCleanup)" [_thread_blocked, id=6676, stack(0x000000616ab00000,0x000000616ac00000)]
  0x000002254958b890 JavaThread "jar transforms Thread 3" [_thread_blocked, id=4548, stack(0x000000616ac00000,0x000000616ad00000)]
  0x0000022549590480 JavaThread "Memory manager" [_thread_blocked, id=4836, stack(0x000000616ad00000,0x000000616ae00000)]
  0x000002254958f550 JavaThread "jar transforms Thread 4" [_thread_blocked, id=5564, stack(0x000000616ae00000,0x000000616af00000)]
  0x0000022549590990 JavaThread "included builds" [_thread_blocked, id=12120, stack(0x000000616b100000,0x000000616b200000)]
  0x000002254958fa60 JavaThread "Execution worker" [_thread_blocked, id=9184, stack(0x000000616b200000,0x000000616b300000)]
  0x0000022549590ea0 JavaThread "Execution worker Thread 2" [_thread_blocked, id=11116, stack(0x000000616b300000,0x000000616b400000)]
  0x000002254958d6f0 JavaThread "Execution worker Thread 3" [_thread_blocked, id=5508, stack(0x000000616b400000,0x000000616b500000)]
  0x00000225495913b0 JavaThread "Execution worker Thread 4" [_thread_blocked, id=8172, stack(0x000000616b500000,0x000000616b600000)]
  0x00000225495918c0 JavaThread "Execution worker Thread 5" [_thread_blocked, id=696, stack(0x000000616b600000,0x000000616b700000)]
  0x0000022549592d00 JavaThread "Execution worker Thread 6" [_thread_blocked, id=9940, stack(0x000000616b700000,0x000000616b800000)]
  0x0000022549591dd0 JavaThread "Execution worker Thread 7" [_thread_blocked, id=8480, stack(0x000000616b800000,0x000000616b900000)]
  0x00000225495922e0 JavaThread "Cache worker for execution history cache (D:\flutter\packages\flutter_tools\gradle\.gradle\7.6.3\executionHistory)" [_thread_blocked, id=1372, stack(0x000000616b900000,0x000000616ba00000)]
  0x00000225495927f0 JavaThread "Unconstrained build operations" [_thread_blocked, id=15548, stack(0x000000616af00000,0x000000616b000000)]
  0x0000022549593210 JavaThread "Unconstrained build operations Thread 2" [_thread_blocked, id=5936, stack(0x000000616b000000,0x000000616b100000)]
  0x00000225478d4320 JavaThread "Unconstrained build operations Thread 3" [_thread_blocked, id=4832, stack(0x000000616ba00000,0x000000616bb00000)]
  0x00000225478d29d0 JavaThread "Unconstrained build operations Thread 4" [_thread_blocked, id=11052, stack(0x000000616bb00000,0x000000616bc00000)]
  0x00000225478d24c0 JavaThread "Unconstrained build operations Thread 5" [_thread_blocked, id=16140, stack(0x000000616bc00000,0x000000616bd00000)]
  0x00000225478d2ee0 JavaThread "Unconstrained build operations Thread 6" [_thread_blocked, id=11336, stack(0x000000616bd00000,0x000000616be00000)]
  0x00000225478d1080 JavaThread "Unconstrained build operations Thread 7" [_thread_blocked, id=14156, stack(0x000000616be00000,0x000000616bf00000)]
  0x00000225478d3900 JavaThread "Unconstrained build operations Thread 8" [_thread_blocked, id=13072, stack(0x000000616bf00000,0x000000616c000000)]
  0x00000225478d33f0 JavaThread "Unconstrained build operations Thread 9" [_thread_blocked, id=3620, stack(0x000000616c000000,0x000000616c100000)]
  0x00000225478d1590 JavaThread "Unconstrained build operations Thread 10" [_thread_blocked, id=1708, stack(0x000000616c100000,0x000000616c200000)]
  0x00000225478d4830 JavaThread "Unconstrained build operations Thread 11" [_thread_blocked, id=14796, stack(0x000000616c300000,0x000000616c400000)]
  0x00000225478d3e10 JavaThread "Unconstrained build operations Thread 12" [_thread_blocked, id=13424, stack(0x000000616c400000,0x000000616c500000)]
  0x00000225478d5250 JavaThread "Unconstrained build operations Thread 13" [_thread_blocked, id=9876, stack(0x000000616c500000,0x000000616c600000)]
  0x00000225478d1aa0 JavaThread "Unconstrained build operations Thread 14" [_thread_blocked, id=13260, stack(0x000000616c600000,0x000000616c700000)]
  0x00000225478d5760 JavaThread "Unconstrained build operations Thread 15" [_thread_blocked, id=2372, stack(0x000000616c700000,0x000000616c800000)]
  0x00000225478d1fb0 JavaThread "Unconstrained build operations Thread 16" [_thread_blocked, id=1580, stack(0x000000616c800000,0x000000616c900000)]
  0x00000225478d8a00 JavaThread "Unconstrained build operations Thread 17" [_thread_blocked, id=2368, stack(0x000000616c900000,0x000000616ca00000)]
  0x00000225478d6180 JavaThread "Unconstrained build operations Thread 18" [_thread_blocked, id=5964, stack(0x000000616ca00000,0x000000616cb00000)]
  0x00000225478d5c70 JavaThread "Unconstrained build operations Thread 19" [_thread_blocked, id=3876, stack(0x000000616cb00000,0x000000616cc00000)]
  0x00000225478d6690 JavaThread "Unconstrained build operations Thread 20" [_thread_blocked, id=14944, stack(0x000000616cc00000,0x000000616cd00000)]
  0x00000225478d7ad0 JavaThread "Unconstrained build operations Thread 21" [_thread_blocked, id=11876, stack(0x000000616cd00000,0x000000616ce00000)]
  0x00000225478d6ba0 JavaThread "Unconstrained build operations Thread 22" [_thread_blocked, id=8924, stack(0x000000616ce00000,0x000000616cf00000)]
  0x00000225478d84f0 JavaThread "Unconstrained build operations Thread 23" [_thread_blocked, id=11416, stack(0x000000616cf00000,0x000000616d000000)]
  0x00000225478d70b0 JavaThread "Unconstrained build operations Thread 24" [_thread_blocked, id=15820, stack(0x000000616d000000,0x000000616d100000)]
  0x00000225478d75c0 JavaThread "Unconstrained build operations Thread 25" [_thread_blocked, id=7180, stack(0x000000616d100000,0x000000616d200000)]
  0x00000225478d7fe0 JavaThread "Unconstrained build operations Thread 26" [_thread_blocked, id=7572, stack(0x000000616d200000,0x000000616d300000)]
  0x0000022546aa2af0 JavaThread "Unconstrained build operations Thread 27" [_thread_blocked, id=2424, stack(0x000000616d300000,0x000000616d400000)]
  0x0000022546aa11a0 JavaThread "Unconstrained build operations Thread 28" [_thread_blocked, id=7548, stack(0x000000616d400000,0x000000616d500000)]
  0x0000022546aa0270 JavaThread "Unconstrained build operations Thread 29" [_thread_blocked, id=7836, stack(0x000000616d500000,0x000000616d600000)]
  0x0000022546aa25e0 JavaThread "Unconstrained build operations Thread 30" [_thread_blocked, id=12420, stack(0x000000616d600000,0x000000616d700000)]
  0x0000022546aa3000 JavaThread "Unconstrained build operations Thread 31" [_thread_blocked, id=14708, stack(0x000000616d700000,0x000000616d800000)]
  0x0000022546aa3510 JavaThread "Unconstrained build operations Thread 32" [_thread_blocked, id=16044, stack(0x000000616d800000,0x000000616d900000)]
  0x0000022546aa3a20 JavaThread "Unconstrained build operations Thread 33" [_thread_blocked, id=14204, stack(0x000000616d900000,0x000000616da00000)]
  0x0000022546aa0780 JavaThread "Unconstrained build operations Thread 34" [_thread_blocked, id=8196, stack(0x000000616da00000,0x000000616db00000)]
  0x0000022546aa1bc0 JavaThread "Unconstrained build operations Thread 35" [_thread_blocked, id=15592, stack(0x000000616db00000,0x000000616dc00000)]
  0x0000022546aa0c90 JavaThread "Unconstrained build operations Thread 36" [_thread_blocked, id=15916, stack(0x000000616dc00000,0x000000616dd00000)]
  0x0000022546aa3f30 JavaThread "Unconstrained build operations Thread 37" [_thread_blocked, id=15152, stack(0x000000616dd00000,0x000000616de00000)]
  0x0000022546aa4440 JavaThread "Unconstrained build operations Thread 38" [_thread_blocked, id=14328, stack(0x000000616de00000,0x000000616df00000)]
  0x0000022546aa4950 JavaThread "Unconstrained build operations Thread 39" [_thread_blocked, id=14544, stack(0x000000616df00000,0x000000616e000000)]
  0x0000022546aa20d0 JavaThread "Unconstrained build operations Thread 40" [_thread_blocked, id=2544, stack(0x000000616e000000,0x000000616e100000)]
  0x0000022546aa4e60 JavaThread "Unconstrained build operations Thread 41" [_thread_blocked, id=10300, stack(0x000000616e100000,0x000000616e200000)]
  0x0000022546aa16b0 JavaThread "Unconstrained build operations Thread 42" [_thread_blocked, id=6456, stack(0x000000616e200000,0x000000616e300000)]
  0x0000022546aa5880 JavaThread "Unconstrained build operations Thread 43" [_thread_blocked, id=10564, stack(0x000000616e300000,0x000000616e400000)]
  0x0000022546aa6cc0 JavaThread "Unconstrained build operations Thread 44" [_thread_blocked, id=10140, stack(0x000000616e400000,0x000000616e500000)]
  0x0000022546aa71d0 JavaThread "Unconstrained build operations Thread 45" [_thread_blocked, id=10548, stack(0x000000616e500000,0x000000616e600000)]
  0x0000022546aa76e0 JavaThread "Unconstrained build operations Thread 46" [_thread_blocked, id=9324, stack(0x000000616e600000,0x000000616e700000)]
  0x0000022546aa5d90 JavaThread "Unconstrained build operations Thread 47" [_thread_blocked, id=15308, stack(0x000000616e700000,0x000000616e800000)]
  0x0000022546aa7bf0 JavaThread "Unconstrained build operations Thread 48" [_thread_blocked, id=7852, stack(0x000000616e800000,0x000000616e900000)]
  0x0000022546aa62a0 JavaThread "Unconstrained build operations Thread 49" [_thread_blocked, id=11172, stack(0x000000616e900000,0x000000616ea00000)]
  0x0000022546aa5370 JavaThread "Unconstrained build operations Thread 50" [_thread_blocked, id=2360, stack(0x000000616ea00000,0x000000616eb00000)]
  0x0000022546aa67b0 JavaThread "Unconstrained build operations Thread 51" [_thread_blocked, id=9704, stack(0x000000616eb00000,0x000000616ec00000)]
  0x0000022547c61fd0 JavaThread "Unconstrained build operations Thread 52" [_thread_blocked, id=9416, stack(0x000000616ec00000,0x000000616ed00000)]
  0x0000022547c61ac0 JavaThread "Unconstrained build operations Thread 53" [_thread_blocked, id=14628, stack(0x000000616ed00000,0x000000616ee00000)]
  0x0000022547c624e0 JavaThread "Unconstrained build operations Thread 54" [_thread_blocked, id=8536, stack(0x000000616ee00000,0x000000616ef00000)]
  0x0000022547c60680 JavaThread "Unconstrained build operations Thread 55" [_thread_blocked, id=5364, stack(0x000000616ef00000,0x000000616f000000)]
  0x0000022547c615b0 JavaThread "Unconstrained build operations Thread 56" [_thread_blocked, id=15296, stack(0x000000616f000000,0x000000616f100000)]
  0x0000022547c629f0 JavaThread "Unconstrained build operations Thread 57" [_thread_blocked, id=13812, stack(0x000000616f100000,0x000000616f200000)]
  0x0000022547c5f240 JavaThread "Unconstrained build operations Thread 58" [_thread_blocked, id=8436, stack(0x000000616f200000,0x000000616f300000)]
  0x0000022547c62f00 JavaThread "Unconstrained build operations Thread 59" [_thread_blocked, id=6848, stack(0x000000616f300000,0x000000616f400000)]
  0x0000022547c60170 JavaThread "Unconstrained build operations Thread 60" [_thread_blocked, id=8484, stack(0x000000616f400000,0x000000616f500000)]
  0x0000022547c610a0 JavaThread "Unconstrained build operations Thread 61" [_thread_blocked, id=3108, stack(0x000000616f500000,0x000000616f600000)]
  0x0000022547c5f750 JavaThread "Unconstrained build operations Thread 62" [_thread_blocked, id=15392, stack(0x000000616f600000,0x000000616f700000)]
  0x0000022547c63410 JavaThread "Unconstrained build operations Thread 63" [_thread_blocked, id=3908, stack(0x000000616f700000,0x000000616f800000)]
  0x0000022547c60b90 JavaThread "Unconstrained build operations Thread 64" [_thread_blocked, id=1996, stack(0x000000616f800000,0x000000616f900000)]
  0x0000022547c5fc60 JavaThread "Unconstrained build operations Thread 65" [_thread_blocked, id=5336, stack(0x000000616f900000,0x000000616fa00000)]
  0x0000022547c63920 JavaThread "Unconstrained build operations Thread 66" [_thread_blocked, id=11984, stack(0x000000616fa00000,0x000000616fb00000)]
  0x0000022547c65c90 JavaThread "Unconstrained build operations Thread 67" [_thread_blocked, id=8812, stack(0x000000616fb00000,0x000000616fc00000)]
  0x0000022547c63e30 JavaThread "Unconstrained build operations Thread 68" [_thread_blocked, id=12300, stack(0x000000616fc00000,0x000000616fd00000)]
  0x0000022547c64340 JavaThread "Unconstrained build operations Thread 69" [_thread_blocked, id=13832, stack(0x000000616fd00000,0x000000616fe00000)]
  0x0000022547c64850 JavaThread "Unconstrained build operations Thread 70" [_thread_blocked, id=6536, stack(0x000000616fe00000,0x000000616ff00000)]
  0x0000022547c64d60 JavaThread "Unconstrained build operations Thread 71" [_thread_blocked, id=13948, stack(0x000000616ff00000,0x0000006170000000)]
  0x0000022547c65270 JavaThread "Unconstrained build operations Thread 72" [_thread_blocked, id=16364, stack(0x0000006170000000,0x0000006170100000)]
  0x0000022547c65780 JavaThread "Unconstrained build operations Thread 73" [_thread_blocked, id=4180, stack(0x0000006170100000,0x0000006170200000)]
  0x0000022547c661a0 JavaThread "Unconstrained build operations Thread 74" [_thread_blocked, id=15148, stack(0x0000006170200000,0x0000006170300000)]
  0x0000022547c666b0 JavaThread "Unconstrained build operations Thread 75" [_thread_blocked, id=12368, stack(0x0000006170300000,0x0000006170400000)]
  0x0000022547c66bc0 JavaThread "Unconstrained build operations Thread 76" [_thread_blocked, id=5356, stack(0x0000006170400000,0x0000006170500000)]
  0x00000225482b1a40 JavaThread "Unconstrained build operations Thread 77" [_thread_blocked, id=3040, stack(0x0000006170500000,0x0000006170600000)]
  0x00000225482b00f0 JavaThread "Unconstrained build operations Thread 78" [_thread_blocked, id=13176, stack(0x0000006170600000,0x0000006170700000)]
  0x00000225482b0600 JavaThread "Unconstrained build operations Thread 79" [_thread_blocked, id=14716, stack(0x0000006170700000,0x0000006170800000)]
  0x00000225482b0b10 JavaThread "Unconstrained build operations Thread 80" [_thread_blocked, id=5560, stack(0x0000006170800000,0x0000006170900000)]
  0x00000225482afbe0 JavaThread "jar transforms Thread 5" [_thread_blocked, id=13564, stack(0x0000006170900000,0x0000006170a00000)]
  0x00000225482af1c0 JavaThread "jar transforms Thread 6" [_thread_blocked, id=16280, stack(0x0000006170a00000,0x0000006170b00000)]
  0x00000225482b1020 JavaThread "jar transforms Thread 7" [_thread_blocked, id=16132, stack(0x0000006170b00000,0x0000006170c00000)]
  0x00000225482b1530 JavaThread "jar transforms Thread 8" [_thread_blocked, id=13740, stack(0x0000006170c00000,0x0000006170d00000)]
  0x00000225482ae7a0 JavaThread "Cache worker for Build Output Cleanup Cache (D:\flutter tasks\Gp\android\.gradle\buildOutputCleanup)" [_thread_blocked, id=3492, stack(0x000000616c200000,0x000000616c300000)]
  0x00000225482af6d0 JavaThread "pool-3-thread-1" [_thread_blocked, id=15684, stack(0x0000006170e00000,0x0000006170f00000)]
  0x00000225482b47d0 JavaThread "build event listener" [_thread_blocked, id=9680, stack(0x0000006170f00000,0x0000006171000000)]
  0x00000225482b38a0 JavaThread "Cache worker for execution history cache (D:\flutter tasks\Gp\android\.gradle\7.6.3\executionHistory)" [_thread_blocked, id=5912, stack(0x0000006171000000,0x0000006171100000)]
  0x00000225482b42c0 JavaThread "Exec process" [_thread_in_native, id=3192, stack(0x0000006171100000,0x0000006171200000)]
  0x00000225482b51f0 JavaThread "Exec process Thread 2" [_thread_in_native, id=7228, stack(0x0000006171200000,0x0000006171300000)]
  0x00000225482b3390 JavaThread "Exec process Thread 3" [_thread_in_native, id=15656, stack(0x0000006171300000,0x0000006171400000)]

Other Threads:
  0x0000022541851100 VMThread "VM Thread" [stack: 0x0000006167d00000,0x0000006167e00000] [id=7336]
  0x0000022541bd7fb0 WatcherThread [stack: 0x0000006168900000,0x0000006168a00000] [id=5376]
  0x0000022522e9baf0 GCTaskThread "GC Thread#0" [stack: 0x0000006167800000,0x0000006167900000] [id=1940]
  0x00000225467a3450 GCTaskThread "GC Thread#1" [stack: 0x0000006168a00000,0x0000006168b00000] [id=14892]
  0x0000022546155700 GCTaskThread "GC Thread#2" [stack: 0x0000006168b00000,0x0000006168c00000] [id=12072]
  0x00000225468dd440 GCTaskThread "GC Thread#3" [stack: 0x0000006168c00000,0x0000006168d00000] [id=14476]
  0x00000225463aaac0 GCTaskThread "GC Thread#4" [stack: 0x0000006168d00000,0x0000006168e00000] [id=1736]
  0x00000225479d47d0 GCTaskThread "GC Thread#5" [stack: 0x0000006169900000,0x0000006169a00000] [id=14728]
  0x00000225479d4a90 GCTaskThread "GC Thread#6" [stack: 0x0000006169a00000,0x0000006169b00000] [id=8104]
  0x00000225471fe7c0 GCTaskThread "GC Thread#7" [stack: 0x0000006169b00000,0x0000006169c00000] [id=2244]
  0x0000022522ead620 ConcurrentGCThread "G1 Main Marker" [stack: 0x0000006167900000,0x0000006167a00000] [id=9372]
  0x0000022522eaf700 ConcurrentGCThread "G1 Conc#0" [stack: 0x0000006167a00000,0x0000006167b00000] [id=10256]
  0x00000225479c9d80 ConcurrentGCThread "G1 Conc#1" [stack: 0x0000006169d00000,0x0000006169e00000] [id=3536]
  0x0000022522ede5d0 ConcurrentGCThread "G1 Refine#0" [stack: 0x0000006167b00000,0x0000006167c00000] [id=16068]
  0x0000022551907150 ConcurrentGCThread "G1 Refine#1" [stack: 0x0000006170d00000,0x0000006170e00000] [id=5512]
  0x00000225416fc140 ConcurrentGCThread "G1 Service" [stack: 0x0000006167c00000,0x0000006167d00000] [id=8168]

Threads with active compile tasks:
C2 CompilerThread0    96011 14074       4       javax.management.ObjectName::construct (1135 bytes)

VM state: not at safepoint (normal execution)

VM Mutex/Monitor currently owned by a thread: None

Heap address: 0x0000000700000000, size: 4096 MB, Compressed Oops mode: Zero based, Oop shift amount: 3

CDS archive(s) not mapped
Compressed class space mapped at: 0x0000000800000000-0x0000000840000000, reserved size: 1073741824
Narrow klass base: 0x0000000800000000, Narrow klass shift: 0, Narrow klass range: 0x40000000

GC Precious Log:
 CPUs: 8 total, 8 available
 Memory: 3889M
 Large Page Support: Disabled
 NUMA Support: Disabled
 Compressed Oops: Enabled (Zero based)
 Heap Region Size: 2M
 Heap Min Capacity: 8M
 Heap Initial Capacity: 62M
 Heap Max Capacity: 4G
 Pre-touch: Disabled
 Parallel Workers: 8
 Concurrent Workers: 2
 Concurrent Refinement Workers: 8
 Periodic GC: Disabled

Heap:
 garbage-first heap   total 288768K, used 167078K [0x0000000700000000, 0x0000000800000000)
  region size 2048K, 3 young (6144K), 1 survivors (2048K)
 Metaspace       used 107520K, committed 108480K, reserved 1179648K
  class space    used 14683K, committed 15104K, reserved 1048576K

Heap Regions: E=young(eden), S=young(survivor), O=old, HS=humongous(starts), HC=humongous(continues), CS=collection set, F=free, OA=open archive, CA=closed archive, TAMS=top-at-mark-start (previous, next)
|   0|0x0000000700000000, 0x0000000700200000, 0x0000000700200000|100%|HS|  |TAMS 0x0000000700200000, 0x0000000700000000| Complete 
|   1|0x0000000700200000, 0x0000000700400000, 0x0000000700400000|100%|HC|  |TAMS 0x0000000700400000, 0x0000000700200000| Complete 
|   2|0x0000000700400000, 0x0000000700600000, 0x0000000700600000|100%| O|  |TAMS 0x0000000700600000, 0x0000000700400000| Untracked 
|   3|0x0000000700600000, 0x0000000700800000, 0x0000000700800000|100%| O|  |TAMS 0x0000000700800000, 0x0000000700600000| Untracked 
|   4|0x0000000700800000, 0x0000000700a00000, 0x0000000700a00000|100%| O|  |TAMS 0x0000000700a00000, 0x0000000700800000| Untracked 
|   5|0x0000000700a00000, 0x0000000700c00000, 0x0000000700c00000|100%| O|  |TAMS 0x0000000700c00000, 0x0000000700a00000| Untracked 
|   6|0x0000000700c00000, 0x0000000700e00000, 0x0000000700e00000|100%| O|  |TAMS 0x0000000700e00000, 0x0000000700c00000| Untracked 
|   7|0x0000000700e00000, 0x0000000701000000, 0x0000000701000000|100%| O|  |TAMS 0x0000000701000000, 0x0000000700e00000| Untracked 
|   8|0x0000000701000000, 0x0000000701200000, 0x0000000701200000|100%| O|  |TAMS 0x0000000701200000, 0x0000000701000000| Untracked 
|   9|0x0000000701200000, 0x0000000701400000, 0x0000000701400000|100%| O|  |TAMS 0x0000000701400000, 0x0000000701200000| Untracked 
|  10|0x0000000701400000, 0x0000000701600000, 0x0000000701600000|100%| O|  |TAMS 0x0000000701600000, 0x0000000701400000| Untracked 
|  11|0x0000000701600000, 0x0000000701800000, 0x0000000701800000|100%| O|  |TAMS 0x0000000701800000, 0x0000000701600000| Untracked 
|  12|0x0000000701800000, 0x0000000701a00000, 0x0000000701a00000|100%| O|  |TAMS 0x0000000701a00000, 0x0000000701800000| Untracked 
|  13|0x0000000701a00000, 0x0000000701c00000, 0x0000000701c00000|100%| O|  |TAMS 0x0000000701c00000, 0x0000000701a00000| Untracked 
|  14|0x0000000701c00000, 0x0000000701e00000, 0x0000000701e00000|100%| O|  |TAMS 0x0000000701e00000, 0x0000000701c00000| Untracked 
|  15|0x0000000701e00000, 0x0000000702000000, 0x0000000702000000|100%| O|  |TAMS 0x0000000702000000, 0x0000000701e00000| Untracked 
|  16|0x0000000702000000, 0x0000000702200000, 0x0000000702200000|100%| O|  |TAMS 0x0000000702200000, 0x0000000702000000| Untracked 
|  17|0x0000000702200000, 0x0000000702400000, 0x0000000702400000|100%| O|  |TAMS 0x0000000702400000, 0x0000000702200000| Untracked 
|  18|0x0000000702400000, 0x0000000702600000, 0x0000000702600000|100%| O|  |TAMS 0x0000000702600000, 0x0000000702400000| Untracked 
|  19|0x0000000702600000, 0x0000000702800000, 0x0000000702800000|100%| O|  |TAMS 0x0000000702800000, 0x0000000702600000| Untracked 
|  20|0x0000000702800000, 0x0000000702a00000, 0x0000000702a00000|100%| O|  |TAMS 0x0000000702a00000, 0x0000000702800000| Untracked 
|  21|0x0000000702a00000, 0x0000000702c00000, 0x0000000702c00000|100%| O|  |TAMS 0x0000000702a00000, 0x0000000702a00000| Untracked 
|  22|0x0000000702c00000, 0x0000000702e00000, 0x0000000702e00000|100%|HS|  |TAMS 0x0000000702e00000, 0x0000000702c00000| Complete 
|  23|0x0000000702e00000, 0x0000000703000000, 0x0000000703000000|100%|HC|  |TAMS 0x0000000703000000, 0x0000000702e00000| Complete 
|  24|0x0000000703000000, 0x0000000703200000, 0x0000000703200000|100%| O|  |TAMS 0x0000000703200000, 0x0000000703000000| Untracked 
|  25|0x0000000703200000, 0x0000000703400000, 0x0000000703400000|100%| O|  |TAMS 0x0000000703400000, 0x0000000703200000| Untracked 
|  26|0x0000000703400000, 0x0000000703600000, 0x0000000703600000|100%|HS|  |TAMS 0x0000000703600000, 0x0000000703400000| Complete 
|  27|0x0000000703600000, 0x0000000703800000, 0x0000000703800000|100%| O|  |TAMS 0x0000000703800000, 0x0000000703600000| Untracked 
|  28|0x0000000703800000, 0x0000000703a00000, 0x0000000703a00000|100%| O|  |TAMS 0x0000000703a00000, 0x0000000703800000| Untracked 
|  29|0x0000000703a00000, 0x0000000703c00000, 0x0000000703c00000|100%| O|  |TAMS 0x0000000703c00000, 0x0000000703a00000| Untracked 
|  30|0x0000000703c00000, 0x0000000703e00000, 0x0000000703e00000|100%| O|  |TAMS 0x0000000703e00000, 0x0000000703c00000| Untracked 
|  31|0x0000000703e00000, 0x0000000704000000, 0x0000000704000000|100%| O|  |TAMS 0x0000000704000000, 0x0000000703e00000| Untracked 
|  32|0x0000000704000000, 0x0000000704200000, 0x0000000704200000|100%| O|  |TAMS 0x0000000704200000, 0x0000000704000000| Untracked 
|  33|0x0000000704200000, 0x0000000704400000, 0x0000000704400000|100%| O|  |TAMS 0x0000000704400000, 0x0000000704200000| Untracked 
|  34|0x0000000704400000, 0x0000000704600000, 0x0000000704600000|100%| O|  |TAMS 0x0000000704600000, 0x0000000704400000| Untracked 
|  35|0x0000000704600000, 0x0000000704800000, 0x0000000704800000|100%| O|  |TAMS 0x0000000704800000, 0x0000000704600000| Untracked 
|  36|0x0000000704800000, 0x0000000704a00000, 0x0000000704a00000|100%| O|  |TAMS 0x0000000704a00000, 0x0000000704800000| Untracked 
|  37|0x0000000704a00000, 0x0000000704c00000, 0x0000000704c00000|100%| O|  |TAMS 0x0000000704c00000, 0x0000000704a00000| Untracked 
|  38|0x0000000704c00000, 0x0000000704e00000, 0x0000000704e00000|100%| O|  |TAMS 0x0000000704e00000, 0x0000000704c00000| Untracked 
|  39|0x0000000704e00000, 0x0000000705000000, 0x0000000705000000|100%| O|  |TAMS 0x0000000705000000, 0x0000000704e00000| Untracked 
|  40|0x0000000705000000, 0x0000000705200000, 0x0000000705200000|100%| O|  |TAMS 0x0000000705200000, 0x0000000705000000| Untracked 
|  41|0x0000000705200000, 0x0000000705400000, 0x0000000705400000|100%| O|  |TAMS 0x0000000705400000, 0x0000000705200000| Untracked 
|  42|0x0000000705400000, 0x0000000705600000, 0x0000000705600000|100%|HS|  |TAMS 0x0000000705600000, 0x0000000705400000| Complete 
|  43|0x0000000705600000, 0x0000000705800000, 0x0000000705800000|100%| O|  |TAMS 0x0000000705800000, 0x0000000705600000| Untracked 
|  44|0x0000000705800000, 0x0000000705a00000, 0x0000000705a00000|100%| O|  |TAMS 0x0000000705a00000, 0x0000000705800000| Untracked 
|  45|0x0000000705a00000, 0x0000000705c00000, 0x0000000705c00000|100%| O|  |TAMS 0x0000000705c00000, 0x0000000705a00000| Untracked 
|  46|0x0000000705c00000, 0x0000000705e00000, 0x0000000705e00000|100%|HS|  |TAMS 0x0000000705e00000, 0x0000000705c00000| Complete 
|  47|0x0000000705e00000, 0x0000000706000000, 0x0000000706000000|100%|HC|  |TAMS 0x0000000706000000, 0x0000000705e00000| Complete 
|  48|0x0000000706000000, 0x0000000706200000, 0x0000000706200000|100%| O|  |TAMS 0x0000000706200000, 0x0000000706000000| Untracked 
|  49|0x0000000706200000, 0x0000000706200000, 0x0000000706400000|  0%| F|  |TAMS 0x0000000706200000, 0x0000000706200000| Untracked 
|  50|0x0000000706400000, 0x0000000706600000, 0x0000000706600000|100%| O|  |TAMS 0x0000000706600000, 0x0000000706400000| Untracked 
|  51|0x0000000706600000, 0x0000000706800000, 0x0000000706800000|100%| O|  |TAMS 0x0000000706800000, 0x0000000706600000| Untracked 
|  52|0x0000000706800000, 0x0000000706a00000, 0x0000000706a00000|100%| O|  |TAMS 0x0000000706a00000, 0x0000000706800000| Untracked 
|  53|0x0000000706a00000, 0x0000000706c00000, 0x0000000706c00000|100%|HS|  |TAMS 0x0000000706c00000, 0x0000000706a00000| Complete 
|  54|0x0000000706c00000, 0x0000000706e00000, 0x0000000706e00000|100%|HS|  |TAMS 0x0000000706e00000, 0x0000000706c00000| Complete 
|  55|0x0000000706e00000, 0x0000000707000000, 0x0000000707000000|100%|HC|  |TAMS 0x0000000707000000, 0x0000000706e00000| Complete 
|  56|0x0000000707000000, 0x0000000707200000, 0x0000000707200000|100%| O|  |TAMS 0x0000000707200000, 0x0000000707000000| Untracked 
|  57|0x0000000707200000, 0x0000000707400000, 0x0000000707400000|100%| O|  |TAMS 0x0000000707400000, 0x0000000707200000| Untracked 
|  58|0x0000000707400000, 0x0000000707600000, 0x0000000707600000|100%| O|  |TAMS 0x0000000707600000, 0x0000000707400000| Untracked 
|  59|0x0000000707600000, 0x0000000707800000, 0x0000000707800000|100%| O|  |TAMS 0x0000000707800000, 0x0000000707600000| Untracked 
|  60|0x0000000707800000, 0x0000000707a00000, 0x0000000707a00000|100%| O|  |TAMS 0x0000000707a00000, 0x0000000707800000| Untracked 
|  61|0x0000000707a00000, 0x0000000707c00000, 0x0000000707c00000|100%| O|  |TAMS 0x0000000707c00000, 0x0000000707a00000| Untracked 
|  62|0x0000000707c00000, 0x0000000707e00000, 0x0000000707e00000|100%| O|  |TAMS 0x0000000707e00000, 0x0000000707c00000| Untracked 
|  63|0x0000000707e00000, 0x0000000708000000, 0x0000000708000000|100%| O|  |TAMS 0x0000000708000000, 0x0000000707e00000| Untracked 
|  64|0x0000000708000000, 0x0000000708200000, 0x0000000708200000|100%| O|  |TAMS 0x0000000708200000, 0x0000000708000000| Untracked 
|  65|0x0000000708200000, 0x0000000708400000, 0x0000000708400000|100%| O|  |TAMS 0x0000000708400000, 0x0000000708200000| Untracked 
|  66|0x0000000708400000, 0x0000000708600000, 0x0000000708600000|100%| O|  |TAMS 0x0000000708600000, 0x0000000708400000| Untracked 
|  67|0x0000000708600000, 0x0000000708800000, 0x0000000708800000|100%| O|  |TAMS 0x0000000708800000, 0x0000000708600000| Untracked 
|  68|0x0000000708800000, 0x0000000708a00000, 0x0000000708a00000|100%| O|  |TAMS 0x0000000708a00000, 0x0000000708800000| Untracked 
|  69|0x0000000708a00000, 0x0000000708c00000, 0x0000000708c00000|100%| O|  |TAMS 0x0000000708c00000, 0x0000000708a00000| Untracked 
|  70|0x0000000708c00000, 0x0000000708e00000, 0x0000000708e00000|100%| O|  |TAMS 0x0000000708e00000, 0x0000000708c00000| Untracked 
|  71|0x0000000708e00000, 0x0000000709000000, 0x0000000709000000|100%| O|  |TAMS 0x0000000709000000, 0x0000000708e00000| Untracked 
|  72|0x0000000709000000, 0x0000000709200000, 0x0000000709200000|100%| O|  |TAMS 0x0000000709200000, 0x0000000709000000| Untracked 
|  73|0x0000000709200000, 0x0000000709400000, 0x0000000709400000|100%| O|  |TAMS 0x0000000709400000, 0x0000000709200000| Untracked 
|  74|0x0000000709400000, 0x0000000709600000, 0x0000000709600000|100%| O|  |TAMS 0x0000000709600000, 0x0000000709400000| Untracked 
|  75|0x0000000709600000, 0x0000000709800000, 0x0000000709800000|100%| O|  |TAMS 0x00000007096a5200, 0x0000000709600000| Untracked 
|  76|0x0000000709800000, 0x0000000709a00000, 0x0000000709a00000|100%| O|  |TAMS 0x0000000709800000, 0x0000000709800000| Untracked 
|  77|0x0000000709a00000, 0x0000000709c00000, 0x0000000709c00000|100%| O|  |TAMS 0x0000000709a00000, 0x0000000709a00000| Untracked 
|  78|0x0000000709c00000, 0x0000000709e00000, 0x0000000709e00000|100%| O|  |TAMS 0x0000000709c00000, 0x0000000709c00000| Untracked 
|  79|0x0000000709e00000, 0x000000070a000000, 0x000000070a000000|100%| O|  |TAMS 0x0000000709e00000, 0x0000000709e00000| Untracked 
|  80|0x000000070a000000, 0x000000070a1e4400, 0x000000070a200000| 94%| O|  |TAMS 0x000000070a000000, 0x000000070a000000| Untracked 
|  81|0x000000070a200000, 0x000000070a200000, 0x000000070a400000|  0%| F|  |TAMS 0x000000070a200000, 0x000000070a200000| Untracked 
|  82|0x000000070a400000, 0x000000070a400000, 0x000000070a600000|  0%| F|  |TAMS 0x000000070a400000, 0x000000070a400000| Untracked 
|  83|0x000000070a600000, 0x000000070a600000, 0x000000070a800000|  0%| F|  |TAMS 0x000000070a600000, 0x000000070a600000| Untracked 
|  84|0x000000070a800000, 0x000000070a800000, 0x000000070aa00000|  0%| F|  |TAMS 0x000000070a800000, 0x000000070a800000| Untracked 
|  85|0x000000070aa00000, 0x000000070aa00000, 0x000000070ac00000|  0%| F|  |TAMS 0x000000070aa00000, 0x000000070aa00000| Untracked 
|  86|0x000000070ac00000, 0x000000070ac00000, 0x000000070ae00000|  0%| F|  |TAMS 0x000000070ac00000, 0x000000070ac00000| Untracked 
|  87|0x000000070ae00000, 0x000000070ae00000, 0x000000070b000000|  0%| F|  |TAMS 0x000000070ae00000, 0x000000070ae00000| Untracked 
|  88|0x000000070b000000, 0x000000070b000000, 0x000000070b200000|  0%| F|  |TAMS 0x000000070b000000, 0x000000070b000000| Untracked 
|  89|0x000000070b200000, 0x000000070b200000, 0x000000070b400000|  0%| F|  |TAMS 0x000000070b200000, 0x000000070b200000| Untracked 
|  90|0x000000070b400000, 0x000000070b400000, 0x000000070b600000|  0%| F|  |TAMS 0x000000070b400000, 0x000000070b400000| Untracked 
|  91|0x000000070b600000, 0x000000070b600000, 0x000000070b800000|  0%| F|  |TAMS 0x000000070b600000, 0x000000070b600000| Untracked 
|  92|0x000000070b800000, 0x000000070b800000, 0x000000070ba00000|  0%| F|  |TAMS 0x000000070b800000, 0x000000070b800000| Untracked 
|  93|0x000000070ba00000, 0x000000070ba00000, 0x000000070bc00000|  0%| F|  |TAMS 0x000000070ba00000, 0x000000070ba00000| Untracked 
|  94|0x000000070bc00000, 0x000000070bc00000, 0x000000070be00000|  0%| F|  |TAMS 0x000000070bc00000, 0x000000070bc00000| Untracked 
|  95|0x000000070be00000, 0x000000070be00000, 0x000000070c000000|  0%| F|  |TAMS 0x000000070be00000, 0x000000070be00000| Untracked 
|  96|0x000000070c000000, 0x000000070c000000, 0x000000070c200000|  0%| F|  |TAMS 0x000000070c000000, 0x000000070c000000| Untracked 
|  97|0x000000070c200000, 0x000000070c200000, 0x000000070c400000|  0%| F|  |TAMS 0x000000070c200000, 0x000000070c200000| Untracked 
|  98|0x000000070c400000, 0x000000070c400000, 0x000000070c600000|  0%| F|  |TAMS 0x000000070c400000, 0x000000070c400000| Untracked 
|  99|0x000000070c600000, 0x000000070c600000, 0x000000070c800000|  0%| F|  |TAMS 0x000000070c600000, 0x000000070c600000| Untracked 
| 100|0x000000070c800000, 0x000000070c800000, 0x000000070ca00000|  0%| F|  |TAMS 0x000000070c800000, 0x000000070c800000| Untracked 
| 101|0x000000070ca00000, 0x000000070ca00000, 0x000000070cc00000|  0%| F|  |TAMS 0x000000070ca00000, 0x000000070ca00000| Untracked 
| 102|0x000000070cc00000, 0x000000070cc00000, 0x000000070ce00000|  0%| F|  |TAMS 0x000000070cc00000, 0x000000070cc00000| Untracked 
| 103|0x000000070ce00000, 0x000000070ce00000, 0x000000070d000000|  0%| F|  |TAMS 0x000000070ce00000, 0x000000070ce00000| Untracked 
| 104|0x000000070d000000, 0x000000070d000000, 0x000000070d200000|  0%| F|  |TAMS 0x000000070d000000, 0x000000070d000000| Untracked 
| 105|0x000000070d200000, 0x000000070d200000, 0x000000070d400000|  0%| F|  |TAMS 0x000000070d200000, 0x000000070d200000| Untracked 
| 106|0x000000070d400000, 0x000000070d400000, 0x000000070d600000|  0%| F|  |TAMS 0x000000070d400000, 0x000000070d400000| Untracked 
| 107|0x000000070d600000, 0x000000070d600000, 0x000000070d800000|  0%| F|  |TAMS 0x000000070d600000, 0x000000070d600000| Untracked 
| 108|0x000000070d800000, 0x000000070d800000, 0x000000070da00000|  0%| F|  |TAMS 0x000000070d800000, 0x000000070d800000| Untracked 
| 109|0x000000070da00000, 0x000000070da00000, 0x000000070dc00000|  0%| F|  |TAMS 0x000000070da00000, 0x000000070da00000| Untracked 
| 110|0x000000070dc00000, 0x000000070dc00000, 0x000000070de00000|  0%| F|  |TAMS 0x000000070dc00000, 0x000000070dc00000| Untracked 
| 111|0x000000070de00000, 0x000000070de00000, 0x000000070e000000|  0%| F|  |TAMS 0x000000070de00000, 0x000000070de00000| Untracked 
| 112|0x000000070e000000, 0x000000070e000000, 0x000000070e200000|  0%| F|  |TAMS 0x000000070e000000, 0x000000070e000000| Untracked 
| 113|0x000000070e200000, 0x000000070e200000, 0x000000070e400000|  0%| F|  |TAMS 0x000000070e200000, 0x000000070e200000| Untracked 
| 114|0x000000070e400000, 0x000000070e400000, 0x000000070e600000|  0%| F|  |TAMS 0x000000070e400000, 0x000000070e400000| Untracked 
| 115|0x000000070e600000, 0x000000070e600000, 0x000000070e800000|  0%| F|  |TAMS 0x000000070e600000, 0x000000070e600000| Untracked 
| 116|0x000000070e800000, 0x000000070e800000, 0x000000070ea00000|  0%| F|  |TAMS 0x000000070e800000, 0x000000070e800000| Untracked 
| 117|0x000000070ea00000, 0x000000070ea00000, 0x000000070ec00000|  0%| F|  |TAMS 0x000000070ea00000, 0x000000070ea00000| Untracked 
| 118|0x000000070ec00000, 0x000000070ec00000, 0x000000070ee00000|  0%| F|  |TAMS 0x000000070ec00000, 0x000000070ec00000| Untracked 
| 119|0x000000070ee00000, 0x000000070ee00000, 0x000000070f000000|  0%| F|  |TAMS 0x000000070ee00000, 0x000000070ee00000| Untracked 
| 120|0x000000070f000000, 0x000000070f000000, 0x000000070f200000|  0%| F|  |TAMS 0x000000070f000000, 0x000000070f000000| Untracked 
| 121|0x000000070f200000, 0x000000070f200000, 0x000000070f400000|  0%| F|  |TAMS 0x000000070f200000, 0x000000070f200000| Untracked 
| 122|0x000000070f400000, 0x000000070f400000, 0x000000070f600000|  0%| F|  |TAMS 0x000000070f400000, 0x000000070f400000| Untracked 
| 123|0x000000070f600000, 0x000000070f600000, 0x000000070f800000|  0%| F|  |TAMS 0x000000070f600000, 0x000000070f600000| Untracked 
| 124|0x000000070f800000, 0x000000070f800000, 0x000000070fa00000|  0%| F|  |TAMS 0x000000070f800000, 0x000000070f800000| Untracked 
| 125|0x000000070fa00000, 0x000000070fa00000, 0x000000070fc00000|  0%| F|  |TAMS 0x000000070fa00000, 0x000000070fa00000| Untracked 
| 126|0x000000070fc00000, 0x000000070fc00000, 0x000000070fe00000|  0%| F|  |TAMS 0x000000070fc00000, 0x000000070fc00000| Untracked 
| 127|0x000000070fe00000, 0x000000070fe00000, 0x0000000710000000|  0%| F|  |TAMS 0x000000070fe00000, 0x000000070fe00000| Untracked 
| 128|0x0000000710000000, 0x0000000710000000, 0x0000000710200000|  0%| F|  |TAMS 0x0000000710000000, 0x0000000710000000| Untracked 
| 129|0x0000000710200000, 0x0000000710200000, 0x0000000710400000|  0%| F|  |TAMS 0x0000000710200000, 0x0000000710200000| Untracked 
| 130|0x0000000710400000, 0x0000000710400000, 0x0000000710600000|  0%| F|  |TAMS 0x0000000710400000, 0x0000000710400000| Untracked 
| 131|0x0000000710600000, 0x0000000710600000, 0x0000000710800000|  0%| F|  |TAMS 0x0000000710600000, 0x0000000710600000| Untracked 
| 132|0x0000000710800000, 0x0000000710800000, 0x0000000710a00000|  0%| F|  |TAMS 0x0000000710800000, 0x0000000710800000| Untracked 
| 133|0x0000000710a00000, 0x0000000710a00000, 0x0000000710c00000|  0%| F|  |TAMS 0x0000000710a00000, 0x0000000710a00000| Untracked 
| 134|0x0000000710c00000, 0x0000000710c00000, 0x0000000710e00000|  0%| F|  |TAMS 0x0000000710c00000, 0x0000000710c00000| Untracked 
| 135|0x0000000710e00000, 0x0000000710f457d0, 0x0000000711000000| 63%| S|CS|TAMS 0x0000000710e00000, 0x0000000710e00000| Complete 
| 136|0x0000000711000000, 0x0000000711000000, 0x0000000711200000|  0%| F|  |TAMS 0x0000000711000000, 0x0000000711000000| Untracked 
| 137|0x0000000711200000, 0x0000000711200000, 0x0000000711400000|  0%| F|  |TAMS 0x0000000711200000, 0x0000000711200000| Untracked 
| 138|0x0000000711400000, 0x0000000711400000, 0x0000000711600000|  0%| F|  |TAMS 0x0000000711400000, 0x0000000711400000| Untracked 
| 139|0x0000000711600000, 0x00000007117d12a8, 0x0000000711800000| 90%| E|  |TAMS 0x0000000711600000, 0x0000000711600000| Complete 
| 140|0x0000000711800000, 0x0000000711a00000, 0x0000000711a00000|100%| E|CS|TAMS 0x0000000711800000, 0x0000000711800000| Complete 

Card table byte_map: [0x0000022535e30000,0x0000022536630000] _byte_map_base: 0x0000022532630000

Marking Bits (Prev, Next): (CMBitMap*) 0x0000022522e9c060, (CMBitMap*) 0x0000022522e9c020
 Prev Bits: [0x000002253ae30000, 0x000002253ee30000)
 Next Bits: [0x0000022536e30000, 0x000002253ae30000)

Polling page: 0x0000022522570000

Metaspace:

Usage:
  Non-class:     90.66 MB used.
      Class:     14.34 MB used.
       Both:    105.00 MB used.

Virtual space:
  Non-class space:      128.00 MB reserved,      91.19 MB ( 71%) committed,  2 nodes.
      Class space:        1.00 GB reserved,      14.75 MB (  1%) committed,  1 nodes.
             Both:        1.12 GB reserved,     105.94 MB (  9%) committed. 

Chunk freelists:
   Non-Class:  4.69 MB
       Class:  1.28 MB
        Both:  5.97 MB

MaxMetaspaceSize: 2.00 GB
CompressedClassSpaceSize: 1.00 GB
Initial GC threshold: 21.00 MB
Current GC threshold: 175.88 MB
CDS: off
MetaspaceReclaimPolicy: balanced
 - commit_granule_bytes: 65536.
 - commit_granule_words: 8192.
 - virtual_space_node_default_size: 8388608.
 - enlarge_chunks_in_place: 1.
 - new_chunks_are_fully_committed: 0.
 - uncommit_free_chunks: 1.
 - use_allocation_guard: 0.
 - handle_deallocations: 1.


Internal statistics:

num_allocs_failed_limit: 6.
num_arena_births: 1188.
num_arena_deaths: 0.
num_vsnodes_births: 3.
num_vsnodes_deaths: 0.
num_space_committed: 1695.
num_space_uncommitted: 0.
num_chunks_returned_to_freelist: 6.
num_chunks_taken_from_freelist: 5359.
num_chunk_merges: 6.
num_chunk_splits: 3493.
num_chunks_enlarged: 2294.
num_inconsistent_stats: 0.

CodeHeap 'non-profiled nmethods': size=120000Kb used=6176Kb max_used=6176Kb free=113823Kb
 bounds [0x000002252ddd0000, 0x000002252e3e0000, 0x0000022535300000]
CodeHeap 'profiled nmethods': size=120000Kb used=22089Kb max_used=22862Kb free=97910Kb
 bounds [0x0000022526300000, 0x0000022527960000, 0x000002252d830000]
CodeHeap 'non-nmethods': size=5760Kb used=2411Kb max_used=2495Kb free=3348Kb
 bounds [0x000002252d830000, 0x000002252dac0000, 0x000002252ddd0000]
 total_blobs=13152 nmethods=12201 adapters=863
 compilation: enabled
              stopped_count=0, restarted_count=0
 full_count=0

Compilation events (20 events):
Event: 73.102 Thread 0x0000022541a42840 nmethod 14064 0x000002252754b690 code [0x000002252754b840, 0x000002252754b988]
Event: 79.695 Thread 0x0000022541a42840 14065   !   3       org.gradle.internal.Cast::cast (45 bytes)
Event: 79.763 Thread 0x0000022541a42840 nmethod 14065 0x0000022526365010 code [0x0000022526365300, 0x0000022526366618]
Event: 82.431 Thread 0x0000022541a42840 14066       3       java.util.HashMap$Values::spliterator (16 bytes)
Event: 82.432 Thread 0x0000022541a42840 nmethod 14066 0x000002252754b210 code [0x000002252754b3c0, 0x000002252754b588]
Event: 82.433 Thread 0x0000022541a42840 14067       3       java.util.HashMap$ValueSpliterator::<init> (12 bytes)
Event: 82.435 Thread 0x0000022541a42840 nmethod 14067 0x0000022526bf3690 code [0x0000022526bf3840, 0x0000022526bf3a78]
Event: 83.095 Thread 0x0000022541a42840 14068       1       org.gradle.cache.internal.DefaultFileLockManager$DefaultFileLock::access$300 (5 bytes)
Event: 83.113 Thread 0x0000022541a42840 nmethod 14068 0x000002252e3d7a90 code [0x000002252e3d7c20, 0x000002252e3d7cd8]
Event: 83.123 Thread 0x0000022541a2b4d0 14069       4       java.lang.StringBuilder::append (6 bytes)
Event: 83.126 Thread 0x0000022541a42840 14070       3       org.gradle.launcher.daemon.context.DefaultDaemonContext$Serializer::read (182 bytes)
Event: 83.176 Thread 0x0000022541a2b4d0 nmethod 14069 0x000002252e3d7d90 code [0x000002252e3d7f20, 0x000002252e3d7fc8]
Event: 83.219 Thread 0x0000022541a42840 nmethod 14070 0x0000022527267190 code [0x00000225272674e0, 0x0000022527268c98]
Event: 92.927 Thread 0x0000022541a2b4d0 14071       4       org.gradle.launcher.daemon.server.exec.DaemonConnectionBackedEventConsumer$ForwardEvents::moreMessagesToSend (35 bytes)
Event: 92.962 Thread 0x0000022541a2b4d0 nmethod 14071 0x000002252e3d8090 code [0x000002252e3d8200, 0x000002252e3d82b8]
Event: 93.106 Thread 0x0000022541a42840 14072       3       java.util.Formatter$FormatSpecifier::print (62 bytes)
Event: 93.144 Thread 0x0000022541a42840 nmethod 14072 0x00000225265fab10 code [0x00000225265fad80, 0x00000225265fb7b8]
Event: 93.144 Thread 0x0000022541a42840 14073       3       java.util.Formatter$FormatSpecifier::printString (107 bytes)
Event: 93.154 Thread 0x0000022541a42840 nmethod 14073 0x0000022526375590 code [0x0000022526375860, 0x0000022526376818]
Event: 93.469 Thread 0x0000022541a2b4d0 14074       4       javax.management.ObjectName::construct (1135 bytes)

GC Heap History (20 events):
Event: 32.814 GC heap before
{Heap before GC invocations=58 (full 0):
 garbage-first heap   total 182272K, used 128095K [0x0000000700000000, 0x0000000800000000)
  region size 2048K, 14 young (28672K), 2 survivors (4096K)
 Metaspace       used 95147K, committed 95872K, reserved 1179648K
  class space    used 13062K, committed 13376K, reserved 1048576K
}
Event: 32.820 GC heap after
{Heap after GC invocations=59 (full 0):
 garbage-first heap   total 182272K, used 110658K [0x0000000700000000, 0x0000000800000000)
  region size 2048K, 2 young (4096K), 2 survivors (4096K)
 Metaspace       used 95147K, committed 95872K, reserved 1179648K
  class space    used 13062K, committed 13376K, reserved 1048576K
}
Event: 33.379 GC heap before
{Heap before GC invocations=60 (full 0):
 garbage-first heap   total 202752K, used 141378K [0x0000000700000000, 0x0000000800000000)
  region size 2048K, 15 young (30720K), 2 survivors (4096K)
 Metaspace       used 95484K, committed 96320K, reserved 1179648K
  class space    used 13093K, committed 13440K, reserved 1048576K
}
Event: 33.387 GC heap after
{Heap after GC invocations=61 (full 0):
 garbage-first heap   total 202752K, used 124733K [0x0000000700000000, 0x0000000800000000)
  region size 2048K, 2 young (4096K), 2 survivors (4096K)
 Metaspace       used 95484K, committed 96320K, reserved 1179648K
  class space    used 13093K, committed 13440K, reserved 1048576K
}
Event: 33.905 GC heap before
{Heap before GC invocations=61 (full 0):
 garbage-first heap   total 202752K, used 151357K [0x0000000700000000, 0x0000000800000000)
  region size 2048K, 16 young (32768K), 2 survivors (4096K)
 Metaspace       used 95743K, committed 96576K, reserved 1179648K
  class space    used 13118K, committed 13440K, reserved 1048576K
}
Event: 33.912 GC heap after
{Heap after GC invocations=62 (full 0):
 garbage-first heap   total 202752K, used 132865K [0x0000000700000000, 0x0000000800000000)
  region size 2048K, 2 young (4096K), 2 survivors (4096K)
 Metaspace       used 95743K, committed 96576K, reserved 1179648K
  class space    used 13118K, committed 13440K, reserved 1048576K
}
Event: 34.437 GC heap before
{Heap before GC invocations=63 (full 0):
 garbage-first heap   total 239616K, used 155393K [0x0000000700000000, 0x0000000800000000)
  region size 2048K, 13 young (26624K), 2 survivors (4096K)
 Metaspace       used 96141K, committed 97024K, reserved 1179648K
  class space    used 13174K, committed 13504K, reserved 1048576K
}
Event: 34.445 GC heap after
{Heap after GC invocations=64 (full 0):
 garbage-first heap   total 239616K, used 138020K [0x0000000700000000, 0x0000000800000000)
  region size 2048K, 2 young (4096K), 2 survivors (4096K)
 Metaspace       used 96141K, committed 97024K, reserved 1179648K
  class space    used 13174K, committed 13504K, reserved 1048576K
}
Event: 35.327 GC heap before
{Heap before GC invocations=64 (full 0):
 garbage-first heap   total 239616K, used 176932K [0x0000000700000000, 0x0000000800000000)
  region size 2048K, 21 young (43008K), 2 survivors (4096K)
 Metaspace       used 99450K, committed 100352K, reserved 1179648K
  class space    used 13708K, committed 14080K, reserved 1048576K
}
Event: 35.338 GC heap after
{Heap after GC invocations=65 (full 0):
 garbage-first heap   total 288768K, used 142305K [0x0000000700000000, 0x0000000800000000)
  region size 2048K, 2 young (4096K), 2 survivors (4096K)
 Metaspace       used 99450K, committed 100352K, reserved 1179648K
  class space    used 13708K, committed 14080K, reserved 1048576K
}
Event: 36.799 GC heap before
{Heap before GC invocations=66 (full 0):
 garbage-first heap   total 288768K, used 205793K [0x0000000700000000, 0x0000000800000000)
  region size 2048K, 33 young (67584K), 2 survivors (4096K)
 Metaspace       used 103565K, committed 104448K, reserved 1179648K
  class space    used 14224K, committed 14592K, reserved 1048576K
}
Event: 36.814 GC heap after
{Heap after GC invocations=67 (full 0):
 garbage-first heap   total 288768K, used 152674K [0x0000000700000000, 0x0000000800000000)
  region size 2048K, 5 young (10240K), 5 survivors (10240K)
 Metaspace       used 103565K, committed 104448K, reserved 1179648K
  class space    used 14224K, committed 14592K, reserved 1048576K
}
Event: 36.869 GC heap before
{Heap before GC invocations=67 (full 0):
 garbage-first heap   total 288768K, used 156770K [0x0000000700000000, 0x0000000800000000)
  region size 2048K, 7 young (14336K), 5 survivors (10240K)
 Metaspace       used 103696K, committed 104640K, reserved 1179648K
  class space    used 14242K, committed 14656K, reserved 1048576K
}
Event: 36.887 GC heap after
{Heap after GC invocations=68 (full 0):
 garbage-first heap   total 288768K, used 153920K [0x0000000700000000, 0x0000000800000000)
  region size 2048K, 1 young (2048K), 1 survivors (2048K)
 Metaspace       used 103696K, committed 104640K, reserved 1179648K
  class space    used 14242K, committed 14656K, reserved 1048576K
}
Event: 39.429 GC heap before
{Heap before GC invocations=68 (full 0):
 garbage-first heap   total 288768K, used 211264K [0x0000000700000000, 0x0000000800000000)
  region size 2048K, 30 young (61440K), 1 survivors (2048K)
 Metaspace       used 107045K, committed 108032K, reserved 1179648K
  class space    used 14612K, committed 15040K, reserved 1048576K
}
Event: 39.452 GC heap after
{Heap after GC invocations=69 (full 0):
 garbage-first heap   total 288768K, used 162266K [0x0000000700000000, 0x0000000800000000)
  region size 2048K, 4 young (8192K), 4 survivors (8192K)
 Metaspace       used 107045K, committed 108032K, reserved 1179648K
  class space    used 14612K, committed 15040K, reserved 1048576K
}
Event: 48.567 GC heap before
{Heap before GC invocations=70 (full 0):
 garbage-first heap   total 288768K, used 215514K [0x0000000700000000, 0x0000000800000000)
  region size 2048K, 31 young (63488K), 4 survivors (8192K)
 Metaspace       used 107179K, committed 108160K, reserved 1179648K
  class space    used 14626K, committed 15040K, reserved 1048576K
}
Event: 48.624 GC heap after
{Heap after GC invocations=71 (full 0):
 garbage-first heap   total 288768K, used 164575K [0x0000000700000000, 0x0000000800000000)
  region size 2048K, 2 young (4096K), 2 survivors (4096K)
 Metaspace       used 107179K, committed 108160K, reserved 1179648K
  class space    used 14626K, committed 15040K, reserved 1048576K
}
Event: 49.479 GC heap before
{Heap before GC invocations=71 (full 0):
 garbage-first heap   total 288768K, used 174815K [0x0000000700000000, 0x0000000800000000)
  region size 2048K, 7 young (14336K), 2 survivors (4096K)
 Metaspace       used 107358K, committed 108352K, reserved 1179648K
  class space    used 14662K, committed 15104K, reserved 1048576K
}
Event: 49.511 GC heap after
{Heap after GC invocations=72 (full 0):
 garbage-first heap   total 288768K, used 165030K [0x0000000700000000, 0x0000000800000000)
  region size 2048K, 1 young (2048K), 1 survivors (2048K)
 Metaspace       used 107358K, committed 108352K, reserved 1179648K
  class space    used 14662K, committed 15104K, reserved 1048576K
}

Dll operation events (2 events):
Event: 0.013 Loaded shared library C:\Program Files\Android\Android Studio1\jbr\bin\java.dll
Event: 0.480 Loaded shared library C:\Program Files\Android\Android Studio1\jbr\bin\verify.dll

Deoptimization events (20 events):
Event: 47.493 Thread 0x00000225495913b0 DEOPT PACKING pc=0x000002252dfab8b4 sp=0x000000616b5fb3d0
Event: 47.493 Thread 0x00000225495913b0 DEOPT UNPACKING pc=0x000002252d887143 sp=0x000000616b5fa768 mode 0
Event: 47.494 Thread 0x00000225495913b0 DEOPT PACKING pc=0x000002252e036f4c sp=0x000000616b5fb4d0
Event: 47.494 Thread 0x00000225495913b0 DEOPT UNPACKING pc=0x000002252d887143 sp=0x000000616b5fa958 mode 0
Event: 48.413 Thread 0x00000225495913b0 Uncommon trap: trap_request=0xffffffde fr.pc=0x000002252e36c864 relative=0x0000000000000564
Event: 48.413 Thread 0x00000225495913b0 Uncommon trap: reason=class_check action=maybe_recompile pc=0x000002252e36c864 method=org.gradle.internal.vfs.impl.DefaultSnapshotHierarchy$$Lambda$427/0x000000080052cce8.apply(Ljava/lang/Object;)Ljava/lang/Object; @ 1 c2
Event: 48.413 Thread 0x00000225495913b0 DEOPT PACKING pc=0x000002252e36c864 sp=0x000000616b5fb420
Event: 48.413 Thread 0x00000225495913b0 DEOPT UNPACKING pc=0x000002252d8869a3 sp=0x000000616b5fb2f0 mode 2
Event: 48.457 Thread 0x00000225495913b0 Uncommon trap: trap_request=0xffffff45 fr.pc=0x000002252e15e6ac relative=0x000000000000034c
Event: 48.457 Thread 0x00000225495913b0 Uncommon trap: reason=unstable_if action=reinterpret pc=0x000002252e15e6ac method=org.gradle.util.internal.DeferredUtil.unpack(Lorg/gradle/api/internal/provider/ProviderResolutionStrategy;Ljava/lang/Object;)Ljava/lang/Object; @ 1 c2
Event: 48.457 Thread 0x00000225495913b0 DEOPT PACKING pc=0x000002252e15e6ac sp=0x000000616b5fd950
Event: 48.457 Thread 0x00000225495913b0 DEOPT UNPACKING pc=0x000002252d8869a3 sp=0x000000616b5fd8e8 mode 2
Event: 48.669 Thread 0x00000225495913b0 Uncommon trap: trap_request=0xffffffde fr.pc=0x000002252e36c864 relative=0x0000000000000564
Event: 48.669 Thread 0x00000225495913b0 Uncommon trap: reason=class_check action=maybe_recompile pc=0x000002252e36c864 method=org.gradle.internal.vfs.impl.DefaultSnapshotHierarchy$$Lambda$427/0x000000080052cce8.apply(Ljava/lang/Object;)Ljava/lang/Object; @ 1 c2
Event: 48.669 Thread 0x00000225495913b0 DEOPT PACKING pc=0x000002252e36c864 sp=0x000000616b5fb120
Event: 48.669 Thread 0x00000225495913b0 DEOPT UNPACKING pc=0x000002252d8869a3 sp=0x000000616b5faff0 mode 2
Event: 48.669 Thread 0x00000225495913b0 Uncommon trap: trap_request=0xffffff45 fr.pc=0x000002252de19a18 relative=0x00000000000006f8
Event: 48.669 Thread 0x00000225495913b0 Uncommon trap: reason=unstable_if action=reinterpret pc=0x000002252de19a18 method=org.gradle.internal.snapshot.AbstractListChildMap.withReplacedChild(ILjava/lang/String;Ljava/lang/Object;)Lorg/gradle/internal/snapshot/ChildMap; @ 36 c2
Event: 48.669 Thread 0x00000225495913b0 DEOPT PACKING pc=0x000002252de19a18 sp=0x000000616b5faa60
Event: 48.669 Thread 0x00000225495913b0 DEOPT UNPACKING pc=0x000002252d8869a3 sp=0x000000616b5faa40 mode 2

Classes unloaded (0 events):
No events

Classes redefined (0 events):
No events

Internal exceptions (20 events):
Event: 49.442 Thread 0x00000225495913b0 Exception <a 'java/lang/ClassNotFoundException'{0x000000071109fe60}: org/gradle/process/internal/DefaultExecAction_DecoratedBeanInfo> (0x000000071109fe60) 
thrown [s\src\hotspot\share\classfile\systemDictionary.cpp, line 256]
Event: 49.445 Thread 0x00000225495913b0 Exception <a 'java/lang/ClassNotFoundException'{0x00000007110b2538}: org/gradle/process/internal/DefaultExecActionBeanInfo> (0x00000007110b2538) 
thrown [s\src\hotspot\share\classfile\systemDictionary.cpp, line 256]
Event: 49.447 Thread 0x00000225495913b0 Exception <a 'java/lang/ClassNotFoundException'{0x00000007110c56a0}: org/gradle/process/internal/DefaultExecHandleBuilderBeanInfo> (0x00000007110c56a0) 
thrown [s\src\hotspot\share\classfile\systemDictionary.cpp, line 256]
Event: 49.449 Thread 0x00000225495913b0 Exception <a 'java/lang/ClassNotFoundException'{0x00000007110d9280}: org/gradle/process/internal/AbstractExecHandleBuilderBeanInfo> (0x00000007110d9280) 
thrown [s\src\hotspot\share\classfile\systemDictionary.cpp, line 256]
Event: 49.450 Thread 0x00000225495913b0 Exception <a 'java/lang/ClassNotFoundException'{0x00000007110ed1b0}: org/gradle/process/internal/DefaultProcessForkOptionsBeanInfo> (0x00000007110ed1b0) 
thrown [s\src\hotspot\share\classfile\systemDictionary.cpp, line 256]
Event: 49.454 Thread 0x00000225495913b0 Exception <a 'java/lang/ClassNotFoundException'{0x00000007111014d0}: org/gradle/process/internal/DefaultProcessForkOptionsCustomizer> (0x00000007111014d0) 
thrown [s\src\hotspot\share\classfile\systemDictionary.cpp, line 256]
Event: 49.462 Thread 0x00000225495913b0 Exception <a 'java/lang/ClassNotFoundException'{0x00000007111226c8}: org/gradle/process/internal/AbstractExecHandleBuilderCustomizer> (0x00000007111226c8) 
thrown [s\src\hotspot\share\classfile\systemDictionary.cpp, line 256]
Event: 49.465 Thread 0x00000225495913b0 Exception <a 'java/lang/ClassNotFoundException'{0x0000000711147d58}: org/gradle/process/internal/DefaultExecHandleBuilderCustomizer> (0x0000000711147d58) 
thrown [s\src\hotspot\share\classfile\systemDictionary.cpp, line 256]
Event: 49.468 Thread 0x00000225495913b0 Exception <a 'java/lang/ClassNotFoundException'{0x0000000711188ae0}: org/gradle/process/internal/DefaultExecActionCustomizer> (0x0000000711188ae0) 
thrown [s\src\hotspot\share\classfile\systemDictionary.cpp, line 256]
Event: 49.470 Thread 0x00000225495913b0 Exception <a 'java/lang/ClassNotFoundException'{0x00000007111a5178}: org/gradle/process/internal/DefaultExecAction_DecoratedCustomizer> (0x00000007111a5178) 
thrown [s\src\hotspot\share\classfile\systemDictionary.cpp, line 256]
Event: 49.475 Thread 0x00000225495913b0 Exception <a 'java/lang/ClassNotFoundException'{0x00000007111ded70}: org/gradle/api/logging/LogLevelBeanInfo> (0x00000007111ded70) 
thrown [s\src\hotspot\share\classfile\systemDictionary.cpp, line 256]
Event: 49.476 Thread 0x00000225495913b0 Exception <a 'java/lang/ClassNotFoundException'{0x00000007111f06c8}: org/gradle/api/logging/LogLevelCustomizer> (0x00000007111f06c8) 
thrown [s\src\hotspot\share\classfile\systemDictionary.cpp, line 256]
Event: 49.515 Thread 0x00000225495913b0 Exception <a 'java/lang/ClassNotFoundException'{0x0000000711836c30}: org/gradle/internal/logging/services/DefaultLoggingManagerBeanInfo> (0x0000000711836c30) 
thrown [s\src\hotspot\share\classfile\systemDictionary.cpp, line 256]
Event: 49.518 Thread 0x00000225495913b0 Exception <a 'java/lang/ClassNotFoundException'{0x0000000711848d50}: org/gradle/internal/logging/services/DefaultLoggingManagerCustomizer> (0x0000000711848d50) 
thrown [s\src\hotspot\share\classfile\systemDictionary.cpp, line 256]
Event: 49.532 Thread 0x00000225495913b0 Exception <a 'java/lang/ClassNotFoundException'{0x0000000711879640}: java/lang/BooleanBeanInfo> (0x0000000711879640) 
thrown [s\src\hotspot\share\classfile\systemDictionary.cpp, line 256]
Event: 49.535 Thread 0x00000225495913b0 Exception <a 'java/lang/ClassNotFoundException'{0x000000071187fa38}: java/lang/BooleanCustomizer> (0x000000071187fa38) 
thrown [s\src\hotspot\share\classfile\systemDictionary.cpp, line 256]
Event: 49.725 Thread 0x00000225482b42c0 Exception <a 'java/lang/NoSuchMethodError'{0x0000000711926ad8}: 'void java.lang.invoke.DirectMethodHandle$Holder.invokeStatic(java.lang.Object, long)'> (0x0000000711926ad8) 
thrown [s\src\hotspot\share\interpreter\linkResolver.cpp, line 771]
Event: 49.727 Thread 0x00000225482b42c0 Exception <a 'java/lang/NoSuchMethodError'{0x000000071192be40}: 'java.lang.Object java.lang.invoke.DirectMethodHandle$Holder.newInvokeSpecial(java.lang.Object, long)'> (0x000000071192be40) 
thrown [s\src\hotspot\share\interpreter\linkResolver.cpp, line 771]
Event: 49.731 Thread 0x00000225482b42c0 Exception <a 'java/lang/NoSuchMethodError'{0x00000007119328a0}: 'java.lang.Object java.lang.invoke.DirectMethodHandle$Holder.invokeStatic(java.lang.Object, java.lang.Object, long, java.lang.Object)'> (0x00000007119328a0) 
thrown [s\src\hotspot\share\interpreter\linkResolver.cpp, line 771]
Event: 49.732 Thread 0x00000225482b42c0 Exception <a 'java/lang/NoSuchMethodError'{0x0000000711936078}: 'java.lang.Object java.lang.invoke.DirectMethodHandle$Holder.invokeStaticInit(java.lang.Object, java.lang.Object, long, java.lang.Object)'> (0x0000000711936078) 
thrown [s\src\hotspot\share\interpreter\linkResolver.cpp, line 771]

VM Operations (20 events):
Event: 48.565 Executing VM operation: G1CollectForAllocation
Event: 48.624 Executing VM operation: G1CollectForAllocation done
Event: 49.479 Executing VM operation: G1CollectForAllocation
Event: 49.511 Executing VM operation: G1CollectForAllocation done
Event: 49.738 Executing VM operation: HandshakeAllThreads
Event: 49.739 Executing VM operation: HandshakeAllThreads done
Event: 50.743 Executing VM operation: Cleanup
Event: 50.744 Executing VM operation: Cleanup done
Event: 53.773 Executing VM operation: Cleanup
Event: 53.774 Executing VM operation: Cleanup done
Event: 58.811 Executing VM operation: Cleanup
Event: 58.814 Executing VM operation: Cleanup done
Event: 59.825 Executing VM operation: Cleanup
Event: 59.825 Executing VM operation: Cleanup done
Event: 60.153 Executing VM operation: HandshakeAllThreads
Event: 60.153 Executing VM operation: HandshakeAllThreads done
Event: 71.291 Executing VM operation: Cleanup
Event: 71.293 Executing VM operation: Cleanup done
Event: 93.503 Executing VM operation: Cleanup
Event: 93.504 Executing VM operation: Cleanup done

Events (20 events):
Event: 49.531 loading class java/lang/BooleanBeanInfo done
Event: 49.532 loading class java/lang/BooleanBeanInfo
Event: 49.532 loading class java/lang/BooleanBeanInfo done
Event: 49.532 loading class java/lang/BooleanCustomizer
Event: 49.534 loading class java/lang/BooleanCustomizer done
Event: 49.535 loading class java/lang/BooleanCustomizer
Event: 49.535 loading class java/lang/BooleanCustomizer done
Event: 49.570 Thread 0x00000225482b42c0 Thread added: 0x00000225482b42c0
Event: 49.584 loading class java/lang/ProcessImpl
Event: 49.591 loading class java/lang/ProcessImpl done
Event: 49.727 loading class java/lang/ProcessHandleImpl
Event: 49.731 loading class java/lang/ProcessHandleImpl done
Event: 49.732 loading class java/lang/ProcessImpl$2
Event: 49.735 loading class java/lang/ProcessImpl$2 done
Event: 49.735 loading class java/lang/Process$PipeInputStream
Event: 49.736 loading class java/lang/Process$PipeInputStream done
Event: 49.739 loading class jdk/internal/event/ProcessStartEvent
Event: 49.743 loading class jdk/internal/event/ProcessStartEvent done
Event: 49.745 Thread 0x00000225482b51f0 Thread added: 0x00000225482b51f0
Event: 49.745 Thread 0x00000225482b3390 Thread added: 0x00000225482b3390


Dynamic libraries:
0x00007ff76fbf0000 - 0x00007ff76fbfa000 	C:\Program Files\Android\Android Studio1\jbr\bin\java.exe
0x00007ff864580000 - 0x00007ff8647e3000 	C:\WINDOWS\SYSTEM32\ntdll.dll
0x00007ff862b10000 - 0x00007ff862bd7000 	C:\WINDOWS\System32\KERNEL32.DLL
0x00007ff861f50000 - 0x00007ff862317000 	C:\WINDOWS\System32\KERNELBASE.dll
0x00007ff861920000 - 0x00007ff861a6c000 	C:\WINDOWS\System32\ucrtbase.dll
0x00007ff85c5c0000 - 0x00007ff85c5db000 	C:\Program Files\Android\Android Studio1\jbr\bin\VCRUNTIME140.dll
0x00007ff8316c0000 - 0x00007ff8316d7000 	C:\Program Files\Android\Android Studio1\jbr\bin\jli.dll
0x00007ff864190000 - 0x00007ff864359000 	C:\WINDOWS\System32\USER32.dll
0x00007ff848910000 - 0x00007ff848ba0000 	C:\WINDOWS\WinSxS\amd64_microsoft.windows.common-controls_6595b64144ccf1df_6.0.26100.3037_none_3e09262ce333c378\COMCTL32.dll
0x00007ff861df0000 - 0x00007ff861e17000 	C:\WINDOWS\System32\win32u.dll
0x00007ff8640e0000 - 0x00007ff864189000 	C:\WINDOWS\System32\msvcrt.dll
0x00007ff863eb0000 - 0x00007ff863eda000 	C:\WINDOWS\System32\GDI32.dll
0x00007ff861e20000 - 0x00007ff861f4b000 	C:\WINDOWS\System32\gdi32full.dll
0x00007ff861d40000 - 0x00007ff861de3000 	C:\WINDOWS\System32\msvcp_win.dll
0x00007ff8629e0000 - 0x00007ff862a0f000 	C:\WINDOWS\System32\IMM32.DLL
0x00007ff85c5b0000 - 0x00007ff85c5bc000 	C:\Program Files\Android\Android Studio1\jbr\bin\vcruntime140_1.dll
0x00007ff8471b0000 - 0x00007ff84723d000 	C:\Program Files\Android\Android Studio1\jbr\bin\msvcp140.dll
0x00007fffdc200000 - 0x00007fffdce83000 	C:\Program Files\Android\Android Studio1\jbr\bin\server\jvm.dll
0x00007ff863aa0000 - 0x00007ff863b54000 	C:\WINDOWS\System32\ADVAPI32.dll
0x00007ff862d60000 - 0x00007ff862e06000 	C:\WINDOWS\System32\sechost.dll
0x00007ff863b60000 - 0x00007ff863c76000 	C:\WINDOWS\System32\RPCRT4.dll
0x00007ff819910000 - 0x00007ff81991a000 	C:\WINDOWS\SYSTEM32\WSOCK32.dll
0x00007ff8605e0000 - 0x00007ff86062e000 	C:\WINDOWS\SYSTEM32\POWRPROF.dll
0x00007ff84c930000 - 0x00007ff84c966000 	C:\WINDOWS\SYSTEM32\WINMM.dll
0x00007ff864360000 - 0x00007ff8643d4000 	C:\WINDOWS\System32\WS2_32.dll
0x00007ff85bf80000 - 0x00007ff85bf8b000 	C:\WINDOWS\SYSTEM32\VERSION.dll
0x00007ff8605c0000 - 0x00007ff8605d4000 	C:\WINDOWS\SYSTEM32\UMPDC.dll
0x00007ff860860000 - 0x00007ff86087a000 	C:\WINDOWS\SYSTEM32\kernel.appcore.dll
0x00007ff818aa0000 - 0x00007ff818aaa000 	C:\Program Files\Android\Android Studio1\jbr\bin\jimage.dll
0x00007ff85ec30000 - 0x00007ff85ee71000 	C:\WINDOWS\SYSTEM32\DBGHELP.DLL
0x00007ff8623d0000 - 0x00007ff86274e000 	C:\WINDOWS\System32\combase.dll
0x00007ff863ee0000 - 0x00007ff863fb6000 	C:\WINDOWS\System32\OLEAUT32.dll
0x00007ff829970000 - 0x00007ff8299a9000 	C:\WINDOWS\SYSTEM32\dbgcore.DLL
0x00007ff862320000 - 0x00007ff8623b9000 	C:\WINDOWS\System32\bcryptPrimitives.dll
0x00007fffde5d0000 - 0x00007fffde5f5000 	C:\Program Files\Android\Android Studio1\jbr\bin\java.dll
0x00007fffde5b0000 - 0x00007fffde5c8000 	C:\Program Files\Android\Android Studio1\jbr\bin\zip.dll
0x00007ff862e10000 - 0x00007ff863514000 	C:\WINDOWS\System32\SHELL32.dll
0x00007ff85f660000 - 0x00007ff85fe97000 	C:\WINDOWS\SYSTEM32\windows.storage.dll
0x00007ff8639b0000 - 0x00007ff863a99000 	C:\WINDOWS\System32\SHCORE.dll
0x00007ff864050000 - 0x00007ff8640ad000 	C:\WINDOWS\System32\shlwapi.dll
0x00007ff861830000 - 0x00007ff86185e000 	C:\WINDOWS\SYSTEM32\profapi.dll
0x00007fffde590000 - 0x00007fffde5a9000 	C:\Program Files\Android\Android Studio1\jbr\bin\net.dll
0x00007ff85dc50000 - 0x00007ff85dd6e000 	C:\WINDOWS\SYSTEM32\WINHTTP.dll
0x00007ff860d70000 - 0x00007ff860dd8000 	C:\WINDOWS\system32\mswsock.dll
0x00007fffde570000 - 0x00007fffde586000 	C:\Program Files\Android\Android Studio1\jbr\bin\nio.dll
0x00007ff83c250000 - 0x00007ff83c260000 	C:\Program Files\Android\Android Studio1\jbr\bin\verify.dll
0x00007ff85c900000 - 0x00007ff85c927000 	C:\Users\mohse\.gradle\native\c067742578af261105cb4f569cf0c3c89f3d7b1fecec35dd04571415982c5e48\windows-amd64\native-platform.dll
0x00007ff828560000 - 0x00007ff8286a4000 	C:\Users\mohse\.gradle\native\38dada09dfb8b06ba9b0570ebf7e218e3eb74d4ef43ca46872605cf95ebc2f47\windows-amd64\native-platform-file-events.dll
0x00007ff849cf0000 - 0x00007ff849cf9000 	C:\Program Files\Android\Android Studio1\jbr\bin\management.dll
0x00007ff83c260000 - 0x00007ff83c26b000 	C:\Program Files\Android\Android Studio1\jbr\bin\management_ext.dll
0x00007ff8623c0000 - 0x00007ff8623c8000 	C:\WINDOWS\System32\PSAPI.DLL
0x00007ff861010000 - 0x00007ff86102c000 	C:\WINDOWS\SYSTEM32\CRYPTSP.dll
0x00007ff8607c0000 - 0x00007ff8607f8000 	C:\WINDOWS\system32\rsaenh.dll
0x00007ff860e10000 - 0x00007ff860e3b000 	C:\WINDOWS\SYSTEM32\USERENV.dll
0x00007ff861250000 - 0x00007ff861276000 	C:\WINDOWS\SYSTEM32\bcrypt.dll
0x00007ff861030000 - 0x00007ff86103c000 	C:\WINDOWS\SYSTEM32\CRYPTBASE.dll
0x00007ff860220000 - 0x00007ff860252000 	C:\WINDOWS\SYSTEM32\IPHLPAPI.DLL
0x00007ff863e30000 - 0x00007ff863e3a000 	C:\WINDOWS\System32\NSI.dll
0x00007ff85de90000 - 0x00007ff85deaf000 	C:\WINDOWS\SYSTEM32\dhcpcsvc6.DLL
0x00007ff85ddf0000 - 0x00007ff85de15000 	C:\WINDOWS\SYSTEM32\dhcpcsvc.DLL
0x00007ff8602b0000 - 0x00007ff8603d5000 	C:\WINDOWS\SYSTEM32\DNSAPI.dll
0x00007ff846a00000 - 0x00007ff846a09000 	C:\Program Files\Android\Android Studio1\jbr\bin\extnet.dll
0x00007ff85c550000 - 0x00007ff85c558000 	C:\WINDOWS\system32\wshunix.dll

dbghelp: loaded successfully - version: 4.0.5 - missing functions: none
symbol engine: initialized successfully - sym options: 0x614 - pdb path: .;C:\Program Files\Android\Android Studio1\jbr\bin;C:\WINDOWS\SYSTEM32;C:\WINDOWS\WinSxS\amd64_microsoft.windows.common-controls_6595b64144ccf1df_6.0.26100.3037_none_3e09262ce333c378;C:\Program Files\Android\Android Studio1\jbr\bin\server;C:\Users\mohse\.gradle\native\c067742578af261105cb4f569cf0c3c89f3d7b1fecec35dd04571415982c5e48\windows-amd64;C:\Users\mohse\.gradle\native\38dada09dfb8b06ba9b0570ebf7e218e3eb74d4ef43ca46872605cf95ebc2f47\windows-amd64

VM Arguments:
jvm_args: -XX:MaxMetaspaceSize=2G -XX:+HeapDumpOnOutOfMemoryError --add-opens=java.base/java.util=ALL-UNNAMED --add-opens=java.base/java.lang=ALL-UNNAMED --add-opens=java.base/java.lang.invoke=ALL-UNNAMED --add-opens=java.prefs/java.util.prefs=ALL-UNNAMED --add-opens=java.base/java.nio.charset=ALL-UNNAMED --add-opens=java.base/java.net=ALL-UNNAMED --add-opens=java.base/java.util.concurrent.atomic=ALL-UNNAMED -Xmx4G -Dfile.encoding=windows-1252 -Duser.country=GB -Duser.language=en -Duser.variant 
java_command: org.gradle.launcher.daemon.bootstrap.GradleDaemon 7.6.3
java_class_path (initial): C:\Users\mohse\.gradle\wrapper\dists\gradle-7.6.3-all\aocdy2d2z8kodnny3rsumj8i8\gradle-7.6.3\lib\gradle-launcher-7.6.3.jar
Launcher Type: SUN_STANDARD

[Global flags]
     intx CICompilerCount                          = 4                                         {product} {ergonomic}
     uint ConcGCThreads                            = 2                                         {product} {ergonomic}
     uint G1ConcRefinementThreads                  = 8                                         {product} {ergonomic}
   size_t G1HeapRegionSize                         = 2097152                                   {product} {ergonomic}
    uintx GCDrainStackTargetSize                   = 64                                        {product} {ergonomic}
     bool HeapDumpOnOutOfMemoryError               = true                                   {manageable} {command line}
   size_t InitialHeapSize                          = 65011712                                  {product} {ergonomic}
   size_t MarkStackSize                            = 4194304                                   {product} {ergonomic}
   size_t MaxHeapSize                              = 4294967296                                {product} {command line}
   size_t MaxMetaspaceSize                         = 2147483648                                {product} {command line}
   size_t MaxNewSize                               = 2575302656                                {product} {ergonomic}
   size_t MinHeapDeltaBytes                        = 2097152                                   {product} {ergonomic}
   size_t MinHeapSize                              = 8388608                                   {product} {ergonomic}
    uintx NonNMethodCodeHeapSize                   = 5839372                                {pd product} {ergonomic}
    uintx NonProfiledCodeHeapSize                  = 122909434                              {pd product} {ergonomic}
    uintx ProfiledCodeHeapSize                     = 122909434                              {pd product} {ergonomic}
    uintx ReservedCodeCacheSize                    = 251658240                              {pd product} {ergonomic}
     bool SegmentedCodeCache                       = true                                      {product} {ergonomic}
   size_t SoftMaxHeapSize                          = 4294967296                             {manageable} {ergonomic}
     bool UseCompressedClassPointers               = true                           {product lp64_product} {ergonomic}
     bool UseCompressedOops                        = true                           {product lp64_product} {ergonomic}
     bool UseG1GC                                  = true                                      {product} {ergonomic}
     bool UseLargePagesIndividualAllocation        = false                                  {pd product} {ergonomic}

Logging:
Log output configuration:
 #0: stdout all=warning uptime,level,tags
 #1: stderr all=off uptime,level,tags

Environment Variables:
JAVA_HOME=C:\Program Files\Android\Android Studio1\jbr
CLASSPATH=D:\flutter tasks\Gp\android\\gradle\wrapper\gradle-wrapper.jar
PATH=C:\Program Files\Android\Android Studio1\jbr\bin;C:\Program Files (x86)\VMware\VMware Player\bin\;C:\Oracle\Middleware\Oracle_FRHome1\bin;C:\oraclexe\app\oracle\product\11.2.0\server\bin;C:\Program Files\Common Files\Oracle\Java\javapath;C:\Program Files (x86)\Common Files\Oracle\Java\javapath;C:\WINDOWS\system32;C:\WINDOWS;C:\WINDOWS\System32\Wbem;C:\WINDOWS\System32\WindowsPowerShell\v1.0\;C:\WINDOWS\System32\OpenSSH\;C:\Program Files\Microsoft SQL Server\150\Tools\Binn\;C:\Program Files\Microsoft SQL Server\Client SDK\ODBC\170\Tools\Binn\;C:\Oracle\Middleware\Oracle_FRHome1\opmn\bin;C:\Oracle\Middleware\Oracle_FRHome1\opmn\lib;C:\Oracle\Middleware\Oracle_FRHome1\perl\bin;C:\Program Files\dotnet\;D:\Git\cmd;C:\Program Files\Git\cmd;C:\Program Files\nodejs\;C:\Users\mohse\AppData\Local\Microsoft\WindowsApps;C:\Users\mohse\.dotnet\tools;D:\flutter\bin;C:\Users\mohse\AppData\Local\Programs\Microsoft VS Code\bin;C:\Users\mohse\AppData\Roaming\npm;C:\Users\mohse\AppData\Local\Pub\Cache\bin;C:\Users\mohse\AppData\Local\Programs\Python\Python311\Scripts;C:\Users\mohse\AppData\Local\Programs\Python\Python311;C:\Users\mohse\AppData\Local\GitHubDesktop\bin;;D:\flutter\bin\mingit\cmd
USERNAME=nada
LD_LIBRARY_PATH=C:\Oracle\Middleware\Oracle_FRHome1\lib
OS=Windows_NT
PROCESSOR_IDENTIFIER=Intel64 Family 6 Model 165 Stepping 2, GenuineIntel
TMP=C:\Users\mohse\AppData\Local\Temp
TEMP=C:\Users\mohse\AppData\Local\Temp



Periodic native trim disabled

JNI global refs:
JNI global refs: 25, weak refs: 0

JNI global refs memory usage: 843, weak refs: 209

Process memory usage:
Resident Set Size: 36148K (0% of 3983040K total physical memory with 108416K free physical memory)

OOME stack traces (most recent first):
Classloader memory used:
Loader org.gradle.internal.classloader.VisitableURLClassLoader                         : 5047K
Loader org.gradle.internal.classloader.VisitableURLClassLoader                         : 3658K
Loader bootstrap                                                                       : 3078K
Loader org.gradle.initialization.MixInLegacyTypesClassLoader                           : 1368K
Loader jdk.internal.reflect.DelegatingClassLoader                                      : 92187B
Loader org.gradle.groovy.scripts.internal.DefaultScriptCompilationHandler$ScriptClassLoader: 76683B
Loader jdk.internal.loader.ClassLoaders$PlatformClassLoader                            : 66608B
Loader org.codehaus.groovy.runtime.callsite.CallSiteClassLoader                        : 32186B
Loader jdk.internal.loader.ClassLoaders$AppClassLoader                                 : 26016B
Loader sun.reflect.misc.MethodUtil                                                     : 373B


[error occurred during error reporting (Classloader stats), id 0xe0000001, Out of Memory Error (s\src\hotspot\share\memory\arena.cpp:79)]


---------------  S Y S T E M  ---------------

OS:
 Windows 11 , 64 bit Build 26100 (10.0.26100.3037)
OS uptime: 0 days 3:34 hours

CPU: total 8 (initial active 8) (4 cores per cpu, 2 threads per core) family 6 model 165 stepping 2 microcode 0xfc, cx8, cmov, fxsr, ht, mmx, 3dnowpref, sse, sse2, sse3, ssse3, sse4.1, sse4.2, popcnt, lzcnt, tsc, tscinvbit, avx, avx2, aes, erms, clmul, bmi1, bmi2, adx, fma, vzeroupper, clflush, clflushopt
Processor Information for all 8 processors :
  Max Mhz: 2496, Current Mhz: 2496, Mhz Limit: 2496

Memory: 4k page, system-wide physical 3889M (151M free)
TotalPageFile size 15665M (AvailPageFile size 1M)
current process WorkingSet (physical memory assigned to process): 61M, peak: 365M
current process commit charge ("private bytes"): 596M, peak: 612M

vm_info: OpenJDK 64-Bit Server VM (17.0.11+0--11852314) for windows-amd64 JRE (17.0.11+0--11852314), built on May 16 2024 21:29:20 by "androidbuild" with MS VC++ 16.10 / 16.11 (VS2019)

END.
