#
# There is insufficient memory for the Java Runtime Environment to continue.
# Native memory allocation (malloc) failed to allocate 1826736 bytes. Error detail: Chunk::new
# Possible reasons:
#   The system is out of physical RAM or swap space
#   This process is running with CompressedOops enabled, and the Java Heap may be blocking the growth of the native heap
# Possible solutions:
#   Reduce memory load on the system
#   Increase physical memory or swap space
#   Check if swap backing store is full
#   Decrease Java heap size (-Xmx/-Xms)
#   Decrease number of Java threads
#   Decrease Java thread stack sizes (-Xss)
#   Set larger code cache with -XX:ReservedCodeCacheSize=
#   JVM is running with Unscaled Compressed Oops mode in which the Java heap is
#     placed in the first 4GB address space. The Java Heap base address is the
#     maximum limit for the native heap growth. Please use -XX:HeapBaseMinAddress
#     to set the Java Heap base and to place the Java Heap above 4GB virtual address.
# This output file may be truncated or incomplete.
#
#  Out of Memory Error (arena.cpp:191), pid=6956, tid=11208
#
# JRE version: OpenJDK Runtime Environment (17.0.11) (build 17.0.11+0--11852314)
# Java VM: OpenJDK 64-Bit Server VM (17.0.11+0--11852314, mixed mode, tiered, compressed oops, compressed class ptrs, g1 gc, windows-amd64)
# No core dump will be written. Minidumps are not enabled by default on client versions of Windows
#

---------------  S U M M A R Y ------------

Command Line: org.jetbrains.kotlin.cli.jvm.K2JVMCompiler @D:\flutter tasks\Gp\build\mobile_scanner\20250418_14329999456326273349.compiler.options

Host: Intel(R) Core(TM) i5-10300H CPU @ 2.50GHz, 8 cores, 3G,  Windows 11 , 64 bit Build 26100 (10.0.26100.3775)
Time: Fri Apr 18 22:44:47 2025 Egypt Standard Time elapsed time: 15.228318 seconds (0d 0h 0m 15s)

---------------  T H R E A D  ---------------

Current thread (0x000001a40aa26820):  JavaThread "C2 CompilerThread1" daemon [_thread_in_native, id=11208, stack(0x0000003628800000,0x0000003628900000)]


Current CompileTask:
C2:  15228 5944       4       org.jetbrains.kotlin.parsing.KotlinExpressionParsing::parseBinaryExpression (70 bytes)

Stack: [0x0000003628800000,0x0000003628900000]
Native frames: (J=compiled Java code, j=interpreted, Vv=VM code, C=native code)
V  [jvm.dll+0x687bb9]
V  [jvm.dll+0x84142a]
V  [jvm.dll+0x8430ae]
V  [jvm.dll+0x843713]
V  [jvm.dll+0x24a35f]
V  [jvm.dll+0xac544]
V  [jvm.dll+0xacb8c]
V  [jvm.dll+0x369be2]
V  [jvm.dll+0x33416a]
V  [jvm.dll+0x33360a]
V  [jvm.dll+0x21bed1]
V  [jvm.dll+0x21b311]
V  [jvm.dll+0x1a63ed]
V  [jvm.dll+0x22b1ee]
V  [jvm.dll+0x229375]
V  [jvm.dll+0x7f5647]
V  [jvm.dll+0x7efa4a]
V  [jvm.dll+0x686a35]
C  [ucrtbase.dll+0x37b0]
C  [KERNEL32.DLL+0x2e8d7]
C  [ntdll.dll+0xb14fc]


---------------  P R O C E S S  ---------------

Threads class SMR info:
_java_thread_list=0x000001a40bdc36d0, length=13, elements={
0x000001a46d91b1e0, 0x000001a4057cba70, 0x000001a4057d0d60, 0x000001a40582fd70,
0x000001a405832750, 0x000001a405a8f790, 0x000001a405a91370, 0x000001a405aa1ed0,
0x000001a405ac2f90, 0x000001a405ac5050, 0x000001a405c38150, 0x000001a405c488f0,
0x000001a40aa26820
}

Java Threads: ( => current thread )
  0x000001a46d91b1e0 JavaThread "main" [_thread_in_native, id=16096, stack(0x0000003626d00000,0x0000003626e00000)]
  0x000001a4057cba70 JavaThread "Reference Handler" daemon [_thread_blocked, id=5008, stack(0x0000003627400000,0x0000003627500000)]
  0x000001a4057d0d60 JavaThread "Finalizer" daemon [_thread_blocked, id=8692, stack(0x0000003627500000,0x0000003627600000)]
  0x000001a40582fd70 JavaThread "Signal Dispatcher" daemon [_thread_blocked, id=16392, stack(0x0000003627600000,0x0000003627700000)]
  0x000001a405832750 JavaThread "Attach Listener" daemon [_thread_blocked, id=15688, stack(0x0000003627700000,0x0000003627800000)]
  0x000001a405a8f790 JavaThread "Service Thread" daemon [_thread_blocked, id=11600, stack(0x0000003627800000,0x0000003627900000)]
  0x000001a405a91370 JavaThread "Monitor Deflation Thread" daemon [_thread_blocked, id=11540, stack(0x0000003627900000,0x0000003627a00000)]
  0x000001a405aa1ed0 JavaThread "C2 CompilerThread0" daemon [_thread_in_native, id=4540, stack(0x0000003627a00000,0x0000003627b00000)]
  0x000001a405ac2f90 JavaThread "C1 CompilerThread0" daemon [_thread_blocked, id=12708, stack(0x0000003627b00000,0x0000003627c00000)]
  0x000001a405ac5050 JavaThread "Sweeper thread" daemon [_thread_blocked, id=920, stack(0x0000003627c00000,0x0000003627d00000)]
  0x000001a405c38150 JavaThread "Notification Thread" daemon [_thread_blocked, id=3672, stack(0x0000003627d00000,0x0000003627e00000)]
  0x000001a405c488f0 JavaThread "Common-Cleaner" daemon [_thread_blocked, id=1640, stack(0x0000003627f00000,0x0000003628000000)]
=>0x000001a40aa26820 JavaThread "C2 CompilerThread1" daemon [_thread_in_native, id=11208, stack(0x0000003628800000,0x0000003628900000)]

Other Threads:
  0x000001a4057c8bb0 VMThread "VM Thread" [stack: 0x0000003627300000,0x0000003627400000] [id=13744]
  0x000001a405c38630 WatcherThread [stack: 0x0000003627e00000,0x0000003627f00000] [id=17196]
  0x000001a46d957650 GCTaskThread "GC Thread#0" [stack: 0x0000003626e00000,0x0000003626f00000] [id=5340]
  0x000001a40a31c3b0 GCTaskThread "GC Thread#1" [stack: 0x0000003628000000,0x0000003628100000] [id=7152]
  0x000001a40a34c440 GCTaskThread "GC Thread#2" [stack: 0x0000003628100000,0x0000003628200000] [id=15944]
  0x000001a40a330fe0 GCTaskThread "GC Thread#3" [stack: 0x0000003628200000,0x0000003628300000] [id=2976]
  0x000001a40a3312a0 GCTaskThread "GC Thread#4" [stack: 0x0000003628300000,0x0000003628400000] [id=12668]
  0x000001a40a331560 GCTaskThread "GC Thread#5" [stack: 0x0000003628400000,0x0000003628500000] [id=12592]
  0x000001a40a7e7060 GCTaskThread "GC Thread#6" [stack: 0x0000003628500000,0x0000003628600000] [id=11552]
  0x000001a40a7e7320 GCTaskThread "GC Thread#7" [stack: 0x0000003628600000,0x0000003628700000] [id=2388]
  0x000001a46d962c40 ConcurrentGCThread "G1 Main Marker" [stack: 0x0000003626f00000,0x0000003627000000] [id=15324]
  0x000001a46d963660 ConcurrentGCThread "G1 Conc#0" [stack: 0x0000003627000000,0x0000003627100000] [id=11048]
  0x000001a40a407e40 ConcurrentGCThread "G1 Conc#1" [stack: 0x0000003628700000,0x0000003628800000] [id=6596]
  0x000001a46d9b3bb0 ConcurrentGCThread "G1 Refine#0" [stack: 0x0000003627100000,0x0000003627200000] [id=14596]
  0x000001a46d9b55f0 ConcurrentGCThread "G1 Service" [stack: 0x0000003627200000,0x0000003627300000] [id=5876]

Threads with active compile tasks:
C2 CompilerThread0    15739 5919       4       org.jetbrains.org.objectweb.asm.ClassReader::readMethod (1061 bytes)
C1 CompilerThread0    15739 6106       3       org.jetbrains.kotlin.load.java.typeEnhancement.AbstractSignatureParts::toIndexed (43 bytes)
C2 CompilerThread1    15739 5944       4       org.jetbrains.kotlin.parsing.KotlinExpressionParsing::parseBinaryExpression (70 bytes)

VM state: not at safepoint (normal execution)

VM Mutex/Monitor currently owned by a thread: None

Heap address: 0x00000000c3200000, size: 974 MB, Compressed Oops mode: 32-bit

CDS archive(s) not mapped
Compressed class space mapped at: 0x0000000100000000-0x0000000140000000, reserved size: 1073741824
Narrow klass base: 0x0000000000000000, Narrow klass shift: 3, Narrow klass range: 0x140000000

GC Precious Log:
 CPUs: 8 total, 8 available
 Memory: 3889M
 Large Page Support: Disabled
 NUMA Support: Disabled
 Compressed Oops: Enabled (32-bit)
 Heap Region Size: 1M
 Heap Min Capacity: 8M
 Heap Initial Capacity: 62M
 Heap Max Capacity: 974M
 Pre-touch: Disabled
 Parallel Workers: 8
 Concurrent Workers: 2
 Concurrent Refinement Workers: 8
 Periodic GC: Disabled

Heap:
 garbage-first heap   total 73728K, used 39235K [0x00000000c3200000, 0x0000000100000000)
  region size 1024K, 6 young (6144K), 2 survivors (2048K)
 Metaspace       used 51804K, committed 52096K, reserved 1114112K
  class space    used 6092K, committed 6208K, reserved 1048576K

Heap Regions: E=young(eden), S=young(survivor), O=old, HS=humongous(starts), HC=humongous(continues), CS=collection set, F=free, OA=open archive, CA=closed archive, TAMS=top-at-mark-start (previous, next)
|   0|0x00000000c3200000, 0x00000000c3300000, 0x00000000c3300000|100%|HS|  |TAMS 0x00000000c3300000, 0x00000000c3200000| Complete 
|   1|0x00000000c3300000, 0x00000000c3400000, 0x00000000c3400000|100%|HC|  |TAMS 0x00000000c3400000, 0x00000000c3300000| Complete 
|   2|0x00000000c3400000, 0x00000000c3500000, 0x00000000c3500000|100%|HC|  |TAMS 0x00000000c3500000, 0x00000000c3400000| Complete 
|   3|0x00000000c3500000, 0x00000000c3600000, 0x00000000c3600000|100%|HC|  |TAMS 0x00000000c3600000, 0x00000000c3500000| Complete 
|   4|0x00000000c3600000, 0x00000000c3700000, 0x00000000c3700000|100%| O|  |TAMS 0x00000000c3700000, 0x00000000c3600000| Untracked 
|   5|0x00000000c3700000, 0x00000000c3800000, 0x00000000c3800000|100%| O|  |TAMS 0x00000000c3800000, 0x00000000c3700000| Untracked 
|   6|0x00000000c3800000, 0x00000000c3900000, 0x00000000c3900000|100%| O|  |TAMS 0x00000000c3900000, 0x00000000c3800000| Untracked 
|   7|0x00000000c3900000, 0x00000000c3a00000, 0x00000000c3a00000|100%| O|  |TAMS 0x00000000c3a00000, 0x00000000c3900000| Untracked 
|   8|0x00000000c3a00000, 0x00000000c3b00000, 0x00000000c3b00000|100%| O|  |TAMS 0x00000000c3b00000, 0x00000000c3a00000| Untracked 
|   9|0x00000000c3b00000, 0x00000000c3c00000, 0x00000000c3c00000|100%| O|  |TAMS 0x00000000c3c00000, 0x00000000c3b00000| Untracked 
|  10|0x00000000c3c00000, 0x00000000c3ca0400, 0x00000000c3d00000| 62%| O|  |TAMS 0x00000000c3ca0400, 0x00000000c3c00000| Untracked 
|  11|0x00000000c3d00000, 0x00000000c3e00000, 0x00000000c3e00000|100%| O|  |TAMS 0x00000000c3e00000, 0x00000000c3d00000| Untracked 
|  12|0x00000000c3e00000, 0x00000000c3f00000, 0x00000000c3f00000|100%| O|  |TAMS 0x00000000c3f00000, 0x00000000c3e00000| Untracked 
|  13|0x00000000c3f00000, 0x00000000c4000000, 0x00000000c4000000|100%| O|  |TAMS 0x00000000c4000000, 0x00000000c3f00000| Untracked 
|  14|0x00000000c4000000, 0x00000000c4100000, 0x00000000c4100000|100%| O|  |TAMS 0x00000000c4100000, 0x00000000c4000000| Untracked 
|  15|0x00000000c4100000, 0x00000000c4200000, 0x00000000c4200000|100%| O|  |TAMS 0x00000000c4200000, 0x00000000c4100000| Untracked 
|  16|0x00000000c4200000, 0x00000000c4300000, 0x00000000c4300000|100%| O|  |TAMS 0x00000000c4300000, 0x00000000c4200000| Untracked 
|  17|0x00000000c4300000, 0x00000000c4400000, 0x00000000c4400000|100%|HS|  |TAMS 0x00000000c4400000, 0x00000000c4300000| Complete 
|  18|0x00000000c4400000, 0x00000000c4500000, 0x00000000c4500000|100%|HC|  |TAMS 0x00000000c4500000, 0x00000000c4400000| Complete 
|  19|0x00000000c4500000, 0x00000000c4600000, 0x00000000c4600000|100%| O|  |TAMS 0x00000000c4600000, 0x00000000c4500000| Untracked 
|  20|0x00000000c4600000, 0x00000000c4700000, 0x00000000c4700000|100%| O|  |TAMS 0x00000000c4700000, 0x00000000c4600000| Untracked 
|  21|0x00000000c4700000, 0x00000000c4800000, 0x00000000c4800000|100%| O|  |TAMS 0x00000000c4800000, 0x00000000c4700000| Untracked 
|  22|0x00000000c4800000, 0x00000000c4900000, 0x00000000c4900000|100%| O|  |TAMS 0x00000000c4900000, 0x00000000c4800000| Untracked 
|  23|0x00000000c4900000, 0x00000000c4a00000, 0x00000000c4a00000|100%| O|  |TAMS 0x00000000c4a00000, 0x00000000c4900000| Untracked 
|  24|0x00000000c4a00000, 0x00000000c4b00000, 0x00000000c4b00000|100%| O|  |TAMS 0x00000000c4b00000, 0x00000000c4a00000| Untracked 
|  25|0x00000000c4b00000, 0x00000000c4c00000, 0x00000000c4c00000|100%| O|  |TAMS 0x00000000c4c00000, 0x00000000c4b00000| Untracked 
|  26|0x00000000c4c00000, 0x00000000c4d00000, 0x00000000c4d00000|100%| O|  |TAMS 0x00000000c4d00000, 0x00000000c4c00000| Untracked 
|  27|0x00000000c4d00000, 0x00000000c4e00000, 0x00000000c4e00000|100%| O|  |TAMS 0x00000000c4e00000, 0x00000000c4d00000| Untracked 
|  28|0x00000000c4e00000, 0x00000000c4f00000, 0x00000000c4f00000|100%| O|  |TAMS 0x00000000c4e7c200, 0x00000000c4e00000| Untracked 
|  29|0x00000000c4f00000, 0x00000000c5000000, 0x00000000c5000000|100%| O|  |TAMS 0x00000000c4f00000, 0x00000000c4f00000| Untracked 
|  30|0x00000000c5000000, 0x00000000c5100000, 0x00000000c5100000|100%| O|  |TAMS 0x00000000c5000000, 0x00000000c5000000| Untracked 
|  31|0x00000000c5100000, 0x00000000c5100000, 0x00000000c5200000|  0%| F|  |TAMS 0x00000000c5100000, 0x00000000c5100000| Untracked 
|  32|0x00000000c5200000, 0x00000000c5300000, 0x00000000c5300000|100%| O|  |TAMS 0x00000000c5200000, 0x00000000c5200000| Untracked 
|  33|0x00000000c5300000, 0x00000000c53c4400, 0x00000000c5400000| 76%| O|  |TAMS 0x00000000c5300000, 0x00000000c5300000| Untracked 
|  34|0x00000000c5400000, 0x00000000c5400000, 0x00000000c5500000|  0%| F|  |TAMS 0x00000000c5400000, 0x00000000c5400000| Untracked 
|  35|0x00000000c5500000, 0x00000000c5500000, 0x00000000c5600000|  0%| F|  |TAMS 0x00000000c5500000, 0x00000000c5500000| Untracked 
|  36|0x00000000c5600000, 0x00000000c5600000, 0x00000000c5700000|  0%| F|  |TAMS 0x00000000c5600000, 0x00000000c5600000| Untracked 
|  37|0x00000000c5700000, 0x00000000c5700000, 0x00000000c5800000|  0%| F|  |TAMS 0x00000000c5700000, 0x00000000c5700000| Untracked 
|  38|0x00000000c5800000, 0x00000000c5800000, 0x00000000c5900000|  0%| F|  |TAMS 0x00000000c5800000, 0x00000000c5800000| Untracked 
|  39|0x00000000c5900000, 0x00000000c5900000, 0x00000000c5a00000|  0%| F|  |TAMS 0x00000000c5900000, 0x00000000c5900000| Untracked 
|  40|0x00000000c5a00000, 0x00000000c5a00000, 0x00000000c5b00000|  0%| F|  |TAMS 0x00000000c5a00000, 0x00000000c5a00000| Untracked 
|  41|0x00000000c5b00000, 0x00000000c5b00000, 0x00000000c5c00000|  0%| F|  |TAMS 0x00000000c5b00000, 0x00000000c5b00000| Untracked 
|  42|0x00000000c5c00000, 0x00000000c5c00000, 0x00000000c5d00000|  0%| F|  |TAMS 0x00000000c5c00000, 0x00000000c5c00000| Untracked 
|  43|0x00000000c5d00000, 0x00000000c5d00000, 0x00000000c5e00000|  0%| F|  |TAMS 0x00000000c5d00000, 0x00000000c5d00000| Untracked 
|  44|0x00000000c5e00000, 0x00000000c5e00000, 0x00000000c5f00000|  0%| F|  |TAMS 0x00000000c5e00000, 0x00000000c5e00000| Untracked 
|  45|0x00000000c5f00000, 0x00000000c5f00000, 0x00000000c6000000|  0%| F|  |TAMS 0x00000000c5f00000, 0x00000000c5f00000| Untracked 
|  46|0x00000000c6000000, 0x00000000c6000000, 0x00000000c6100000|  0%| F|  |TAMS 0x00000000c6000000, 0x00000000c6000000| Untracked 
|  47|0x00000000c6100000, 0x00000000c6100000, 0x00000000c6200000|  0%| F|  |TAMS 0x00000000c6100000, 0x00000000c6100000| Untracked 
|  48|0x00000000c6200000, 0x00000000c6200000, 0x00000000c6300000|  0%| F|  |TAMS 0x00000000c6200000, 0x00000000c6200000| Untracked 
|  49|0x00000000c6300000, 0x00000000c6300000, 0x00000000c6400000|  0%| F|  |TAMS 0x00000000c6300000, 0x00000000c6300000| Untracked 
|  50|0x00000000c6400000, 0x00000000c6400000, 0x00000000c6500000|  0%| F|  |TAMS 0x00000000c6400000, 0x00000000c6400000| Untracked 
|  51|0x00000000c6500000, 0x00000000c6500000, 0x00000000c6600000|  0%| F|  |TAMS 0x00000000c6500000, 0x00000000c6500000| Untracked 
|  52|0x00000000c6600000, 0x00000000c6600000, 0x00000000c6700000|  0%| F|  |TAMS 0x00000000c6600000, 0x00000000c6600000| Untracked 
|  53|0x00000000c6700000, 0x00000000c6700000, 0x00000000c6800000|  0%| F|  |TAMS 0x00000000c6700000, 0x00000000c6700000| Untracked 
|  54|0x00000000c6800000, 0x00000000c6800000, 0x00000000c6900000|  0%| F|  |TAMS 0x00000000c6800000, 0x00000000c6800000| Untracked 
|  55|0x00000000c6900000, 0x00000000c69ec720, 0x00000000c6a00000| 92%| S|CS|TAMS 0x00000000c6900000, 0x00000000c6900000| Complete 
|  56|0x00000000c6a00000, 0x00000000c6b00000, 0x00000000c6b00000|100%| S|CS|TAMS 0x00000000c6a00000, 0x00000000c6a00000| Complete 
|  57|0x00000000c6b00000, 0x00000000c6b00000, 0x00000000c6c00000|  0%| F|  |TAMS 0x00000000c6b00000, 0x00000000c6b00000| Untracked 
|  58|0x00000000c6c00000, 0x00000000c6c00000, 0x00000000c6d00000|  0%| F|  |TAMS 0x00000000c6c00000, 0x00000000c6c00000| Untracked 
|  59|0x00000000c6d00000, 0x00000000c6d00000, 0x00000000c6e00000|  0%| F|  |TAMS 0x00000000c6d00000, 0x00000000c6d00000| Untracked 
|  60|0x00000000c6e00000, 0x00000000c6e00000, 0x00000000c6f00000|  0%| F|  |TAMS 0x00000000c6e00000, 0x00000000c6e00000| Untracked 
|  61|0x00000000c6f00000, 0x00000000c6f00000, 0x00000000c7000000|  0%| F|  |TAMS 0x00000000c6f00000, 0x00000000c6f00000| Untracked 
|  62|0x00000000c7000000, 0x00000000c7000000, 0x00000000c7100000|  0%| F|  |TAMS 0x00000000c7000000, 0x00000000c7000000| Untracked 
|  63|0x00000000c7100000, 0x00000000c7100000, 0x00000000c7200000|  0%| F|  |TAMS 0x00000000c7100000, 0x00000000c7100000| Untracked 
|  64|0x00000000c7200000, 0x00000000c7200000, 0x00000000c7300000|  0%| F|  |TAMS 0x00000000c7200000, 0x00000000c7200000| Untracked 
|  65|0x00000000c7300000, 0x00000000c7300000, 0x00000000c7400000|  0%| F|  |TAMS 0x00000000c7300000, 0x00000000c7300000| Untracked 
|  66|0x00000000c7400000, 0x00000000c7400000, 0x00000000c7500000|  0%| F|  |TAMS 0x00000000c7400000, 0x00000000c7400000| Untracked 
|  67|0x00000000c7500000, 0x00000000c7600000, 0x00000000c7600000|100%| E|  |TAMS 0x00000000c7500000, 0x00000000c7500000| Complete 
|  68|0x00000000c7600000, 0x00000000c7700000, 0x00000000c7700000|100%| E|CS|TAMS 0x00000000c7600000, 0x00000000c7600000| Complete 
|  69|0x00000000c7700000, 0x00000000c7800000, 0x00000000c7800000|100%| E|CS|TAMS 0x00000000c7700000, 0x00000000c7700000| Complete 
|  70|0x00000000c7800000, 0x00000000c7900000, 0x00000000c7900000|100%| E|CS|TAMS 0x00000000c7800000, 0x00000000c7800000| Complete 
| 973|0x00000000fff00000, 0x0000000100000000, 0x0000000100000000|100%| O|  |TAMS 0x0000000100000000, 0x00000000fff00000| Untracked 

Card table byte_map: [0x000001a400b60000,0x000001a400d50000] _byte_map_base: 0x000001a400547000

Marking Bits (Prev, Next): (CMBitMap*) 0x000001a46d957cb0, (CMBitMap*) 0x000001a46d957c70
 Prev Bits: [0x000001a401e80000, 0x000001a402db8000)
 Next Bits: [0x000001a400f40000, 0x000001a401e78000)

Polling page: 0x000001a46c0f0000

Metaspace:

Usage:
  Non-class:     44.64 MB used.
      Class:      5.95 MB used.
       Both:     50.59 MB used.

Virtual space:
  Non-class space:       64.00 MB reserved,      44.81 MB ( 70%) committed,  1 nodes.
      Class space:        1.00 GB reserved,       6.06 MB ( <1%) committed,  1 nodes.
             Both:        1.06 GB reserved,      50.88 MB (  5%) committed. 

Chunk freelists:
   Non-Class:  3.17 MB
       Class:  9.91 MB
        Both:  13.08 MB

MaxMetaspaceSize: unlimited
CompressedClassSpaceSize: 1.00 GB
Initial GC threshold: 21.00 MB
Current GC threshold: 83.56 MB
CDS: off
MetaspaceReclaimPolicy: balanced
 - commit_granule_bytes: 65536.
 - commit_granule_words: 8192.
 - virtual_space_node_default_size: 8388608.
 - enlarge_chunks_in_place: 1.
 - new_chunks_are_fully_committed: 0.
 - uncommit_free_chunks: 1.
 - use_allocation_guard: 0.
 - handle_deallocations: 1.


Internal statistics:

num_allocs_failed_limit: 6.
num_arena_births: 238.
num_arena_deaths: 0.
num_vsnodes_births: 2.
num_vsnodes_deaths: 0.
num_space_committed: 812.
num_space_uncommitted: 0.
num_chunks_returned_to_freelist: 6.
num_chunks_taken_from_freelist: 1870.
num_chunk_merges: 6.
num_chunk_splits: 1462.
num_chunks_enlarged: 1269.
num_inconsistent_stats: 0.

CodeHeap 'non-profiled nmethods': size=120000Kb used=3085Kb max_used=3085Kb free=116914Kb
 bounds [0x000001a4789a0000, 0x000001a478cb0000, 0x000001a47fed0000]
CodeHeap 'profiled nmethods': size=120000Kb used=14530Kb max_used=14530Kb free=105469Kb
 bounds [0x000001a470ed0000, 0x000001a471d10000, 0x000001a478400000]
CodeHeap 'non-nmethods': size=5760Kb used=1285Kb max_used=1360Kb free=4475Kb
 bounds [0x000001a478400000, 0x000001a478670000, 0x000001a4789a0000]
 total_blobs=6630 nmethods=6034 adapters=507
 compilation: enabled
              stopped_count=0, restarted_count=0
 full_count=0

Compilation events (20 events):
Event: 13.190 Thread 0x000001a405ac2f90 6002       3       org.jetbrains.kotlin.load.java.lazy.types.JavaTypeResolver::computeTypeConstructor (212 bytes)
Event: 14.191 Thread 0x000001a405ac2f90 nmethod 6002 0x000001a471cbd010 code [0x000001a471cbd480, 0x000001a471cbf538]
Event: 14.191 Thread 0x000001a405ac2f90 6003       3       org.jetbrains.kotlin.load.java.lazy.types.JavaTypeResolver::isNullable (35 bytes)
Event: 14.192 Thread 0x000001a405ac2f90 nmethod 6003 0x000001a471cbff10 code [0x000001a471cc00c0, 0x000001a471cc0338]
Event: 14.192 Thread 0x000001a405ac2f90 6006       3       org.jetbrains.kotlin.load.java.components.JavaSourceElementImpl::<init> (16 bytes)
Event: 14.192 Thread 0x000001a405ac2f90 nmethod 6006 0x000001a471cc0410 code [0x000001a471cc0620, 0x000001a471cc0c78]
Event: 14.193 Thread 0x000001a405ac2f90 6004       3       org.jetbrains.kotlin.load.java.lazy.LazyJavaPackageFragmentProvider::getPackageFragment (51 bytes)
Event: 14.193 Thread 0x000001a405ac2f90 nmethod 6004 0x000001a471cc0f10 code [0x000001a471cc1120, 0x000001a471cc1798]
Event: 14.193 Thread 0x000001a405ac2f90 6009       3       org.jetbrains.kotlin.load.java.structure.impl.classFiles.BinaryJavaClass::getName (15 bytes)
Event: 14.193 Thread 0x000001a405ac2f90 nmethod 6009 0x000001a471cc1a90 code [0x000001a471cc1c60, 0x000001a471cc1ec8]
Event: 14.193 Thread 0x000001a405ac2f90 6007       3       org.jetbrains.kotlin.types.FlexibleType::<init> (28 bytes)
Event: 14.194 Thread 0x000001a405ac2f90 nmethod 6007 0x000001a471cc2010 code [0x000001a471cc22c0, 0x000001a471cc2f78]
Event: 14.194 Thread 0x000001a405ac2f90 6008       1       org.jetbrains.kotlin.load.java.structure.impl.classFiles.BinaryJavaValueParameter::getType (5 bytes)
Event: 14.194 Thread 0x000001a405ac2f90 nmethod 6008 0x000001a478ca0b10 code [0x000001a478ca0ca0, 0x000001a478ca0d78]
Event: 14.194 Thread 0x000001a405ac2f90 6012       3       org.jetbrains.kotlin.types.TypeAttributesKt::toDefaultAttributes (22 bytes)
Event: 14.195 Thread 0x000001a405ac2f90 nmethod 6012 0x000001a471cc3410 code [0x000001a471cc3620, 0x000001a471cc3c08]
Event: 14.195 Thread 0x000001a405ac2f90 6011       1       org.jetbrains.kotlin.load.java.structure.impl.classFiles.BinaryJavaValueParameter::getName (5 bytes)
Event: 14.195 Thread 0x000001a405ac2f90 nmethod 6011 0x000001a478ca0e10 code [0x000001a478ca0fa0, 0x000001a478ca1078]
Event: 14.195 Thread 0x000001a405ac2f90 6010       1       org.jetbrains.kotlin.load.java.structure.impl.classFiles.BinaryJavaValueParameter::isVararg (5 bytes)
Event: 14.195 Thread 0x000001a405ac2f90 nmethod 6010 0x000001a478ca1110 code [0x000001a478ca12a0, 0x000001a478ca1378]

GC Heap History (20 events):
Event: 4.500 GC heap before
{Heap before GC invocations=10 (full 0):
 garbage-first heap   total 55296K, used 37505K [0x00000000c3200000, 0x0000000100000000)
  region size 1024K, 24 young (24576K), 1 survivors (1024K)
 Metaspace       used 33110K, committed 33344K, reserved 1114112K
  class space    used 4069K, committed 4160K, reserved 1048576K
}
Event: 4.510 GC heap after
{Heap after GC invocations=11 (full 0):
 garbage-first heap   total 55296K, used 17517K [0x00000000c3200000, 0x0000000100000000)
  region size 1024K, 3 young (3072K), 3 survivors (3072K)
 Metaspace       used 33110K, committed 33344K, reserved 1114112K
  class space    used 4069K, committed 4160K, reserved 1048576K
}
Event: 5.764 GC heap before
{Heap before GC invocations=11 (full 0):
 garbage-first heap   total 55296K, used 35949K [0x00000000c3200000, 0x0000000100000000)
  region size 1024K, 21 young (21504K), 3 survivors (3072K)
 Metaspace       used 37489K, committed 37696K, reserved 1114112K
  class space    used 4518K, committed 4608K, reserved 1048576K
}
Event: 5.776 GC heap after
{Heap after GC invocations=12 (full 0):
 garbage-first heap   total 55296K, used 19300K [0x00000000c3200000, 0x0000000100000000)
  region size 1024K, 2 young (2048K), 2 survivors (2048K)
 Metaspace       used 37489K, committed 37696K, reserved 1114112K
  class space    used 4518K, committed 4608K, reserved 1048576K
}
Event: 6.791 GC heap before
{Heap before GC invocations=12 (full 0):
 garbage-first heap   total 55296K, used 40804K [0x00000000c3200000, 0x0000000100000000)
  region size 1024K, 20 young (20480K), 2 survivors (2048K)
 Metaspace       used 41136K, committed 41344K, reserved 1114112K
  class space    used 4946K, committed 5056K, reserved 1048576K
}
Event: 6.802 GC heap after
{Heap after GC invocations=13 (full 0):
 garbage-first heap   total 55296K, used 23390K [0x00000000c3200000, 0x0000000100000000)
  region size 1024K, 3 young (3072K), 3 survivors (3072K)
 Metaspace       used 41136K, committed 41344K, reserved 1114112K
  class space    used 4946K, committed 5056K, reserved 1048576K
}
Event: 6.938 GC heap before
{Heap before GC invocations=13 (full 0):
 garbage-first heap   total 55296K, used 38750K [0x00000000c3200000, 0x0000000100000000)
  region size 1024K, 19 young (19456K), 3 survivors (3072K)
 Metaspace       used 41241K, committed 41472K, reserved 1114112K
  class space    used 4946K, committed 5056K, reserved 1048576K
}
Event: 6.947 GC heap after
{Heap after GC invocations=14 (full 0):
 garbage-first heap   total 55296K, used 24420K [0x00000000c3200000, 0x0000000100000000)
  region size 1024K, 1 young (1024K), 1 survivors (1024K)
 Metaspace       used 41241K, committed 41472K, reserved 1114112K
  class space    used 4946K, committed 5056K, reserved 1048576K
}
Event: 7.834 GC heap before
{Heap before GC invocations=14 (full 0):
 garbage-first heap   total 55296K, used 39780K [0x00000000c3200000, 0x0000000100000000)
  region size 1024K, 17 young (17408K), 1 survivors (1024K)
 Metaspace       used 44080K, committed 44288K, reserved 1114112K
  class space    used 5286K, committed 5376K, reserved 1048576K
}
Event: 7.841 GC heap after
{Heap after GC invocations=15 (full 0):
 garbage-first heap   total 66560K, used 25395K [0x00000000c3200000, 0x0000000100000000)
  region size 1024K, 2 young (2048K), 2 survivors (2048K)
 Metaspace       used 44080K, committed 44288K, reserved 1114112K
  class space    used 5286K, committed 5376K, reserved 1048576K
}
Event: 9.633 GC heap before
{Heap before GC invocations=15 (full 0):
 garbage-first heap   total 66560K, used 47923K [0x00000000c3200000, 0x0000000100000000)
  region size 1024K, 24 young (24576K), 2 survivors (2048K)
 Metaspace       used 46726K, committed 46912K, reserved 1114112K
  class space    used 5544K, committed 5632K, reserved 1048576K
}
Event: 9.648 GC heap after
{Heap after GC invocations=16 (full 0):
 garbage-first heap   total 66560K, used 27809K [0x00000000c3200000, 0x0000000100000000)
  region size 1024K, 3 young (3072K), 3 survivors (3072K)
 Metaspace       used 46726K, committed 46912K, reserved 1114112K
  class space    used 5544K, committed 5632K, reserved 1048576K
}
Event: 10.087 GC heap before
{Heap before GC invocations=16 (full 0):
 garbage-first heap   total 66560K, used 34977K [0x00000000c3200000, 0x0000000100000000)
  region size 1024K, 11 young (11264K), 3 survivors (3072K)
 Metaspace       used 47485K, committed 47680K, reserved 1114112K
  class space    used 5616K, committed 5696K, reserved 1048576K
}
Event: 10.102 GC heap after
{Heap after GC invocations=17 (full 0):
 garbage-first heap   total 66560K, used 29681K [0x00000000c3200000, 0x0000000100000000)
  region size 1024K, 2 young (2048K), 2 survivors (2048K)
 Metaspace       used 47485K, committed 47680K, reserved 1114112K
  class space    used 5616K, committed 5696K, reserved 1048576K
}
Event: 11.562 GC heap before
{Heap before GC invocations=18 (full 0):
 garbage-first heap   total 66560K, used 48113K [0x00000000c3200000, 0x0000000100000000)
  region size 1024K, 20 young (20480K), 2 survivors (2048K)
 Metaspace       used 50476K, committed 50688K, reserved 1114112K
  class space    used 5984K, committed 6080K, reserved 1048576K
}
Event: 11.578 GC heap after
{Heap after GC invocations=19 (full 0):
 garbage-first heap   total 66560K, used 32051K [0x00000000c3200000, 0x0000000100000000)
  region size 1024K, 3 young (3072K), 3 survivors (3072K)
 Metaspace       used 50476K, committed 50688K, reserved 1114112K
  class space    used 5984K, committed 6080K, reserved 1048576K
}
Event: 12.209 GC heap before
{Heap before GC invocations=19 (full 0):
 garbage-first heap   total 66560K, used 41267K [0x00000000c3200000, 0x0000000100000000)
  region size 1024K, 14 young (14336K), 3 survivors (3072K)
 Metaspace       used 51045K, committed 51264K, reserved 1114112K
  class space    used 6038K, committed 6144K, reserved 1048576K
}
Event: 12.225 GC heap after
{Heap after GC invocations=20 (full 0):
 garbage-first heap   total 66560K, used 34361K [0x00000000c3200000, 0x0000000100000000)
  region size 1024K, 3 young (3072K), 3 survivors (3072K)
 Metaspace       used 51045K, committed 51264K, reserved 1114112K
  class space    used 6038K, committed 6144K, reserved 1048576K
}
Event: 13.053 GC heap before
{Heap before GC invocations=21 (full 0):
 garbage-first heap   total 73728K, used 49721K [0x00000000c3200000, 0x0000000100000000)
  region size 1024K, 17 young (17408K), 3 survivors (3072K)
 Metaspace       used 51716K, committed 51968K, reserved 1114112K
  class space    used 6088K, committed 6208K, reserved 1048576K
}
Event: 13.067 GC heap after
{Heap after GC invocations=22 (full 0):
 garbage-first heap   total 73728K, used 36163K [0x00000000c3200000, 0x0000000100000000)
  region size 1024K, 2 young (2048K), 2 survivors (2048K)
 Metaspace       used 51716K, committed 51968K, reserved 1114112K
  class space    used 6088K, committed 6208K, reserved 1048576K
}

Dll operation events (2 events):
Event: 0.023 Loaded shared library C:\Program Files\Android\Android Studio1\jbr\bin\java.dll
Event: 1.906 Loaded shared library C:\Program Files\Android\Android Studio1\jbr\bin\verify.dll

Deoptimization events (20 events):
Event: 12.819 Thread 0x000001a46d91b1e0 Uncommon trap: trap_request=0xffffffc6 fr.pc=0x000001a478c957ec relative=0x00000000000000cc
Event: 12.819 Thread 0x000001a46d91b1e0 Uncommon trap: reason=bimorphic_or_optimized_type_check action=maybe_recompile pc=0x000001a478c957ec method=org.jetbrains.kotlin.resolve.calls.components.candidate.ResolutionCandidate.getResolutionSequence()Ljava/util/List; @ 7 c2
Event: 12.819 Thread 0x000001a46d91b1e0 DEOPT PACKING pc=0x000001a478c957ec sp=0x0000003626df4e20
Event: 12.819 Thread 0x000001a46d91b1e0 DEOPT UNPACKING pc=0x000001a4784569a3 sp=0x0000003626df4da8 mode 2
Event: 12.886 Thread 0x000001a46d91b1e0 Uncommon trap: trap_request=0xffffff45 fr.pc=0x000001a478b0a418 relative=0x00000000000054b8
Event: 12.886 Thread 0x000001a46d91b1e0 Uncommon trap: reason=unstable_if action=reinterpret pc=0x000001a478b0a418 method=org.jetbrains.kotlin.metadata.ProtoBuf$Function.<init>(Lorg/jetbrains/kotlin/protobuf/CodedInputStream;Lorg/jetbrains/kotlin/protobuf/ExtensionRegistryLite;)V @ 851 c2
Event: 12.886 Thread 0x000001a46d91b1e0 DEOPT PACKING pc=0x000001a478b0a418 sp=0x0000003626df2830
Event: 12.886 Thread 0x000001a46d91b1e0 DEOPT UNPACKING pc=0x000001a4784569a3 sp=0x0000003626df27e8 mode 2
Event: 12.902 Thread 0x000001a46d91b1e0 Uncommon trap: trap_request=0xffffff45 fr.pc=0x000001a478c30b08 relative=0x0000000000000c68
Event: 12.902 Thread 0x000001a46d91b1e0 Uncommon trap: reason=unstable_if action=reinterpret pc=0x000001a478c30b08 method=org.jetbrains.kotlin.serialization.deserialization.descriptors.DeserializedMemberScope$OptimizedImplementation.getContributedVariables(Lorg/jetbrains/kotlin/name/Name;Lorg/j
Event: 12.902 Thread 0x000001a46d91b1e0 DEOPT PACKING pc=0x000001a478c30b08 sp=0x0000003626df3d90
Event: 12.902 Thread 0x000001a46d91b1e0 DEOPT UNPACKING pc=0x000001a4784569a3 sp=0x0000003626df3d48 mode 2
Event: 12.957 Thread 0x000001a46d91b1e0 Uncommon trap: trap_request=0xffffff45 fr.pc=0x000001a478c6ba20 relative=0x00000000000030a0
Event: 12.957 Thread 0x000001a46d91b1e0 Uncommon trap: reason=unstable_if action=reinterpret pc=0x000001a478c6ba20 method=org.jetbrains.kotlin.builtins.functions.BuiltInFictitiousFunctionClassFactory.shouldCreateClass(Lorg/jetbrains/kotlin/name/FqName;Lorg/jetbrains/kotlin/name/Name;)Z @ 56 c2
Event: 12.957 Thread 0x000001a46d91b1e0 DEOPT PACKING pc=0x000001a478c6ba20 sp=0x0000003626df3ac0
Event: 12.957 Thread 0x000001a46d91b1e0 DEOPT UNPACKING pc=0x000001a4784569a3 sp=0x0000003626df3998 mode 2
Event: 12.961 Thread 0x000001a46d91b1e0 Uncommon trap: trap_request=0xffffff45 fr.pc=0x000001a478c7e1e4 relative=0x0000000000001904
Event: 12.961 Thread 0x000001a46d91b1e0 Uncommon trap: reason=unstable_if action=reinterpret pc=0x000001a478c7e1e4 method=org.jetbrains.kotlin.builtins.functions.BuiltInFictitiousFunctionClassFactory.shouldCreateClass(Lorg/jetbrains/kotlin/name/FqName;Lorg/jetbrains/kotlin/name/Name;)Z @ 56 c2
Event: 12.961 Thread 0x000001a46d91b1e0 DEOPT PACKING pc=0x000001a478c7e1e4 sp=0x0000003626df4f20
Event: 12.961 Thread 0x000001a46d91b1e0 DEOPT UNPACKING pc=0x000001a4784569a3 sp=0x0000003626df4e48 mode 2

Classes unloaded (0 events):
No events

Classes redefined (0 events):
No events

Internal exceptions (20 events):
Event: 5.802 Thread 0x000001a46d91b1e0 Implicit null exception at 0x000001a478a871cc to 0x000001a478a872c0
Event: 5.888 Thread 0x000001a46d91b1e0 Exception <a 'java/lang/NoSuchMethodError'{0x00000000c6481fc0}: 'java.lang.Object java.lang.invoke.DirectMethodHandle$Holder.newInvokeSpecial(java.lang.Object, java.lang.Object, java.lang.Object, int)'> (0x00000000c6481fc0) 
thrown [s\src\hotspot\share\interpreter\linkResolver.cpp, line 771]
Event: 5.889 Thread 0x000001a46d91b1e0 Exception <a 'java/lang/NoSuchMethodError'{0x00000000c6486648}: 'java.lang.Object java.lang.invoke.DirectMethodHandle$Holder.invokeSpecial(java.lang.Object, java.lang.Object, java.lang.Object, java.lang.Object, int)'> (0x00000000c6486648) 
thrown [s\src\hotspot\share\interpreter\linkResolver.cpp, line 771]
Event: 5.889 Thread 0x000001a46d91b1e0 Exception <a 'java/lang/NoSuchMethodError'{0x00000000c648a4b8}: 'java.lang.Object java.lang.invoke.Invokers$Holder.linkToTargetMethod(java.lang.Object, java.lang.Object, int, java.lang.Object)'> (0x00000000c648a4b8) 
thrown [s\src\hotspot\share\interpreter\linkResolver.cpp, line 771]
Event: 6.756 Thread 0x000001a46d91b1e0 Exception <a 'java/lang/NoSuchMethodError'{0x00000000c564bb90}: 'java.lang.Object java.lang.invoke.DirectMethodHandle$Holder.newInvokeSpecial(java.lang.Object, java.lang.Object, java.lang.Object, java.lang.Object, java.lang.Object)'> (0x00000000c564bb90) 
thrown [s\src\hotspot\share\interpreter\linkResolver.cpp, line 771]
Event: 8.944 Thread 0x000001a46d91b1e0 Exception <a 'java/lang/NoSuchMethodError'{0x00000000c61e0058}: 'java.lang.Object java.lang.invoke.DirectMethodHandle$Holder.newInvokeSpecial(java.lang.Object, java.lang.Object, java.lang.Object, java.lang.Object, java.lang.Object, java.lang.Object, java.lang.Object, java.lang.Object)'> (0x00000000c61e0058) 
thrown [s\src\hotspot\share\interpreter\linkResolver.cpp, line 771]
Event: 8.945 Thread 0x000001a46d91b1e0 Exception <a 'java/lang/NoSuchMethodError'{0x00000000c60023c8}: 'java.lang.Object java.lang.invoke.DirectMethodHandle$Holder.invokeSpecial(java.lang.Object, java.lang.Object, java.lang.Object, java.lang.Object, java.lang.Object, java.lang.Object, java.lang.Object, java.lang.Object, java.lang.Object)'> (0x00000000c60023c8) 
thrown [s\src\hotspot\share\interpreter\linkResolver.cpp, line 771]
Event: 8.946 Thread 0x000001a46d91b1e0 Exception <a 'java/lang/NoSuchMethodError'{0x00000000c60072f8}: 'java.lang.Object java.lang.invoke.Invokers$Holder.linkToTargetMethod(java.lang.Object, java.lang.Object, java.lang.Object, java.lang.Object, java.lang.Object, java.lang.Object, java.lang.Object, java.lang.Object)'> (0x00000000c60072f8) 
thrown [s\src\hotspot\share\interpreter\linkResolver.cpp, line 771]
Event: 9.400 Thread 0x000001a46d91b1e0 Exception <a 'java/lang/NoSuchMethodError'{0x00000000c5d9d520}: 'java.lang.Object java.lang.invoke.DirectMethodHandle$Holder.newInvokeSpecial(java.lang.Object, java.lang.Object, java.lang.Object, java.lang.Object, java.lang.Object, java.lang.Object)'> (0x00000000c5d9d520) 
thrown [s\src\hotspot\share\interpreter\linkResolver.cpp, line 771]
Event: 9.911 Thread 0x000001a46d91b1e0 Exception <a 'java/lang/NoSuchMethodError'{0x00000000c6c35b68}: 'int java.lang.invoke.DirectMethodHandle$Holder.invokeInterface(java.lang.Object, java.lang.Object)'> (0x00000000c6c35b68) 
thrown [s\src\hotspot\share\interpreter\linkResolver.cpp, line 771]
Event: 10.116 Thread 0x000001a46d91b1e0 Exception <a 'java/lang/NoSuchMethodError'{0x00000000c713fbc8}: 'java.lang.Object java.lang.invoke.DirectMethodHandle$Holder.newInvokeSpecial(java.lang.Object, int, java.lang.Object)'> (0x00000000c713fbc8) 
thrown [s\src\hotspot\share\interpreter\linkResolver.cpp, line 771]
Event: 10.118 Thread 0x000001a46d91b1e0 Implicit null exception at 0x000001a478bb0bef to 0x000001a478bb0dec
Event: 10.118 Thread 0x000001a46d91b1e0 Implicit null exception at 0x000001a478a696f1 to 0x000001a478a698f8
Event: 10.122 Thread 0x000001a46d91b1e0 Implicit null exception at 0x000001a478a1218f to 0x000001a478a12209
Event: 10.213 Thread 0x000001a46d91b1e0 Exception <a 'java/lang/NoSuchMethodError'{0x00000000c71958b8}: 'java.lang.Object java.lang.invoke.DirectMethodHandle$Holder.invokeStatic(java.lang.Object, int, java.lang.Object)'> (0x00000000c71958b8) 
thrown [s\src\hotspot\share\interpreter\linkResolver.cpp, line 771]
Event: 10.962 Thread 0x000001a46d91b1e0 Exception <a 'java/lang/NoSuchMethodError'{0x00000000c66b8908}: 'int java.lang.invoke.DirectMethodHandle$Holder.invokeStaticInit(java.lang.Object, int)'> (0x00000000c66b8908) 
thrown [s\src\hotspot\share\interpreter\linkResolver.cpp, line 771]
Event: 11.266 Thread 0x000001a46d91b1e0 Exception <a 'java/lang/NoSuchMethodError'{0x00000000c62892e8}: 'java.lang.Object java.lang.invoke.DirectMethodHandle$Holder.newInvokeSpecial(java.lang.Object, java.lang.Object, java.lang.Object, java.lang.Object, java.lang.Object, java.lang.Object, java.lang.Object)'> (0x00000000c62892e8) 
thrown [s\src\hotspot\share\interpreter\linkResolver.cpp, line 771]
Event: 11.266 Thread 0x000001a46d91b1e0 Exception <a 'java/lang/NoSuchMethodError'{0x00000000c628e3f0}: 'java.lang.Object java.lang.invoke.Invokers$Holder.linkToTargetMethod(java.lang.Object, java.lang.Object, java.lang.Object, java.lang.Object, java.lang.Object, java.lang.Object, java.lang.Object)'> (0x00000000c628e3f0) 
thrown [s\src\hotspot\share\interpreter\linkResolver.cpp, line 771]
Event: 11.360 Thread 0x000001a46d91b1e0 Exception <a 'java/lang/NoSuchMethodError'{0x00000000c601b010}: 'java.lang.Object java.lang.invoke.DirectMethodHandle$Holder.invokeInterface(java.lang.Object, java.lang.Object, java.lang.Object)'> (0x00000000c601b010) 
thrown [s\src\hotspot\share\interpreter\linkResolver.cpp, line 771]
Event: 11.361 Thread 0x000001a46d91b1e0 Exception <a 'java/lang/IncompatibleClassChangeError'{0x00000000c601eed0}: Found class java.lang.Object, but interface was expected> (0x00000000c601eed0) 
thrown [s\src\hotspot\share\interpreter\linkResolver.cpp, line 838]

VM Operations (20 events):
Event: 11.562 Executing VM operation: G1CollectForAllocation
Event: 11.579 Executing VM operation: G1CollectForAllocation done
Event: 11.913 Executing VM operation: ICBufferFull
Event: 11.913 Executing VM operation: ICBufferFull done
Event: 12.208 Executing VM operation: G1TryInitiateConcMark
Event: 12.225 Executing VM operation: G1TryInitiateConcMark done
Event: 12.292 Executing VM operation: G1PauseRemark
Event: 12.308 Executing VM operation: G1PauseRemark done
Event: 12.326 Executing VM operation: G1PauseCleanup
Event: 12.337 Executing VM operation: G1PauseCleanup done
Event: 12.502 Executing VM operation: HandshakeAllThreads
Event: 12.502 Executing VM operation: HandshakeAllThreads done
Event: 12.689 Executing VM operation: ICBufferFull
Event: 12.690 Executing VM operation: ICBufferFull done
Event: 12.824 Executing VM operation: HandshakeAllThreads
Event: 12.824 Executing VM operation: HandshakeAllThreads done
Event: 12.897 Executing VM operation: ICBufferFull
Event: 12.897 Executing VM operation: ICBufferFull done
Event: 13.052 Executing VM operation: G1CollectForAllocation
Event: 13.074 Executing VM operation: G1CollectForAllocation done

Events (20 events):
Event: 7.305 loading class java/util/stream/ReduceOps$3ReducingSink
Event: 7.305 loading class java/util/stream/ReduceOps$AccumulatingSink
Event: 7.305 loading class java/util/stream/ReduceOps$AccumulatingSink done
Event: 7.305 loading class java/util/stream/ReduceOps$Box
Event: 7.305 loading class java/util/stream/ReduceOps$Box done
Event: 7.305 loading class java/util/stream/ReduceOps$3ReducingSink done
Event: 7.305 loading class java/util/stream/ReferencePipeline$2$1
Event: 7.305 loading class java/util/stream/ReferencePipeline$2$1 done
Event: 7.305 loading class java/util/stream/IntPipeline$1$1
Event: 7.306 loading class java/util/stream/Sink$ChainedInt
Event: 7.306 loading class java/util/stream/Sink$OfInt
Event: 7.306 loading class java/util/function/IntConsumer
Event: 7.307 loading class java/util/function/IntConsumer done
Event: 7.308 loading class java/util/stream/Sink$OfInt done
Event: 7.308 loading class java/util/stream/Sink$ChainedInt done
Event: 7.308 loading class java/util/stream/IntPipeline$1$1 done
Event: 9.252 loading class java/util/RegularEnumSet$EnumSetIterator
Event: 9.252 loading class java/util/RegularEnumSet$EnumSetIterator done
Event: 9.933 loading class java/security/CodeSigner
Event: 9.933 loading class java/security/CodeSigner done


Dynamic libraries:
0x00007ff6830b0000 - 0x00007ff6830ba000 	C:\Program Files\Android\Android Studio1\jbr\bin\java.exe
0x00007ff80cb60000 - 0x00007ff80cdc0000 	C:\WINDOWS\SYSTEM32\ntdll.dll
0x00007ff80c1e0000 - 0x00007ff80c2a7000 	C:\WINDOWS\System32\KERNEL32.DLL
0x00007ff80a170000 - 0x00007ff80a53a000 	C:\WINDOWS\System32\KERNELBASE.dll
0x00007ff80a540000 - 0x00007ff80a68b000 	C:\WINDOWS\System32\ucrtbase.dll
0x00007fffa5e90000 - 0x00007fffa5ea7000 	C:\Program Files\Android\Android Studio1\jbr\bin\jli.dll
0x00007fffef3e0000 - 0x00007fffef3fb000 	C:\Program Files\Android\Android Studio1\jbr\bin\VCRUNTIME140.dll
0x00007ff80c7b0000 - 0x00007ff80c97c000 	C:\WINDOWS\System32\USER32.dll
0x00007ff80a730000 - 0x00007ff80a757000 	C:\WINDOWS\System32\win32u.dll
0x00007ffff24f0000 - 0x00007ffff2787000 	C:\WINDOWS\WinSxS\amd64_microsoft.windows.common-controls_6595b64144ccf1df_6.0.26100.3624_none_3e086962e3345f24\COMCTL32.dll
0x00007ff80b570000 - 0x00007ff80b59a000 	C:\WINDOWS\System32\GDI32.dll
0x00007ff80c2b0000 - 0x00007ff80c359000 	C:\WINDOWS\System32\msvcrt.dll
0x00007ff809f80000 - 0x00007ff80a0b1000 	C:\WINDOWS\System32\gdi32full.dll
0x00007ff80a0c0000 - 0x00007ff80a163000 	C:\WINDOWS\System32\msvcp_win.dll
0x00007ff80bd90000 - 0x00007ff80bdbf000 	C:\WINDOWS\System32\IMM32.DLL
0x00007ff800cc0000 - 0x00007ff800ccc000 	C:\Program Files\Android\Android Studio1\jbr\bin\vcruntime140_1.dll
0x00007fffc3570000 - 0x00007fffc35fd000 	C:\Program Files\Android\Android Studio1\jbr\bin\msvcp140.dll
0x00007fff7f720000 - 0x00007fff803a3000 	C:\Program Files\Android\Android Studio1\jbr\bin\server\jvm.dll
0x00007ff80b840000 - 0x00007ff80b8f2000 	C:\WINDOWS\System32\ADVAPI32.dll
0x00007ff80c980000 - 0x00007ff80ca26000 	C:\WINDOWS\System32\sechost.dll
0x00007ff80c660000 - 0x00007ff80c776000 	C:\WINDOWS\System32\RPCRT4.dll
0x00007ff8089d0000 - 0x00007ff808a2e000 	C:\WINDOWS\SYSTEM32\POWRPROF.dll
0x00007ffff5790000 - 0x00007ffff57c6000 	C:\WINDOWS\SYSTEM32\WINMM.dll
0x00007ffff47c0000 - 0x00007ffff47ca000 	C:\WINDOWS\SYSTEM32\WSOCK32.dll
0x00007ff807790000 - 0x00007ff80779b000 	C:\WINDOWS\SYSTEM32\VERSION.dll
0x00007ff80bdd0000 - 0x00007ff80be44000 	C:\WINDOWS\System32\WS2_32.dll
0x00007ff8089b0000 - 0x00007ff8089c4000 	C:\WINDOWS\SYSTEM32\UMPDC.dll
0x00007ff808c70000 - 0x00007ff808c8a000 	C:\WINDOWS\SYSTEM32\kernel.appcore.dll
0x00007ffff3530000 - 0x00007ffff353a000 	C:\Program Files\Android\Android Studio1\jbr\bin\jimage.dll
0x00007ff806b70000 - 0x00007ff806db1000 	C:\WINDOWS\SYSTEM32\DBGHELP.DLL
0x00007ff80be50000 - 0x00007ff80c1d2000 	C:\WINDOWS\System32\combase.dll
0x00007ff80b170000 - 0x00007ff80b246000 	C:\WINDOWS\System32\OLEAUT32.dll
0x00007fffcdae0000 - 0x00007fffcdb19000 	C:\WINDOWS\SYSTEM32\dbgcore.DLL
0x00007ff80a690000 - 0x00007ff80a729000 	C:\WINDOWS\System32\bcryptPrimitives.dll
0x00007ffff4e40000 - 0x00007ffff4e65000 	C:\Program Files\Android\Android Studio1\jbr\bin\java.dll
0x00007ffff4e20000 - 0x00007ffff4e38000 	C:\Program Files\Android\Android Studio1\jbr\bin\zip.dll
0x00007ff80a9b0000 - 0x00007ff80b0d9000 	C:\WINDOWS\System32\SHELL32.dll
0x00007ff80a7f0000 - 0x00007ff80a958000 	C:\WINDOWS\System32\wintypes.dll
0x00007ff807a20000 - 0x00007ff808272000 	C:\WINDOWS\SYSTEM32\windows.storage.dll
0x00007ff80ca30000 - 0x00007ff80cb1d000 	C:\WINDOWS\System32\SHCORE.dll
0x00007ff80c360000 - 0x00007ff80c3c4000 	C:\WINDOWS\System32\shlwapi.dll
0x00007ff809c50000 - 0x00007ff809c7f000 	C:\WINDOWS\SYSTEM32\profapi.dll
0x00007fffa5ed0000 - 0x00007fffa5ee9000 	C:\Program Files\Android\Android Studio1\jbr\bin\net.dll
0x00007ff8032b0000 - 0x00007ff8033cd000 	C:\WINDOWS\SYSTEM32\WINHTTP.dll
0x00007ff809190000 - 0x00007ff8091fa000 	C:\WINDOWS\system32\mswsock.dll
0x00007fffa5eb0000 - 0x00007fffa5ec6000 	C:\Program Files\Android\Android Studio1\jbr\bin\nio.dll
0x00007fffdfc50000 - 0x00007fffdfc60000 	C:\Program Files\Android\Android Studio1\jbr\bin\verify.dll

dbghelp: loaded successfully - version: 4.0.5 - missing functions: none
symbol engine: initialized successfully - sym options: 0x614 - pdb path: .;C:\Program Files\Android\Android Studio1\jbr\bin;C:\WINDOWS\SYSTEM32;C:\WINDOWS\WinSxS\amd64_microsoft.windows.common-controls_6595b64144ccf1df_6.0.26100.3624_none_3e086962e3345f24;C:\Program Files\Android\Android Studio1\jbr\bin\server

VM Arguments:
java_command: org.jetbrains.kotlin.cli.jvm.K2JVMCompiler @D:\flutter tasks\Gp\build\mobile_scanner\20250418_14329999456326273349.compiler.options
java_class_path (initial): C:\Users\mohse\.gradle\caches\modules-2\files-2.1\org.jetbrains.kotlin\kotlin-compiler-embeddable\1.9.24\78dab849090e6c5e2eadb6e59a11cdc28fb67a08\kotlin-compiler-embeddable-1.9.24.jar;C:\Users\mohse\.gradle\caches\modules-2\files-2.1\org.jetbrains.kotlin\kotlin-stdlib\1.9.24\9928532f12c66ad816a625b3f9984f8368ca6d2b\kotlin-stdlib-1.9.24.jar;C:\Users\mohse\.gradle\caches\modules-2\files-2.1\org.jetbrains.kotlin\kotlin-script-runtime\1.9.24\96771497da90fbc5af1c90fce148db2595a62502\kotlin-script-runtime-1.9.24.jar;C:\Users\mohse\.gradle\caches\modules-2\files-2.1\org.jetbrains.kotlin\kotlin-reflect\1.6.10\1cbe9c92c12a94eea200d23c2bbaedaf3daf5132\kotlin-reflect-1.6.10.jar;C:\Users\mohse\.gradle\caches\modules-2\files-2.1\org.jetbrains.kotlin\kotlin-daemon-embeddable\1.9.24\86685b9c5e8d170925bd9ddbdc263374a6a73281\kotlin-daemon-embeddable-1.9.24.jar;C:\Users\mohse\.gradle\caches\modules-2\files-2.1\org.jetbrains.intellij.deps\trove4j\1.0.20200330\3afb14d5f9ceb459d724e907a21145e8ff394f02\trove4j-1.0.20200330.jar;C:\Users\mohse\.gradle\caches\modules-2\files-2.1\org.jetbrains\annotations\13.0\919f0dfe192fb4e063e7dacadee7f8bb9a2672a9\annotations-13.0.jar
Launcher Type: SUN_STANDARD

[Global flags]
     intx CICompilerCount                          = 4                                         {product} {ergonomic}
     uint ConcGCThreads                            = 2                                         {product} {ergonomic}
     uint G1ConcRefinementThreads                  = 8                                         {product} {ergonomic}
   size_t G1HeapRegionSize                         = 1048576                                   {product} {ergonomic}
    uintx GCDrainStackTargetSize                   = 64                                        {product} {ergonomic}
   size_t InitialHeapSize                          = 65011712                                  {product} {ergonomic}
   size_t MarkStackSize                            = 4194304                                   {product} {ergonomic}
   size_t MaxHeapSize                              = 1021313024                                {product} {ergonomic}
   size_t MaxNewSize                               = 612368384                                 {product} {ergonomic}
   size_t MinHeapDeltaBytes                        = 1048576                                   {product} {ergonomic}
   size_t MinHeapSize                              = 8388608                                   {product} {ergonomic}
    uintx NonNMethodCodeHeapSize                   = 5839372                                {pd product} {ergonomic}
    uintx NonProfiledCodeHeapSize                  = 122909434                              {pd product} {ergonomic}
    uintx ProfiledCodeHeapSize                     = 122909434                              {pd product} {ergonomic}
    uintx ReservedCodeCacheSize                    = 251658240                              {pd product} {ergonomic}
     bool SegmentedCodeCache                       = true                                      {product} {ergonomic}
   size_t SoftMaxHeapSize                          = 1021313024                             {manageable} {ergonomic}
     bool UseCompressedClassPointers               = true                           {product lp64_product} {ergonomic}
     bool UseCompressedOops                        = true                           {product lp64_product} {ergonomic}
     bool UseG1GC                                  = true                                      {product} {ergonomic}
     bool UseLargePagesIndividualAllocation        = false                                  {pd product} {ergonomic}

Logging:
Log output configuration:
 #0: stdout all=warning uptime,level,tags
 #1: stderr all=off uptime,level,tags

Environment Variables:
JAVA_HOME=C:\Program Files\Android\Android Studio1\jbr
CLASSPATH=D:\flutter tasks\Gp\android\\gradle\wrapper\gradle-wrapper.jar
PATH=C:\Program Files\Android\Android Studio1\jbr\bin;C:\Program Files\Microsoft MPI\Bin\;C:\Program Files (x86)\VMware\VMware Player\bin\;C:\Oracle\Middleware\Oracle_FRHome1\bin;C:\oraclexe\app\oracle\product\11.2.0\server\bin;C:\Program Files\Common Files\Oracle\Java\javapath;C:\Program Files (x86)\Common Files\Oracle\Java\javapath;C:\WINDOWS\system32;C:\WINDOWS;C:\WINDOWS\System32\Wbem;C:\WINDOWS\System32\WindowsPowerShell\v1.0\;C:\WINDOWS\System32\OpenSSH\;C:\Program Files\Microsoft SQL Server\150\Tools\Binn\;C:\Program Files\Microsoft SQL Server\Client SDK\ODBC\170\Tools\Binn\;C:\Oracle\Middleware\Oracle_FRHome1\opmn\bin;C:\Oracle\Middleware\Oracle_FRHome1\opmn\lib;C:\Oracle\Middleware\Oracle_FRHome1\perl\bin;D:\Git\cmd;C:\Program Files\Git\cmd;C:\Program Files\nodejs\;C:\Program Files\dotnet\;C:\Program Files (x86)\Windows Kits\10\Windows Performance Toolkit\;D:\Downloads\platform-tools-latest-windows\platform-tools;C:\Users\mohse\AppData\Local\Microsoft\WindowsApps;D:\flutter\bin;C:\Users\mohse\AppData\Local\Programs\Microsoft VS Code\bin;C:\Users\mohse\AppData\Roaming\npm;C:\Users\mohse\AppData\Local\Pub\Cache\bin;C:\Users\mohse\AppData\Local\Programs\Python\Python311\Scripts;C:\Users\mohse\AppData\Local\Programs\Python\Python311;C:\Users\mohse\AppData\Local\GitHubDesktop\bin;C:\Users\mohse\.dotnet\tools;D:\flutter\bin\mingit\cmd
USERNAME=nada
LD_LIBRARY_PATH=C:\Oracle\Middleware\Oracle_FRHome1\lib
OS=Windows_NT
PROCESSOR_IDENTIFIER=Intel64 Family 6 Model 165 Stepping 2, GenuineIntel
TMP=C:\Users\mohse\AppData\Local\Temp
TEMP=C:\Users\mohse\AppData\Local\Temp



Periodic native trim disabled

JNI global refs:
JNI global refs: 12, weak refs: 17

JNI global refs memory usage: 843, weak refs: 841

Process memory usage:
Resident Set Size: 206864K (5% of 3983040K total physical memory with 591400K free physical memory)

OOME stack traces (most recent first):
Classloader memory used:
Loader jdk.internal.loader.ClassLoaders$AppClassLoader                                 : 5164K
Loader bootstrap                                                                       : 1300K
Loader jdk.internal.reflect.DelegatingClassLoader                                      : 13650B


---------------  S Y S T E M  ---------------

OS:
 Windows 11 , 64 bit Build 26100 (10.0.26100.3775)
OS uptime: 1 days 4:41 hours

CPU: total 8 (initial active 8) (4 cores per cpu, 2 threads per core) family 6 model 165 stepping 2 microcode 0xfc, cx8, cmov, fxsr, ht, mmx, 3dnowpref, sse, sse2, sse3, ssse3, sse4.1, sse4.2, popcnt, lzcnt, tsc, tscinvbit, avx, avx2, aes, erms, clmul, bmi1, bmi2, adx, fma, vzeroupper, clflush, clflushopt
Processor Information for all 8 processors :
  Max Mhz: 2496, Current Mhz: 2496, Mhz Limit: 2496

Memory: 4k page, system-wide physical 3889M (568M free)
TotalPageFile size 15665M (AvailPageFile size 351M)
current process WorkingSet (physical memory assigned to process): 205M, peak: 221M
current process commit charge ("private bytes"): 268M, peak: 268M

vm_info: OpenJDK 64-Bit Server VM (17.0.11+0--11852314) for windows-amd64 JRE (17.0.11+0--11852314), built on May 16 2024 21:29:20 by "androidbuild" with MS VC++ 16.10 / 16.11 (VS2019)

END.
