#
# There is insufficient memory for the Java Runtime Environment to continue.
# Native memory allocation (malloc) failed to allocate 1470320 bytes. Error detail: Chunk::new
# Possible reasons:
#   The system is out of physical RAM or swap space
#   This process is running with CompressedOops enabled, and the Java Heap may be blocking the growth of the native heap
# Possible solutions:
#   Reduce memory load on the system
#   Increase physical memory or swap space
#   Check if swap backing store is full
#   Decrease Java heap size (-Xmx/-Xms)
#   Decrease number of Java threads
#   Decrease Java thread stack sizes (-Xss)
#   Set larger code cache with -XX:ReservedCodeCacheSize=
#   JVM is running with Unscaled Compressed Oops mode in which the Java heap is
#     placed in the first 4GB address space. The Java Heap base address is the
#     maximum limit for the native heap growth. Please use -XX:HeapBaseMinAddress
#     to set the Java Heap base and to place the Java Heap above 4GB virtual address.
# This output file may be truncated or incomplete.
#
#  Out of Memory Error (arena.cpp:191), pid=14732, tid=1584
#
# JRE version: OpenJDK Runtime Environment (17.0.11) (build 17.0.11+0--11852314)
# Java VM: OpenJDK 64-Bit Server VM (17.0.11+0--11852314, mixed mode, tiered, compressed oops, compressed class ptrs, g1 gc, windows-amd64)
# No core dump will be written. Minidumps are not enabled by default on client versions of Windows
#

---------------  S U M M A R Y ------------

Command Line: org.jetbrains.kotlin.cli.jvm.K2JVMCompiler @D:\flutter tasks\Gp\build\package_info_plus\20250418_3653512324558440373.compiler.options

Host: Intel(R) Core(TM) i5-10300H CPU @ 2.50GHz, 8 cores, 3G,  Windows 11 , 64 bit Build 26100 (10.0.26100.3775)
Time: Fri Apr 18 22:44:46 2025 Egypt Standard Time elapsed time: 14.196809 seconds (0d 0h 0m 14s)

---------------  T H R E A D  ---------------

Current thread (0x000002296170f580):  JavaThread "C2 CompilerThread0" daemon [_thread_in_native, id=1584, stack(0x000000a898e00000,0x000000a898f00000)]


Current CompileTask:
C2:  14197 5401   !   4       jdk.internal.loader.BuiltinClassLoader::findClassOnClassPathOrNull (64 bytes)

Stack: [0x000000a898e00000,0x000000a898f00000]
Native frames: (J=compiled Java code, j=interpreted, Vv=VM code, C=native code)
V  [jvm.dll+0x687bb9]
V  [jvm.dll+0x84142a]
V  [jvm.dll+0x8430ae]
V  [jvm.dll+0x843713]
V  [jvm.dll+0x24a35f]
V  [jvm.dll+0xac544]
V  [jvm.dll+0xacb8c]
V  [jvm.dll+0x369c37]
V  [jvm.dll+0x1be126]
V  [jvm.dll+0x21c029]
V  [jvm.dll+0x21b311]
V  [jvm.dll+0x1a63ed]
V  [jvm.dll+0x22b1ee]
V  [jvm.dll+0x229375]
V  [jvm.dll+0x7f5647]
V  [jvm.dll+0x7efa4a]
V  [jvm.dll+0x686a35]
C  [ucrtbase.dll+0x37b0]
C  [KERNEL32.DLL+0x2e8d7]
C  [ntdll.dll+0xb14fc]


---------------  P R O C E S S  ---------------

Threads class SMR info:
_java_thread_list=0x00000229681eea00, length=12, elements={
0x000002294960e6c0, 0x00000229614551c0, 0x0000022961470350, 0x00000229614b6ae0,
0x00000229614b74a0, 0x00000229614b7e60, 0x00000229614b8a30, 0x000002296170f580,
0x000002296172a020, 0x000002296172ae10, 0x00000229618a7120, 0x00000229618d4450
}

Java Threads: ( => current thread )
  0x000002294960e6c0 JavaThread "main" [_thread_in_vm, id=348, stack(0x000000a898100000,0x000000a898200000)]
  0x00000229614551c0 JavaThread "Reference Handler" daemon [_thread_blocked, id=16892, stack(0x000000a898800000,0x000000a898900000)]
  0x0000022961470350 JavaThread "Finalizer" daemon [_thread_blocked, id=16344, stack(0x000000a898900000,0x000000a898a00000)]
  0x00000229614b6ae0 JavaThread "Signal Dispatcher" daemon [_thread_blocked, id=16776, stack(0x000000a898a00000,0x000000a898b00000)]
  0x00000229614b74a0 JavaThread "Attach Listener" daemon [_thread_blocked, id=17252, stack(0x000000a898b00000,0x000000a898c00000)]
  0x00000229614b7e60 JavaThread "Service Thread" daemon [_thread_blocked, id=11308, stack(0x000000a898c00000,0x000000a898d00000)]
  0x00000229614b8a30 JavaThread "Monitor Deflation Thread" daemon [_thread_blocked, id=1756, stack(0x000000a898d00000,0x000000a898e00000)]
=>0x000002296170f580 JavaThread "C2 CompilerThread0" daemon [_thread_in_native, id=1584, stack(0x000000a898e00000,0x000000a898f00000)]
  0x000002296172a020 JavaThread "C1 CompilerThread0" daemon [_thread_blocked, id=17240, stack(0x000000a898f00000,0x000000a899000000)]
  0x000002296172ae10 JavaThread "Sweeper thread" daemon [_thread_blocked, id=3060, stack(0x000000a899000000,0x000000a899100000)]
  0x00000229618a7120 JavaThread "Notification Thread" daemon [_thread_blocked, id=1924, stack(0x000000a899100000,0x000000a899200000)]
  0x00000229618d4450 JavaThread "Common-Cleaner" daemon [_thread_blocked, id=9812, stack(0x000000a899300000,0x000000a899400000)]

Other Threads:
  0x000002296144c610 VMThread "VM Thread" [stack: 0x000000a898700000,0x000000a898800000] [id=1500]
  0x00000229618a7e10 WatcherThread [stack: 0x000000a899200000,0x000000a899300000] [id=17152]
  0x000002294964a950 GCTaskThread "GC Thread#0" [stack: 0x000000a898200000,0x000000a898300000] [id=11224]
  0x000002296637f790 GCTaskThread "GC Thread#1" [stack: 0x000000a899400000,0x000000a899500000] [id=17100]
  0x00000229663c26b0 GCTaskThread "GC Thread#2" [stack: 0x000000a899500000,0x000000a899600000] [id=10632]
  0x00000229663c2d80 GCTaskThread "GC Thread#3" [stack: 0x000000a899600000,0x000000a899700000] [id=4276]
  0x00000229663c3040 GCTaskThread "GC Thread#4" [stack: 0x000000a899700000,0x000000a899800000] [id=16508]
  0x00000229663c3b10 GCTaskThread "GC Thread#5" [stack: 0x000000a899800000,0x000000a899900000] [id=5432]
  0x0000022966554890 GCTaskThread "GC Thread#6" [stack: 0x000000a899900000,0x000000a899a00000] [id=952]
  0x0000022966765c90 GCTaskThread "GC Thread#7" [stack: 0x000000a899a00000,0x000000a899b00000] [id=14760]
  0x0000022949653f30 ConcurrentGCThread "G1 Main Marker" [stack: 0x000000a898300000,0x000000a898400000] [id=11516]
  0x0000022949655fa0 ConcurrentGCThread "G1 Conc#0" [stack: 0x000000a898400000,0x000000a898500000] [id=13236]
  0x00000229667d0930 ConcurrentGCThread "G1 Conc#1" [stack: 0x000000a899b00000,0x000000a899c00000] [id=5184]
  0x00000229496a9a90 ConcurrentGCThread "G1 Refine#0" [stack: 0x000000a898500000,0x000000a898600000] [id=9340]
  0x00000229496aa360 ConcurrentGCThread "G1 Service" [stack: 0x000000a898600000,0x000000a898700000] [id=16560]

Threads with active compile tasks:
C2 CompilerThread0    14246 5401   !   4       jdk.internal.loader.BuiltinClassLoader::findClassOnClassPathOrNull (64 bytes)

VM state: not at safepoint (normal execution)

VM Mutex/Monitor currently owned by a thread:  ([mutex/lock_event])
[0x0000022947cd3580] Metaspace_lock - owner thread: 0x000002294960e6c0

Heap address: 0x00000000c3200000, size: 974 MB, Compressed Oops mode: 32-bit

CDS archive(s) not mapped
Compressed class space mapped at: 0x0000000100000000-0x0000000140000000, reserved size: 1073741824
Narrow klass base: 0x0000000000000000, Narrow klass shift: 3, Narrow klass range: 0x140000000

GC Precious Log:
 CPUs: 8 total, 8 available
 Memory: 3889M
 Large Page Support: Disabled
 NUMA Support: Disabled
 Compressed Oops: Enabled (32-bit)
 Heap Region Size: 1M
 Heap Min Capacity: 8M
 Heap Initial Capacity: 62M
 Heap Max Capacity: 974M
 Pre-touch: Disabled
 Parallel Workers: 8
 Concurrent Workers: 2
 Concurrent Refinement Workers: 8
 Periodic GC: Disabled

Heap:
 garbage-first heap   total 60416K, used 32039K [0x00000000c3200000, 0x0000000100000000)
  region size 1024K, 4 young (4096K), 2 survivors (2048K)
 Metaspace       used 54209K, committed 54400K, reserved 1114112K
  class space    used 6386K, committed 6464K, reserved 1048576K

Heap Regions: E=young(eden), S=young(survivor), O=old, HS=humongous(starts), HC=humongous(continues), CS=collection set, F=free, OA=open archive, CA=closed archive, TAMS=top-at-mark-start (previous, next)
|   0|0x00000000c3200000, 0x00000000c3300000, 0x00000000c3300000|100%|HS|  |TAMS 0x00000000c3300000, 0x00000000c3300000| Complete 
|   1|0x00000000c3300000, 0x00000000c3400000, 0x00000000c3400000|100%|HC|  |TAMS 0x00000000c3400000, 0x00000000c3400000| Complete 
|   2|0x00000000c3400000, 0x00000000c3500000, 0x00000000c3500000|100%|HC|  |TAMS 0x00000000c3500000, 0x00000000c3500000| Complete 
|   3|0x00000000c3500000, 0x00000000c3600000, 0x00000000c3600000|100%|HC|  |TAMS 0x00000000c3600000, 0x00000000c3600000| Complete 
|   4|0x00000000c3600000, 0x00000000c3700000, 0x00000000c3700000|100%| O|  |TAMS 0x00000000c3700000, 0x00000000c3700000| Untracked 
|   5|0x00000000c3700000, 0x00000000c3800000, 0x00000000c3800000|100%| O|  |TAMS 0x00000000c3800000, 0x00000000c3800000| Untracked 
|   6|0x00000000c3800000, 0x00000000c3900000, 0x00000000c3900000|100%| O|  |TAMS 0x00000000c3900000, 0x00000000c3900000| Untracked 
|   7|0x00000000c3900000, 0x00000000c3a00000, 0x00000000c3a00000|100%| O|  |TAMS 0x00000000c3a00000, 0x00000000c3a00000| Untracked 
|   8|0x00000000c3a00000, 0x00000000c3b00000, 0x00000000c3b00000|100%| O|  |TAMS 0x00000000c3b00000, 0x00000000c3b00000| Untracked 
|   9|0x00000000c3b00000, 0x00000000c3c00000, 0x00000000c3c00000|100%| O|  |TAMS 0x00000000c3c00000, 0x00000000c3c00000| Untracked 
|  10|0x00000000c3c00000, 0x00000000c3d00000, 0x00000000c3d00000|100%| O|  |TAMS 0x00000000c3d00000, 0x00000000c3d00000| Untracked 
|  11|0x00000000c3d00000, 0x00000000c3e00000, 0x00000000c3e00000|100%| O|  |TAMS 0x00000000c3d5ea00, 0x00000000c3e00000| Untracked 
|  12|0x00000000c3e00000, 0x00000000c3f00000, 0x00000000c3f00000|100%| O|  |TAMS 0x00000000c3e00000, 0x00000000c3f00000| Untracked 
|  13|0x00000000c3f00000, 0x00000000c4000000, 0x00000000c4000000|100%| O|  |TAMS 0x00000000c4000000, 0x00000000c4000000| Untracked 
|  14|0x00000000c4000000, 0x00000000c4100000, 0x00000000c4100000|100%| O|  |TAMS 0x00000000c4100000, 0x00000000c4100000| Untracked 
|  15|0x00000000c4100000, 0x00000000c4200000, 0x00000000c4200000|100%| O|  |TAMS 0x00000000c4200000, 0x00000000c4200000| Untracked 
|  16|0x00000000c4200000, 0x00000000c4300000, 0x00000000c4300000|100%| O|  |TAMS 0x00000000c4300000, 0x00000000c4300000| Untracked 
|  17|0x00000000c4300000, 0x00000000c4400000, 0x00000000c4400000|100%|HS|  |TAMS 0x00000000c4400000, 0x00000000c4400000| Complete 
|  18|0x00000000c4400000, 0x00000000c4500000, 0x00000000c4500000|100%|HC|  |TAMS 0x00000000c4500000, 0x00000000c4500000| Complete 
|  19|0x00000000c4500000, 0x00000000c4600000, 0x00000000c4600000|100%| O|  |TAMS 0x00000000c4500000, 0x00000000c4600000| Untracked 
|  20|0x00000000c4600000, 0x00000000c4700000, 0x00000000c4700000|100%| O|  |TAMS 0x00000000c4600000, 0x00000000c4648800| Untracked 
|  21|0x00000000c4700000, 0x00000000c4800000, 0x00000000c4800000|100%| O|  |TAMS 0x00000000c4700000, 0x00000000c4700000| Untracked 
|  22|0x00000000c4800000, 0x00000000c4900000, 0x00000000c4900000|100%| O|  |TAMS 0x00000000c4800000, 0x00000000c4800000| Untracked 
|  23|0x00000000c4900000, 0x00000000c4a00000, 0x00000000c4a00000|100%| O|  |TAMS 0x00000000c4900000, 0x00000000c4900000| Untracked 
|  24|0x00000000c4a00000, 0x00000000c4b00000, 0x00000000c4b00000|100%| O|  |TAMS 0x00000000c4a00000, 0x00000000c4a00000| Untracked 
|  25|0x00000000c4b00000, 0x00000000c4c00000, 0x00000000c4c00000|100%| O|  |TAMS 0x00000000c4b00000, 0x00000000c4b00000| Untracked 
|  26|0x00000000c4c00000, 0x00000000c4d00000, 0x00000000c4d00000|100%| O|  |TAMS 0x00000000c4c00000, 0x00000000c4c00000| Untracked 
|  27|0x00000000c4d00000, 0x00000000c4db7200, 0x00000000c4e00000| 71%| O|  |TAMS 0x00000000c4d00000, 0x00000000c4d00000| Untracked 
|  28|0x00000000c4e00000, 0x00000000c4e00000, 0x00000000c4f00000|  0%| F|  |TAMS 0x00000000c4e00000, 0x00000000c4e00000| Untracked 
|  29|0x00000000c4f00000, 0x00000000c4f00000, 0x00000000c5000000|  0%| F|  |TAMS 0x00000000c4f00000, 0x00000000c4f00000| Untracked 
|  30|0x00000000c5000000, 0x00000000c5000000, 0x00000000c5100000|  0%| F|  |TAMS 0x00000000c5000000, 0x00000000c5000000| Untracked 
|  31|0x00000000c5100000, 0x00000000c5100000, 0x00000000c5200000|  0%| F|  |TAMS 0x00000000c5100000, 0x00000000c5100000| Untracked 
|  32|0x00000000c5200000, 0x00000000c5200000, 0x00000000c5300000|  0%| F|  |TAMS 0x00000000c5200000, 0x00000000c5200000| Untracked 
|  33|0x00000000c5300000, 0x00000000c5300000, 0x00000000c5400000|  0%| F|  |TAMS 0x00000000c5300000, 0x00000000c5300000| Untracked 
|  34|0x00000000c5400000, 0x00000000c5400000, 0x00000000c5500000|  0%| F|  |TAMS 0x00000000c5400000, 0x00000000c5400000| Untracked 
|  35|0x00000000c5500000, 0x00000000c5500000, 0x00000000c5600000|  0%| F|  |TAMS 0x00000000c5500000, 0x00000000c5500000| Untracked 
|  36|0x00000000c5600000, 0x00000000c5600000, 0x00000000c5700000|  0%| F|  |TAMS 0x00000000c5600000, 0x00000000c5600000| Untracked 
|  37|0x00000000c5700000, 0x00000000c5700000, 0x00000000c5800000|  0%| F|  |TAMS 0x00000000c5700000, 0x00000000c5700000| Untracked 
|  38|0x00000000c5800000, 0x00000000c5892cb0, 0x00000000c5900000| 57%| S|CS|TAMS 0x00000000c5800000, 0x00000000c5800000| Complete 
|  39|0x00000000c5900000, 0x00000000c5a00000, 0x00000000c5a00000|100%| S|CS|TAMS 0x00000000c5900000, 0x00000000c5900000| Complete 
|  40|0x00000000c5a00000, 0x00000000c5a00000, 0x00000000c5b00000|  0%| F|  |TAMS 0x00000000c5a00000, 0x00000000c5a00000| Untracked 
|  41|0x00000000c5b00000, 0x00000000c5b00000, 0x00000000c5c00000|  0%| F|  |TAMS 0x00000000c5b00000, 0x00000000c5b00000| Untracked 
|  42|0x00000000c5c00000, 0x00000000c5c00000, 0x00000000c5d00000|  0%| F|  |TAMS 0x00000000c5c00000, 0x00000000c5c00000| Untracked 
|  43|0x00000000c5d00000, 0x00000000c5d00000, 0x00000000c5e00000|  0%| F|  |TAMS 0x00000000c5d00000, 0x00000000c5d00000| Untracked 
|  44|0x00000000c5e00000, 0x00000000c5e00000, 0x00000000c5f00000|  0%| F|  |TAMS 0x00000000c5e00000, 0x00000000c5e00000| Untracked 
|  45|0x00000000c5f00000, 0x00000000c5f00000, 0x00000000c6000000|  0%| F|  |TAMS 0x00000000c5f00000, 0x00000000c5f00000| Untracked 
|  46|0x00000000c6000000, 0x00000000c6000000, 0x00000000c6100000|  0%| F|  |TAMS 0x00000000c6000000, 0x00000000c6000000| Untracked 
|  47|0x00000000c6100000, 0x00000000c6100000, 0x00000000c6200000|  0%| F|  |TAMS 0x00000000c6100000, 0x00000000c6100000| Untracked 
|  48|0x00000000c6200000, 0x00000000c6200000, 0x00000000c6300000|  0%| F|  |TAMS 0x00000000c6200000, 0x00000000c6200000| Untracked 
|  49|0x00000000c6300000, 0x00000000c6300000, 0x00000000c6400000|  0%| F|  |TAMS 0x00000000c6300000, 0x00000000c6300000| Untracked 
|  50|0x00000000c6400000, 0x00000000c6400000, 0x00000000c6500000|  0%| F|  |TAMS 0x00000000c6400000, 0x00000000c6400000| Untracked 
|  51|0x00000000c6500000, 0x00000000c6500000, 0x00000000c6600000|  0%| F|  |TAMS 0x00000000c6500000, 0x00000000c6500000| Untracked 
|  52|0x00000000c6600000, 0x00000000c6600000, 0x00000000c6700000|  0%| F|  |TAMS 0x00000000c6600000, 0x00000000c6600000| Untracked 
|  53|0x00000000c6700000, 0x00000000c6700000, 0x00000000c6800000|  0%| F|  |TAMS 0x00000000c6700000, 0x00000000c6700000| Untracked 
|  54|0x00000000c6800000, 0x00000000c6800000, 0x00000000c6900000|  0%| F|  |TAMS 0x00000000c6800000, 0x00000000c6800000| Untracked 
|  55|0x00000000c6900000, 0x00000000c6900000, 0x00000000c6a00000|  0%| F|  |TAMS 0x00000000c6900000, 0x00000000c6900000| Untracked 
|  56|0x00000000c6a00000, 0x00000000c6ab6890, 0x00000000c6b00000| 71%| E|  |TAMS 0x00000000c6a00000, 0x00000000c6a00000| Complete 
|  61|0x00000000c6f00000, 0x00000000c7000000, 0x00000000c7000000|100%| E|CS|TAMS 0x00000000c6f00000, 0x00000000c6f00000| Complete 
| 973|0x00000000fff00000, 0x0000000100000000, 0x0000000100000000|100%| O|  |TAMS 0x0000000100000000, 0x0000000100000000| Untracked 

Card table byte_map: [0x000002295c7d0000,0x000002295c9c0000] _byte_map_base: 0x000002295c1b7000

Marking Bits (Prev, Next): (CMBitMap*) 0x000002294964afb0, (CMBitMap*) 0x000002294964af70
 Prev Bits: [0x000002295daf0000, 0x000002295ea28000)
 Next Bits: [0x000002295cbb0000, 0x000002295dae8000)

Polling page: 0x0000022947c30000

Metaspace:

Usage:
  Non-class:     46.70 MB used.
      Class:      6.24 MB used.
       Both:     52.94 MB used.

Virtual space:
  Non-class space:       64.00 MB reserved,      46.81 MB ( 73%) committed,  1 nodes.
      Class space:        1.00 GB reserved,       6.31 MB ( <1%) committed,  1 nodes.
             Both:        1.06 GB reserved,      53.12 MB (  5%) committed. 

Chunk freelists:
   Non-Class:  1.05 MB
       Class:  9.62 MB
        Both:  10.67 MB

MaxMetaspaceSize: unlimited
CompressedClassSpaceSize: 1.00 GB
Initial GC threshold: 21.00 MB
Current GC threshold: 73.12 MB
CDS: off
MetaspaceReclaimPolicy: balanced
 - commit_granule_bytes: 65536.
 - commit_granule_words: 8192.
 - virtual_space_node_default_size: 8388608.
 - enlarge_chunks_in_place: 1.
 - new_chunks_are_fully_committed: 0.
 - uncommit_free_chunks: 1.
 - use_allocation_guard: 0.
 - handle_deallocations: 1.


Internal statistics:

num_allocs_failed_limit: 6.
num_arena_births: 196.
num_arena_deaths: 0.
num_vsnodes_births: 2.
num_vsnodes_deaths: 0.
num_space_committed: 848.
num_space_uncommitted: 0.
num_chunks_returned_to_freelist: 6.
num_chunks_taken_from_freelist: 1842.
num_chunk_merges: 6.
num_chunk_splits: 1503.
num_chunks_enlarged: 1351.
num_inconsistent_stats: 0.

CodeHeap 'non-profiled nmethods': size=120000Kb used=2810Kb max_used=2810Kb free=117190Kb
 bounds [0x0000022954640000, 0x0000022954900000, 0x000002295bb70000]
CodeHeap 'profiled nmethods': size=120000Kb used=13793Kb max_used=13793Kb free=106206Kb
 bounds [0x000002294cb70000, 0x000002294d8f0000, 0x00000229540a0000]
CodeHeap 'non-nmethods': size=5760Kb used=1332Kb max_used=1370Kb free=4427Kb
 bounds [0x00000229540a0000, 0x0000022954310000, 0x0000022954640000]
 total_blobs=6231 nmethods=5578 adapters=564
 compilation: enabled
              stopped_count=0, restarted_count=0
 full_count=0

Compilation events (20 events):
Event: 12.807 Thread 0x000002296172a020 nmethod 5579 0x000002294d8d1190 code [0x000002294d8d1380, 0x000002294d8d1838]
Event: 12.807 Thread 0x000002296172a020 5580       3       org.jetbrains.kotlin.psi.KtDotQualifiedExpression::accept (13 bytes)
Event: 12.807 Thread 0x000002296172a020 nmethod 5580 0x000002294d8d1a10 code [0x000002294d8d1c20, 0x000002294d8d22a8]
Event: 12.807 Thread 0x000002296172a020 5582       3       org.jetbrains.kotlin.psi.KtVisitor::visitCallExpression (16 bytes)
Event: 12.807 Thread 0x000002296172a020 nmethod 5582 0x000002294d8d2510 code [0x000002294d8d26c0, 0x000002294d8d28f8]
Event: 12.815 Thread 0x000002296172a020 5583       3       org.jetbrains.kotlin.com.intellij.util.containers.ConcurrentRefValueHashMap::get (35 bytes)
Event: 12.815 Thread 0x000002296172a020 nmethod 5583 0x000002294d8d2a10 code [0x000002294d8d2be0, 0x000002294d8d3048]
Event: 12.899 Thread 0x00000229678bd950 nmethod 5543 0x00000229548f6110 code [0x00000229548f6400, 0x00000229548f9bc0]
Event: 12.899 Thread 0x00000229678bd950 5551       4       org.jetbrains.kotlin.com.intellij.psi.impl.source.tree.CompositeElement::getFirstChildNode (5 bytes)
Event: 12.900 Thread 0x00000229678bd950 nmethod 5551 0x00000229548fb590 code [0x00000229548fb700, 0x00000229548fb798]
Event: 12.900 Thread 0x00000229678bd950 5566       4       org.jetbrains.kotlin.psi.KtElementImplStub::getParent (18 bytes)
Event: 12.916 Thread 0x00000229678bd950 nmethod 5566 0x00000229548fb890 code [0x00000229548fbaa0, 0x00000229548fc178]
Event: 12.916 Thread 0x00000229678bd950 5581       4       org.jetbrains.kotlin.com.intellij.extapi.psi.ASTDelegatePsiElement::getNextSibling (8 bytes)
Event: 12.918 Thread 0x00000229678bd950 nmethod 5581 0x00000229548fcb10 code [0x00000229548fcca0, 0x00000229548fcd98]
Event: 12.918 Thread 0x00000229678bd950 5545       4       org.jetbrains.kotlin.descriptors.annotations.Annotations$Companion$EMPTY$1::findAnnotation (9 bytes)
Event: 12.918 Thread 0x00000229678bd950 nmethod 5545 0x00000229548fcf10 code [0x00000229548fd080, 0x00000229548fd118]
Event: 12.978 Thread 0x00000229678bd950 5584       4       java.lang.StringConcatHelper::newString (67 bytes)
Event: 12.980 Thread 0x00000229678bd950 nmethod 5584 0x00000229548fd210 code [0x00000229548fd3a0, 0x00000229548fd4f8]
Event: 13.005 Thread 0x000002296172a020 5585       3       kotlin.reflect.jvm.internal.pcollections.IntTree::rebalanced (449 bytes)
Event: 13.006 Thread 0x000002296172a020 nmethod 5585 0x000002294d8d3190 code [0x000002294d8d3480, 0x000002294d8d42e8]

GC Heap History (20 events):
Event: 3.680 GC heap before
{Heap before GC invocations=8 (full 0):
 garbage-first heap   total 31744K, used 22746K [0x00000000c3200000, 0x0000000100000000)
  region size 1024K, 11 young (11264K), 2 survivors (2048K)
 Metaspace       used 29923K, committed 30080K, reserved 1114112K
  class space    used 3795K, committed 3840K, reserved 1048576K
}
Event: 3.688 GC heap after
{Heap after GC invocations=9 (full 0):
 garbage-first heap   total 50176K, used 14785K [0x00000000c3200000, 0x0000000100000000)
  region size 1024K, 2 young (2048K), 2 survivors (2048K)
 Metaspace       used 29923K, committed 30080K, reserved 1114112K
  class space    used 3795K, committed 3840K, reserved 1048576K
}
Event: 4.687 GC heap before
{Heap before GC invocations=9 (full 0):
 garbage-first heap   total 50176K, used 34241K [0x00000000c3200000, 0x0000000100000000)
  region size 1024K, 22 young (22528K), 2 survivors (2048K)
 Metaspace       used 34325K, committed 34496K, reserved 1114112K
  class space    used 4177K, committed 4288K, reserved 1048576K
}
Event: 4.694 GC heap after
{Heap after GC invocations=10 (full 0):
 garbage-first heap   total 50176K, used 16769K [0x00000000c3200000, 0x0000000100000000)
  region size 1024K, 3 young (3072K), 3 survivors (3072K)
 Metaspace       used 34325K, committed 34496K, reserved 1114112K
  class space    used 4177K, committed 4288K, reserved 1048576K
}
Event: 6.105 GC heap before
{Heap before GC invocations=10 (full 0):
 garbage-first heap   total 50176K, used 37249K [0x00000000c3200000, 0x0000000100000000)
  region size 1024K, 23 young (23552K), 3 survivors (3072K)
 Metaspace       used 39576K, committed 39808K, reserved 1114112K
  class space    used 4816K, committed 4928K, reserved 1048576K
}
Event: 6.118 GC heap after
{Heap after GC invocations=11 (full 0):
 garbage-first heap   total 50176K, used 17786K [0x00000000c3200000, 0x0000000100000000)
  region size 1024K, 1 young (1024K), 1 survivors (1024K)
 Metaspace       used 39576K, committed 39808K, reserved 1114112K
  class space    used 4816K, committed 4928K, reserved 1048576K
}
Event: 7.318 GC heap before
{Heap before GC invocations=11 (full 0):
 garbage-first heap   total 50176K, used 40314K [0x00000000c3200000, 0x0000000100000000)
  region size 1024K, 21 young (21504K), 1 survivors (1024K)
 Metaspace       used 44333K, committed 44480K, reserved 1114112K
  class space    used 5358K, committed 5440K, reserved 1048576K
}
Event: 7.329 GC heap after
{Heap after GC invocations=12 (full 0):
 garbage-first heap   total 50176K, used 21826K [0x00000000c3200000, 0x0000000100000000)
  region size 1024K, 3 young (3072K), 3 survivors (3072K)
 Metaspace       used 44333K, committed 44480K, reserved 1114112K
  class space    used 5358K, committed 5440K, reserved 1048576K
}
Event: 7.344 GC heap before
{Heap before GC invocations=12 (full 0):
 garbage-first heap   total 50176K, used 21826K [0x00000000c3200000, 0x0000000100000000)
  region size 1024K, 4 young (4096K), 3 survivors (3072K)
 Metaspace       used 44487K, committed 44608K, reserved 1114112K
  class space    used 5376K, committed 5440K, reserved 1048576K
}
Event: 7.352 GC heap after
{Heap after GC invocations=13 (full 0):
 garbage-first heap   total 50176K, used 22270K [0x00000000c3200000, 0x0000000100000000)
  region size 1024K, 1 young (1024K), 1 survivors (1024K)
 Metaspace       used 44487K, committed 44608K, reserved 1114112K
  class space    used 5376K, committed 5440K, reserved 1048576K
}
Event: 7.467 GC heap before
{Heap before GC invocations=14 (full 0):
 garbage-first heap   total 50176K, used 24318K [0x00000000c3200000, 0x0000000100000000)
  region size 1024K, 4 young (4096K), 1 survivors (1024K)
 Metaspace       used 44817K, committed 45056K, reserved 1114112K
  class space    used 5426K, committed 5504K, reserved 1048576K
}
Event: 7.470 GC heap after
{Heap after GC invocations=15 (full 0):
 garbage-first heap   total 50176K, used 22443K [0x00000000c3200000, 0x0000000100000000)
  region size 1024K, 1 young (1024K), 1 survivors (1024K)
 Metaspace       used 44817K, committed 45056K, reserved 1114112K
  class space    used 5426K, committed 5504K, reserved 1048576K
}
Event: 7.631 GC heap before
{Heap before GC invocations=15 (full 0):
 garbage-first heap   total 50176K, used 39851K [0x00000000c3200000, 0x0000000100000000)
  region size 1024K, 18 young (18432K), 1 survivors (1024K)
 Metaspace       used 44918K, committed 45120K, reserved 1114112K
  class space    used 5426K, committed 5504K, reserved 1048576K
}
Event: 7.634 GC heap after
{Heap after GC invocations=16 (full 0):
 garbage-first heap   total 50176K, used 23079K [0x00000000c3200000, 0x0000000100000000)
  region size 1024K, 2 young (2048K), 2 survivors (2048K)
 Metaspace       used 44918K, committed 45120K, reserved 1114112K
  class space    used 5426K, committed 5504K, reserved 1048576K
}
Event: 8.129 GC heap before
{Heap before GC invocations=16 (full 0):
 garbage-first heap   total 50176K, used 38439K [0x00000000c3200000, 0x0000000100000000)
  region size 1024K, 18 young (18432K), 2 survivors (2048K)
 Metaspace       used 45391K, committed 45632K, reserved 1114112K
  class space    used 5465K, committed 5568K, reserved 1048576K
}
Event: 8.136 GC heap after
{Heap after GC invocations=17 (full 0):
 garbage-first heap   total 50176K, used 24137K [0x00000000c3200000, 0x0000000100000000)
  region size 1024K, 3 young (3072K), 3 survivors (3072K)
 Metaspace       used 45391K, committed 45632K, reserved 1114112K
  class space    used 5465K, committed 5568K, reserved 1048576K
}
Event: 9.641 GC heap before
{Heap before GC invocations=17 (full 0):
 garbage-first heap   total 50176K, used 39497K [0x00000000c3200000, 0x0000000100000000)
  region size 1024K, 18 young (18432K), 3 survivors (3072K)
 Metaspace       used 48474K, committed 48704K, reserved 1114112K
  class space    used 5860K, committed 5952K, reserved 1048576K
}
Event: 9.654 GC heap after
{Heap after GC invocations=18 (full 0):
 garbage-first heap   total 60416K, used 26009K [0x00000000c3200000, 0x0000000100000000)
  region size 1024K, 3 young (3072K), 3 survivors (3072K)
 Metaspace       used 48474K, committed 48704K, reserved 1114112K
  class space    used 5860K, committed 5952K, reserved 1048576K
}
Event: 11.628 GC heap before
{Heap before GC invocations=18 (full 0):
 garbage-first heap   total 60416K, used 47513K [0x00000000c3200000, 0x0000000100000000)
  region size 1024K, 24 young (24576K), 3 survivors (3072K)
 Metaspace       used 50526K, committed 50752K, reserved 1114112K
  class space    used 6027K, committed 6144K, reserved 1048576K
}
Event: 11.648 GC heap after
{Heap after GC invocations=19 (full 0):
 garbage-first heap   total 60416K, used 29089K [0x00000000c3200000, 0x0000000100000000)
  region size 1024K, 3 young (3072K), 3 survivors (3072K)
 Metaspace       used 50526K, committed 50752K, reserved 1114112K
  class space    used 6027K, committed 6144K, reserved 1048576K
}

Dll operation events (2 events):
Event: 0.014 Loaded shared library C:\Program Files\Android\Android Studio1\jbr\bin\java.dll
Event: 1.840 Loaded shared library C:\Program Files\Android\Android Studio1\jbr\bin\verify.dll

Deoptimization events (20 events):
Event: 12.597 Thread 0x000002294960e6c0 Uncommon trap: trap_request=0xffffffde fr.pc=0x0000022954778428 relative=0x0000000000000088
Event: 12.597 Thread 0x000002294960e6c0 Uncommon trap: reason=class_check action=maybe_recompile pc=0x0000022954778428 method=java.util.Collections$UnmodifiableCollection$1.hasNext()Z @ 4 c2
Event: 12.597 Thread 0x000002294960e6c0 DEOPT PACKING pc=0x0000022954778428 sp=0x000000a8981fccc0
Event: 12.597 Thread 0x000002294960e6c0 DEOPT UNPACKING pc=0x00000229540f69a3 sp=0x000000a8981fcc50 mode 2
Event: 12.597 Thread 0x000002294960e6c0 Uncommon trap: trap_request=0xffffffc6 fr.pc=0x00000229547a2020 relative=0x0000000000000080
Event: 12.597 Thread 0x000002294960e6c0 Uncommon trap: reason=bimorphic_or_optimized_type_check action=maybe_recompile pc=0x00000229547a2020 method=java.util.Collections$UnmodifiableCollection.size()I @ 4 c2
Event: 12.597 Thread 0x000002294960e6c0 DEOPT PACKING pc=0x00000229547a2020 sp=0x000000a8981fcce0
Event: 12.597 Thread 0x000002294960e6c0 DEOPT UNPACKING pc=0x00000229540f69a3 sp=0x000000a8981fcc68 mode 2
Event: 12.597 Thread 0x000002294960e6c0 Uncommon trap: trap_request=0xffffffc6 fr.pc=0x00000229547dd0e8 relative=0x0000000000000148
Event: 12.597 Thread 0x000002294960e6c0 Uncommon trap: reason=bimorphic_or_optimized_type_check action=maybe_recompile pc=0x00000229547dd0e8 method=java.util.Collections$UnmodifiableCollection$1.next()Ljava/lang/Object; @ 4 c2
Event: 12.597 Thread 0x000002294960e6c0 DEOPT PACKING pc=0x00000229547dd0e8 sp=0x000000a8981fccc0
Event: 12.597 Thread 0x000002294960e6c0 DEOPT UNPACKING pc=0x00000229540f69a3 sp=0x000000a8981fcc68 mode 2
Event: 12.598 Thread 0x000002294960e6c0 Uncommon trap: trap_request=0xffffffc6 fr.pc=0x00000229547a2020 relative=0x0000000000000080
Event: 12.598 Thread 0x000002294960e6c0 Uncommon trap: reason=bimorphic_or_optimized_type_check action=maybe_recompile pc=0x00000229547a2020 method=java.util.Collections$UnmodifiableCollection.size()I @ 4 c2
Event: 12.598 Thread 0x000002294960e6c0 DEOPT PACKING pc=0x00000229547a2020 sp=0x000000a8981fd7d0
Event: 12.598 Thread 0x000002294960e6c0 DEOPT UNPACKING pc=0x00000229540f69a3 sp=0x000000a8981fd760 mode 2
Event: 12.599 Thread 0x000002294960e6c0 Uncommon trap: trap_request=0xffffffc6 fr.pc=0x00000229547a2020 relative=0x0000000000000080
Event: 12.599 Thread 0x000002294960e6c0 Uncommon trap: reason=bimorphic_or_optimized_type_check action=maybe_recompile pc=0x00000229547a2020 method=java.util.Collections$UnmodifiableCollection.size()I @ 4 c2
Event: 12.599 Thread 0x000002294960e6c0 DEOPT PACKING pc=0x00000229547a2020 sp=0x000000a8981fc890
Event: 12.599 Thread 0x000002294960e6c0 DEOPT UNPACKING pc=0x00000229540f69a3 sp=0x000000a8981fc818 mode 2

Classes unloaded (0 events):
No events

Classes redefined (0 events):
No events

Internal exceptions (20 events):
Event: 5.749 Thread 0x000002294960e6c0 Exception <a 'java/lang/NoSuchMethodError'{0x00000000c546d410}: 'java.lang.Object java.lang.invoke.DirectMethodHandle$Holder.newInvokeSpecial(java.lang.Object, java.lang.Object, java.lang.Object, int)'> (0x00000000c546d410) 
thrown [s\src\hotspot\share\interpreter\linkResolver.cpp, line 771]
Event: 5.749 Thread 0x000002294960e6c0 Exception <a 'java/lang/NoSuchMethodError'{0x00000000c5471a98}: 'java.lang.Object java.lang.invoke.DirectMethodHandle$Holder.invokeSpecial(java.lang.Object, java.lang.Object, java.lang.Object, java.lang.Object, int)'> (0x00000000c5471a98) 
thrown [s\src\hotspot\share\interpreter\linkResolver.cpp, line 771]
Event: 5.750 Thread 0x000002294960e6c0 Exception <a 'java/lang/NoSuchMethodError'{0x00000000c5475908}: 'java.lang.Object java.lang.invoke.Invokers$Holder.linkToTargetMethod(java.lang.Object, java.lang.Object, int, java.lang.Object)'> (0x00000000c5475908) 
thrown [s\src\hotspot\share\interpreter\linkResolver.cpp, line 771]
Event: 5.903 Thread 0x000002294960e6c0 Implicit null exception at 0x00000229546e62d6 to 0x00000229546e63c8
Event: 7.143 Thread 0x000002294960e6c0 Exception <a 'java/lang/NoSuchMethodError'{0x00000000c5278728}: 'java.lang.Object java.lang.invoke.DirectMethodHandle$Holder.newInvokeSpecial(java.lang.Object, java.lang.Object, java.lang.Object, java.lang.Object, java.lang.Object)'> (0x00000000c5278728) 
thrown [s\src\hotspot\share\interpreter\linkResolver.cpp, line 771]
Event: 8.045 Thread 0x000002294960e6c0 Exception <a 'java/lang/NoSuchMethodError'{0x00000000c53478e0}: 'java.lang.Object java.lang.invoke.DirectMethodHandle$Holder.newInvokeSpecial(java.lang.Object, java.lang.Object, java.lang.Object, java.lang.Object, java.lang.Object, java.lang.Object)'> (0x00000000c53478e0) 
thrown [s\src\hotspot\share\interpreter\linkResolver.cpp, line 771]
Event: 8.775 Thread 0x000002294960e6c0 Implicit null exception at 0x000002295473a471 to 0x000002295473a678
Event: 8.780 Thread 0x000002294960e6c0 Implicit null exception at 0x0000022954706194 to 0x000002295470628c
Event: 8.780 Thread 0x000002294960e6c0 Implicit null exception at 0x00000229546e5ee0 to 0x00000229546e5f7a
Event: 8.811 Thread 0x000002294960e6c0 Implicit null exception at 0x0000022954683e8f to 0x0000022954683f09
Event: 8.871 Thread 0x000002294960e6c0 Implicit null exception at 0x000002295470b24c to 0x000002295470b340
Event: 8.883 Thread 0x000002294960e6c0 Exception <a 'java/lang/NoSuchMethodError'{0x00000000c5ce8108}: 'java.lang.Object java.lang.invoke.DirectMethodHandle$Holder.invokeInterface(java.lang.Object, java.lang.Object, java.lang.Object)'> (0x00000000c5ce8108) 
thrown [s\src\hotspot\share\interpreter\linkResolver.cpp, line 771]
Event: 8.883 Thread 0x000002294960e6c0 Exception <a 'java/lang/IncompatibleClassChangeError'{0x00000000c5ceba78}: Found class java.lang.Object, but interface was expected> (0x00000000c5ceba78) 
thrown [s\src\hotspot\share\interpreter\linkResolver.cpp, line 838]
Event: 9.095 Thread 0x000002294960e6c0 Exception <a 'java/lang/NoSuchMethodError'{0x00000000c5a8e9e8}: 'java.lang.Object java.lang.invoke.DirectMethodHandle$Holder.newInvokeSpecial(java.lang.Object, java.lang.Object, java.lang.Object, java.lang.Object, java.lang.Object, java.lang.Object, java.lang.Object)'> (0x00000000c5a8e9e8) 
thrown [s\src\hotspot\share\interpreter\linkResolver.cpp, line 771]
Event: 9.097 Thread 0x000002294960e6c0 Exception <a 'java/lang/NoSuchMethodError'{0x00000000c5a935a0}: 'java.lang.Object java.lang.invoke.Invokers$Holder.linkToTargetMethod(java.lang.Object, java.lang.Object, java.lang.Object, java.lang.Object, java.lang.Object, java.lang.Object, java.lang.Object)'> (0x00000000c5a935a0) 
thrown [s\src\hotspot\share\interpreter\linkResolver.cpp, line 771]
Event: 9.375 Thread 0x000002294960e6c0 Exception <a 'java/lang/NoSuchMethodError'{0x00000000c5433df8}: 'java.lang.Object java.lang.invoke.DirectMethodHandle$Holder.newInvokeSpecial(java.lang.Object, int, java.lang.Object)'> (0x00000000c5433df8) 
thrown [s\src\hotspot\share\interpreter\linkResolver.cpp, line 771]
Event: 9.377 Thread 0x000002294960e6c0 Exception <a 'java/lang/NoSuchMethodError'{0x00000000c543a6d8}: 'int java.lang.invoke.DirectMethodHandle$Holder.invokeInterface(java.lang.Object, java.lang.Object)'> (0x00000000c543a6d8) 
thrown [s\src\hotspot\share\interpreter\linkResolver.cpp, line 771]
Event: 9.712 Thread 0x000002294960e6c0 Exception <a 'java/lang/NoSuchMethodError'{0x00000000c6f33470}: 'int java.lang.invoke.DirectMethodHandle$Holder.invokeStaticInit(java.lang.Object, int)'> (0x00000000c6f33470) 
thrown [s\src\hotspot\share\interpreter\linkResolver.cpp, line 771]
Event: 11.128 Thread 0x000002294960e6c0 Exception <a 'java/lang/NoSuchMethodError'{0x00000000c6176738}: 'java.lang.Object java.lang.invoke.DirectMethodHandle$Holder.invokeStatic(java.lang.Object, int, java.lang.Object)'> (0x00000000c6176738) 
thrown [s\src\hotspot\share\interpreter\linkResolver.cpp, line 771]
Event: 11.138 Thread 0x000002294960e6c0 Exception <a 'java/lang/NoSuchMethodError'{0x00000000c619e8f8}: 'java.lang.Object java.lang.invoke.DirectMethodHandle$Holder.newInvokeSpecial(java.lang.Object, int, java.lang.Object, java.lang.Object)'> (0x00000000c619e8f8) 
thrown [s\src\hotspot\share\interpreter\linkResolver.cpp, line 771]

VM Operations (20 events):
Event: 12.403 Executing VM operation: ICBufferFull
Event: 12.404 Executing VM operation: ICBufferFull done
Event: 12.406 Executing VM operation: HandshakeAllThreads
Event: 12.406 Executing VM operation: HandshakeAllThreads done
Event: 12.416 Executing VM operation: HandshakeAllThreads
Event: 12.416 Executing VM operation: HandshakeAllThreads done
Event: 12.448 Executing VM operation: HandshakeAllThreads
Event: 12.448 Executing VM operation: HandshakeAllThreads done
Event: 12.522 Executing VM operation: HandshakeAllThreads
Event: 12.522 Executing VM operation: HandshakeAllThreads done
Event: 12.671 Executing VM operation: HandshakeAllThreads
Event: 12.671 Executing VM operation: HandshakeAllThreads done
Event: 12.755 Executing VM operation: HandshakeAllThreads
Event: 12.755 Executing VM operation: HandshakeAllThreads done
Event: 12.803 Executing VM operation: HandshakeAllThreads
Event: 12.803 Executing VM operation: HandshakeAllThreads done
Event: 13.816 Executing VM operation: Cleanup
Event: 13.816 Executing VM operation: Cleanup done
Event: 14.129 Executing VM operation: HandshakeAllThreads
Event: 14.129 Executing VM operation: HandshakeAllThreads done

Events (20 events):
Event: 6.719 loading class java/util/stream/ReduceOps$AccumulatingSink
Event: 6.719 loading class java/util/stream/ReduceOps$AccumulatingSink done
Event: 6.719 loading class java/util/stream/ReduceOps$Box
Event: 6.719 loading class java/util/stream/ReduceOps$Box done
Event: 6.719 loading class java/util/stream/ReduceOps$3ReducingSink done
Event: 6.719 loading class java/util/stream/ReferencePipeline$2$1
Event: 6.720 loading class java/util/stream/ReferencePipeline$2$1 done
Event: 6.720 loading class java/util/stream/IntPipeline$1$1
Event: 6.720 loading class java/util/stream/Sink$ChainedInt
Event: 6.720 loading class java/util/stream/Sink$OfInt
Event: 6.721 loading class java/util/function/IntConsumer
Event: 6.721 loading class java/util/function/IntConsumer done
Event: 6.721 loading class java/util/stream/Sink$OfInt done
Event: 6.721 loading class java/util/stream/Sink$ChainedInt done
Event: 6.721 loading class java/util/stream/IntPipeline$1$1 done
Event: 7.270 loading class java/util/Collections$SingletonMap
Event: 7.270 loading class java/util/Collections$SingletonMap done
Event: 7.419 Thread 0x00000229678bd950 Thread added: 0x00000229678bd950
Event: 8.568 loading class java/util/RegularEnumSet$EnumSetIterator
Event: 8.568 loading class java/util/RegularEnumSet$EnumSetIterator done


Dynamic libraries:
0x00007ff6830b0000 - 0x00007ff6830ba000 	C:\Program Files\Android\Android Studio1\jbr\bin\java.exe
0x00007ff80cb60000 - 0x00007ff80cdc0000 	C:\WINDOWS\SYSTEM32\ntdll.dll
0x00007ff80c1e0000 - 0x00007ff80c2a7000 	C:\WINDOWS\System32\KERNEL32.DLL
0x00007ff80a170000 - 0x00007ff80a53a000 	C:\WINDOWS\System32\KERNELBASE.dll
0x00007ff80a540000 - 0x00007ff80a68b000 	C:\WINDOWS\System32\ucrtbase.dll
0x00007fffa5e90000 - 0x00007fffa5ea7000 	C:\Program Files\Android\Android Studio1\jbr\bin\jli.dll
0x00007fffef3e0000 - 0x00007fffef3fb000 	C:\Program Files\Android\Android Studio1\jbr\bin\VCRUNTIME140.dll
0x00007ff80c7b0000 - 0x00007ff80c97c000 	C:\WINDOWS\System32\USER32.dll
0x00007ffff24f0000 - 0x00007ffff2787000 	C:\WINDOWS\WinSxS\amd64_microsoft.windows.common-controls_6595b64144ccf1df_6.0.26100.3624_none_3e086962e3345f24\COMCTL32.dll
0x00007ff80a730000 - 0x00007ff80a757000 	C:\WINDOWS\System32\win32u.dll
0x00007ff80c2b0000 - 0x00007ff80c359000 	C:\WINDOWS\System32\msvcrt.dll
0x00007ff80b570000 - 0x00007ff80b59a000 	C:\WINDOWS\System32\GDI32.dll
0x00007ff809f80000 - 0x00007ff80a0b1000 	C:\WINDOWS\System32\gdi32full.dll
0x00007ff80a0c0000 - 0x00007ff80a163000 	C:\WINDOWS\System32\msvcp_win.dll
0x00007ff80bd90000 - 0x00007ff80bdbf000 	C:\WINDOWS\System32\IMM32.DLL
0x00007ff800cc0000 - 0x00007ff800ccc000 	C:\Program Files\Android\Android Studio1\jbr\bin\vcruntime140_1.dll
0x00007fffc3570000 - 0x00007fffc35fd000 	C:\Program Files\Android\Android Studio1\jbr\bin\msvcp140.dll
0x00007fff7f720000 - 0x00007fff803a3000 	C:\Program Files\Android\Android Studio1\jbr\bin\server\jvm.dll
0x00007ff80b840000 - 0x00007ff80b8f2000 	C:\WINDOWS\System32\ADVAPI32.dll
0x00007ff80c980000 - 0x00007ff80ca26000 	C:\WINDOWS\System32\sechost.dll
0x00007ff80c660000 - 0x00007ff80c776000 	C:\WINDOWS\System32\RPCRT4.dll
0x00007ff8089d0000 - 0x00007ff808a2e000 	C:\WINDOWS\SYSTEM32\POWRPROF.dll
0x00007ffff47c0000 - 0x00007ffff47ca000 	C:\WINDOWS\SYSTEM32\WSOCK32.dll
0x00007ff80bdd0000 - 0x00007ff80be44000 	C:\WINDOWS\System32\WS2_32.dll
0x00007ff807790000 - 0x00007ff80779b000 	C:\WINDOWS\SYSTEM32\VERSION.dll
0x00007ffff5790000 - 0x00007ffff57c6000 	C:\WINDOWS\SYSTEM32\WINMM.dll
0x00007ff8089b0000 - 0x00007ff8089c4000 	C:\WINDOWS\SYSTEM32\UMPDC.dll
0x00007ff808c70000 - 0x00007ff808c8a000 	C:\WINDOWS\SYSTEM32\kernel.appcore.dll
0x00007ffff3530000 - 0x00007ffff353a000 	C:\Program Files\Android\Android Studio1\jbr\bin\jimage.dll
0x00007ff806b70000 - 0x00007ff806db1000 	C:\WINDOWS\SYSTEM32\DBGHELP.DLL
0x00007ff80be50000 - 0x00007ff80c1d2000 	C:\WINDOWS\System32\combase.dll
0x00007ff80b170000 - 0x00007ff80b246000 	C:\WINDOWS\System32\OLEAUT32.dll
0x00007fffcdae0000 - 0x00007fffcdb19000 	C:\WINDOWS\SYSTEM32\dbgcore.DLL
0x00007ff80a690000 - 0x00007ff80a729000 	C:\WINDOWS\System32\bcryptPrimitives.dll
0x00007ffff4e40000 - 0x00007ffff4e65000 	C:\Program Files\Android\Android Studio1\jbr\bin\java.dll
0x00007ffff4e20000 - 0x00007ffff4e38000 	C:\Program Files\Android\Android Studio1\jbr\bin\zip.dll
0x00007ff80a9b0000 - 0x00007ff80b0d9000 	C:\WINDOWS\System32\SHELL32.dll
0x00007ff80a7f0000 - 0x00007ff80a958000 	C:\WINDOWS\System32\wintypes.dll
0x00007ff807a20000 - 0x00007ff808272000 	C:\WINDOWS\SYSTEM32\windows.storage.dll
0x00007ff80ca30000 - 0x00007ff80cb1d000 	C:\WINDOWS\System32\SHCORE.dll
0x00007ff80c360000 - 0x00007ff80c3c4000 	C:\WINDOWS\System32\shlwapi.dll
0x00007ff809c50000 - 0x00007ff809c7f000 	C:\WINDOWS\SYSTEM32\profapi.dll
0x00007fffa5ed0000 - 0x00007fffa5ee9000 	C:\Program Files\Android\Android Studio1\jbr\bin\net.dll
0x00007ff8032b0000 - 0x00007ff8033cd000 	C:\WINDOWS\SYSTEM32\WINHTTP.dll
0x00007ff809190000 - 0x00007ff8091fa000 	C:\WINDOWS\system32\mswsock.dll
0x00007fffa5eb0000 - 0x00007fffa5ec6000 	C:\Program Files\Android\Android Studio1\jbr\bin\nio.dll
0x00007fffdfc50000 - 0x00007fffdfc60000 	C:\Program Files\Android\Android Studio1\jbr\bin\verify.dll

dbghelp: loaded successfully - version: 4.0.5 - missing functions: none
symbol engine: initialized successfully - sym options: 0x614 - pdb path: .;C:\Program Files\Android\Android Studio1\jbr\bin;C:\WINDOWS\SYSTEM32;C:\WINDOWS\WinSxS\amd64_microsoft.windows.common-controls_6595b64144ccf1df_6.0.26100.3624_none_3e086962e3345f24;C:\Program Files\Android\Android Studio1\jbr\bin\server

VM Arguments:
java_command: org.jetbrains.kotlin.cli.jvm.K2JVMCompiler @D:\flutter tasks\Gp\build\package_info_plus\20250418_3653512324558440373.compiler.options
java_class_path (initial): C:\Users\mohse\.gradle\caches\modules-2\files-2.1\org.jetbrains.kotlin\kotlin-compiler-embeddable\1.9.24\78dab849090e6c5e2eadb6e59a11cdc28fb67a08\kotlin-compiler-embeddable-1.9.24.jar;C:\Users\mohse\.gradle\caches\modules-2\files-2.1\org.jetbrains.kotlin\kotlin-stdlib\1.9.24\9928532f12c66ad816a625b3f9984f8368ca6d2b\kotlin-stdlib-1.9.24.jar;C:\Users\mohse\.gradle\caches\modules-2\files-2.1\org.jetbrains.kotlin\kotlin-script-runtime\1.9.24\96771497da90fbc5af1c90fce148db2595a62502\kotlin-script-runtime-1.9.24.jar;C:\Users\mohse\.gradle\caches\modules-2\files-2.1\org.jetbrains.kotlin\kotlin-reflect\1.6.10\1cbe9c92c12a94eea200d23c2bbaedaf3daf5132\kotlin-reflect-1.6.10.jar;C:\Users\mohse\.gradle\caches\modules-2\files-2.1\org.jetbrains.kotlin\kotlin-daemon-embeddable\1.9.24\86685b9c5e8d170925bd9ddbdc263374a6a73281\kotlin-daemon-embeddable-1.9.24.jar;C:\Users\mohse\.gradle\caches\modules-2\files-2.1\org.jetbrains.intellij.deps\trove4j\1.0.20200330\3afb14d5f9ceb459d724e907a21145e8ff394f02\trove4j-1.0.20200330.jar;C:\Users\mohse\.gradle\caches\modules-2\files-2.1\org.jetbrains\annotations\13.0\919f0dfe192fb4e063e7dacadee7f8bb9a2672a9\annotations-13.0.jar
Launcher Type: SUN_STANDARD

[Global flags]
     intx CICompilerCount                          = 4                                         {product} {ergonomic}
     uint ConcGCThreads                            = 2                                         {product} {ergonomic}
     uint G1ConcRefinementThreads                  = 8                                         {product} {ergonomic}
   size_t G1HeapRegionSize                         = 1048576                                   {product} {ergonomic}
    uintx GCDrainStackTargetSize                   = 64                                        {product} {ergonomic}
   size_t InitialHeapSize                          = 65011712                                  {product} {ergonomic}
   size_t MarkStackSize                            = 4194304                                   {product} {ergonomic}
   size_t MaxHeapSize                              = 1021313024                                {product} {ergonomic}
   size_t MaxNewSize                               = 612368384                                 {product} {ergonomic}
   size_t MinHeapDeltaBytes                        = 1048576                                   {product} {ergonomic}
   size_t MinHeapSize                              = 8388608                                   {product} {ergonomic}
    uintx NonNMethodCodeHeapSize                   = 5839372                                {pd product} {ergonomic}
    uintx NonProfiledCodeHeapSize                  = 122909434                              {pd product} {ergonomic}
    uintx ProfiledCodeHeapSize                     = 122909434                              {pd product} {ergonomic}
    uintx ReservedCodeCacheSize                    = 251658240                              {pd product} {ergonomic}
     bool SegmentedCodeCache                       = true                                      {product} {ergonomic}
   size_t SoftMaxHeapSize                          = 1021313024                             {manageable} {ergonomic}
     bool UseCompressedClassPointers               = true                           {product lp64_product} {ergonomic}
     bool UseCompressedOops                        = true                           {product lp64_product} {ergonomic}
     bool UseG1GC                                  = true                                      {product} {ergonomic}
     bool UseLargePagesIndividualAllocation        = false                                  {pd product} {ergonomic}

Logging:
Log output configuration:
 #0: stdout all=warning uptime,level,tags
 #1: stderr all=off uptime,level,tags

Environment Variables:
JAVA_HOME=C:\Program Files\Android\Android Studio1\jbr
CLASSPATH=D:\flutter tasks\Gp\android\\gradle\wrapper\gradle-wrapper.jar
PATH=C:\Program Files\Android\Android Studio1\jbr\bin;C:\Program Files\Microsoft MPI\Bin\;C:\Program Files (x86)\VMware\VMware Player\bin\;C:\Oracle\Middleware\Oracle_FRHome1\bin;C:\oraclexe\app\oracle\product\11.2.0\server\bin;C:\Program Files\Common Files\Oracle\Java\javapath;C:\Program Files (x86)\Common Files\Oracle\Java\javapath;C:\WINDOWS\system32;C:\WINDOWS;C:\WINDOWS\System32\Wbem;C:\WINDOWS\System32\WindowsPowerShell\v1.0\;C:\WINDOWS\System32\OpenSSH\;C:\Program Files\Microsoft SQL Server\150\Tools\Binn\;C:\Program Files\Microsoft SQL Server\Client SDK\ODBC\170\Tools\Binn\;C:\Oracle\Middleware\Oracle_FRHome1\opmn\bin;C:\Oracle\Middleware\Oracle_FRHome1\opmn\lib;C:\Oracle\Middleware\Oracle_FRHome1\perl\bin;D:\Git\cmd;C:\Program Files\Git\cmd;C:\Program Files\nodejs\;C:\Program Files\dotnet\;C:\Program Files (x86)\Windows Kits\10\Windows Performance Toolkit\;D:\Downloads\platform-tools-latest-windows\platform-tools;C:\Users\mohse\AppData\Local\Microsoft\WindowsApps;D:\flutter\bin;C:\Users\mohse\AppData\Local\Programs\Microsoft VS Code\bin;C:\Users\mohse\AppData\Roaming\npm;C:\Users\mohse\AppData\Local\Pub\Cache\bin;C:\Users\mohse\AppData\Local\Programs\Python\Python311\Scripts;C:\Users\mohse\AppData\Local\Programs\Python\Python311;C:\Users\mohse\AppData\Local\GitHubDesktop\bin;C:\Users\mohse\.dotnet\tools;D:\flutter\bin\mingit\cmd
USERNAME=nada
LD_LIBRARY_PATH=C:\Oracle\Middleware\Oracle_FRHome1\lib
OS=Windows_NT
PROCESSOR_IDENTIFIER=Intel64 Family 6 Model 165 Stepping 2, GenuineIntel
TMP=C:\Users\mohse\AppData\Local\Temp
TEMP=C:\Users\mohse\AppData\Local\Temp



Periodic native trim disabled

JNI global refs:
JNI global refs: 9, weak refs: 1

JNI global refs memory usage: 843, weak refs: 841

Process memory usage:
Resident Set Size: 183740K (4% of 3983040K total physical memory with 138632K free physical memory)

OOME stack traces (most recent first):
Classloader memory used:
Loader jdk.internal.loader.ClassLoaders$AppClassLoader                                 : 5478K
Loader bootstrap                                                                       : 1291K
Loader jdk.internal.reflect.DelegatingClassLoader                                      : 6904B


---------------  S Y S T E M  ---------------

OS:
 Windows 11 , 64 bit Build 26100 (10.0.26100.3775)
OS uptime: 1 days 4:41 hours

CPU: total 8 (initial active 8) (4 cores per cpu, 2 threads per core) family 6 model 165 stepping 2 microcode 0xfc, cx8, cmov, fxsr, ht, mmx, 3dnowpref, sse, sse2, sse3, ssse3, sse4.1, sse4.2, popcnt, lzcnt, tsc, tscinvbit, avx, avx2, aes, erms, clmul, bmi1, bmi2, adx, fma, vzeroupper, clflush, clflushopt
Processor Information for all 8 processors :
  Max Mhz: 2496, Current Mhz: 2496, Mhz Limit: 2496

Memory: 4k page, system-wide physical 3889M (428M free)
TotalPageFile size 15665M (AvailPageFile size 0M)
current process WorkingSet (physical memory assigned to process): 179M, peak: 193M
current process commit charge ("private bytes"): 244M, peak: 246M

vm_info: OpenJDK 64-Bit Server VM (17.0.11+0--11852314) for windows-amd64 JRE (17.0.11+0--11852314), built on May 16 2024 21:29:20 by "androidbuild" with MS VC++ 16.10 / 16.11 (VS2019)

END.
