#
# There is insufficient memory for the Java Runtime Environment to continue.
# Native memory allocation (mmap) failed to map 53477376 bytes. Error detail: G1 virtual space
# Possible reasons:
#   The system is out of physical RAM or swap space
#   This process is running with CompressedOops enabled, and the Java Heap may be blocking the growth of the native heap
# Possible solutions:
#   Reduce memory load on the system
#   Increase physical memory or swap space
#   Check if swap backing store is full
#   Decrease Java heap size (-Xmx/-Xms)
#   Decrease number of Java threads
#   Decrease Java thread stack sizes (-Xss)
#   Set larger code cache with -XX:ReservedCodeCacheSize=
#   JVM is running with Unscaled Compressed Oops mode in which the Java heap is
#     placed in the first 4GB address space. The Java Heap base address is the
#     maximum limit for the native heap growth. Please use -XX:HeapBaseMinAddress
#     to set the Java Heap base and to place the Java Heap above 4GB virtual address.
# This output file may be truncated or incomplete.
#
#  Out of Memory Error (os_windows.cpp:3825), pid=14824, tid=14116
#
# JRE version: OpenJDK Runtime Environment (17.0.11) (build 17.0.11+0--11852314)
# Java VM: OpenJDK 64-Bit Server VM (17.0.11+0--11852314, mixed mode, tiered, compressed oops, compressed class ptrs, g1 gc, windows-amd64)
# No core dump will be written. Minidumps are not enabled by default on client versions of Windows
#

---------------  S U M M A R Y ------------

Command Line: org.jetbrains.kotlin.cli.jvm.K2JVMCompiler @D:\flutter tasks\Gp\build\mobile_scanner\20250418_10388095870841991141.compiler.options

Host: Intel(R) Core(TM) i5-10300H CPU @ 2.50GHz, 8 cores, 3G,  Windows 11 , 64 bit Build 26100 (10.0.26100.3775)
Time: Fri Apr 18 22:50:55 2025 Egypt Standard Time elapsed time: 7.147911 seconds (0d 0h 0m 7s)

---------------  T H R E A D  ---------------

Current thread (0x000002361286d020):  VMThread "VM Thread" [stack: 0x000000d14ac00000,0x000000d14ad00000] [id=14116]

Stack: [0x000000d14ac00000,0x000000d14ad00000]
Native frames: (J=compiled Java code, j=interpreted, Vv=VM code, C=native code)
V  [jvm.dll+0x687bb9]
V  [jvm.dll+0x84142a]
V  [jvm.dll+0x8430ae]
V  [jvm.dll+0x843713]
V  [jvm.dll+0x24a35f]
V  [jvm.dll+0x684989]
V  [jvm.dll+0x67923a]
V  [jvm.dll+0x30af0b]
V  [jvm.dll+0x3123b6]
V  [jvm.dll+0x361dfe]
V  [jvm.dll+0x36202f]
V  [jvm.dll+0x2e0d38]
V  [jvm.dll+0x2df144]
V  [jvm.dll+0x2de74c]
V  [jvm.dll+0x33290c]
V  [jvm.dll+0x847e0b]
V  [jvm.dll+0x848b42]
V  [jvm.dll+0x84905d]
V  [jvm.dll+0x849434]
V  [jvm.dll+0x849500]
V  [jvm.dll+0x7efa4a]
V  [jvm.dll+0x686a35]
C  [ucrtbase.dll+0x37b0]
C  [KERNEL32.DLL+0x2e8d7]
C  [ntdll.dll+0xb14fc]

VM_Operation (0x000000d14a6f8720): CollectForMetadataAllocation, mode: safepoint, requested by thread 0x000002367a96e570


---------------  P R O C E S S  ---------------

Threads class SMR info:
_java_thread_list=0x0000023618748cc0, length=12, elements={
0x000002367a96e570, 0x000002361283e090, 0x00000236128419a0, 0x0000023612893b50,
0x0000023612894030, 0x00000236128abd60, 0x00000236128ac240, 0x00000236128ac720,
0x00000236128acc40, 0x00000236128ad160, 0x0000023612c90b00, 0x0000023612c93290
}

Java Threads: ( => current thread )
  0x000002367a96e570 JavaThread "main" [_thread_blocked, id=8404, stack(0x000000d14a600000,0x000000d14a700000)]
  0x000002361283e090 JavaThread "Reference Handler" daemon [_thread_blocked, id=16004, stack(0x000000d14ad00000,0x000000d14ae00000)]
  0x00000236128419a0 JavaThread "Finalizer" daemon [_thread_blocked, id=14784, stack(0x000000d14ae00000,0x000000d14af00000)]
  0x0000023612893b50 JavaThread "Signal Dispatcher" daemon [_thread_blocked, id=12104, stack(0x000000d14af00000,0x000000d14b000000)]
  0x0000023612894030 JavaThread "Attach Listener" daemon [_thread_blocked, id=14244, stack(0x000000d14b000000,0x000000d14b100000)]
  0x00000236128abd60 JavaThread "Service Thread" daemon [_thread_blocked, id=2416, stack(0x000000d14b100000,0x000000d14b200000)]
  0x00000236128ac240 JavaThread "Monitor Deflation Thread" daemon [_thread_blocked, id=11904, stack(0x000000d14b200000,0x000000d14b300000)]
  0x00000236128ac720 JavaThread "C2 CompilerThread0" daemon [_thread_blocked, id=14892, stack(0x000000d14b300000,0x000000d14b400000)]
  0x00000236128acc40 JavaThread "C1 CompilerThread0" daemon [_thread_blocked, id=14360, stack(0x000000d14b400000,0x000000d14b500000)]
  0x00000236128ad160 JavaThread "Sweeper thread" daemon [_thread_blocked, id=12180, stack(0x000000d14b500000,0x000000d14b600000)]
  0x0000023612c90b00 JavaThread "Notification Thread" daemon [_thread_blocked, id=8896, stack(0x000000d14b600000,0x000000d14b700000)]
  0x0000023612c93290 JavaThread "Common-Cleaner" daemon [_thread_blocked, id=2680, stack(0x000000d14b800000,0x000000d14b900000)]

Other Threads:
=>0x000002361286d020 VMThread "VM Thread" [stack: 0x000000d14ac00000,0x000000d14ad00000] [id=14116]
  0x0000023612c90fe0 WatcherThread [stack: 0x000000d14b700000,0x000000d14b800000] [id=1800]
  0x000002367a9ab950 GCTaskThread "GC Thread#0" [stack: 0x000000d14a700000,0x000000d14a800000] [id=14580]
  0x00000236172f7f40 GCTaskThread "GC Thread#1" [stack: 0x000000d14ba00000,0x000000d14bb00000] [id=2380]
  0x00000236172ec030 GCTaskThread "GC Thread#2" [stack: 0x000000d14bb00000,0x000000d14bc00000] [id=12608]
  0x00000236172ec2f0 GCTaskThread "GC Thread#3" [stack: 0x000000d14bc00000,0x000000d14bd00000] [id=1168]
  0x00000236172ec5b0 GCTaskThread "GC Thread#4" [stack: 0x000000d14bd00000,0x000000d14be00000] [id=15056]
  0x00000236172ec870 GCTaskThread "GC Thread#5" [stack: 0x000000d14be00000,0x000000d14bf00000] [id=5848]
  0x00000236177ab840 GCTaskThread "GC Thread#6" [stack: 0x000000d14bf00000,0x000000d14c000000] [id=4564]
  0x00000236176b80a0 GCTaskThread "GC Thread#7" [stack: 0x000000d14c000000,0x000000d14c100000] [id=15324]
  0x000002367a9b42d0 ConcurrentGCThread "G1 Main Marker" [stack: 0x000000d14a800000,0x000000d14a900000] [id=4988]
  0x000002367a9b6620 ConcurrentGCThread "G1 Conc#0" [stack: 0x000000d14a900000,0x000000d14aa00000] [id=14816]
  0x00000236173d7020 ConcurrentGCThread "G1 Conc#1" [stack: 0x000000d14c100000,0x000000d14c200000] [id=13644]
  0x000002367aa0ebb0 ConcurrentGCThread "G1 Refine#0" [stack: 0x000000d14aa00000,0x000000d14ab00000] [id=12304]
  0x0000023617b234f0 ConcurrentGCThread "G1 Refine#1" [stack: 0x000000d14c200000,0x000000d14c300000] [id=17196]
  0x000002367aa10eb0 ConcurrentGCThread "G1 Service" [stack: 0x000000d14ab00000,0x000000d14ac00000] [id=492]

Threads with active compile tasks:
C2 CompilerThread0     7279 2312       4       org.jetbrains.kotlin.parsing.AbstractKotlinParsing::at (114 bytes)

VM state: at safepoint (normal execution)

VM Mutex/Monitor currently owned by a thread:  ([mutex/lock_event])
[0x0000023678f8fd60] Threads_lock - owner thread: 0x000002361286d020
[0x000002367a96b450] Heap_lock - owner thread: 0x000002367a96e570

Heap address: 0x00000000c3200000, size: 974 MB, Compressed Oops mode: 32-bit

CDS archive(s) not mapped
Compressed class space mapped at: 0x0000000100000000-0x0000000140000000, reserved size: 1073741824
Narrow klass base: 0x0000000000000000, Narrow klass shift: 3, Narrow klass range: 0x140000000

GC Precious Log:
 CPUs: 8 total, 8 available
 Memory: 3889M
 Large Page Support: Disabled
 NUMA Support: Disabled
 Compressed Oops: Enabled (32-bit)
 Heap Region Size: 1M
 Heap Min Capacity: 8M
 Heap Initial Capacity: 62M
 Heap Max Capacity: 974M
 Pre-touch: Disabled
 Parallel Workers: 8
 Concurrent Workers: 2
 Concurrent Refinement Workers: 8
 Periodic GC: Disabled

Heap:
 garbage-first heap   total 67584K, used 27515K [0x00000000c3200000, 0x0000000100000000)
  region size 1024K, 2 young (2048K), 2 survivors (2048K)
 Metaspace       used 42003K, committed 42176K, reserved 1114112K
  class space    used 5022K, committed 5120K, reserved 1048576K

Heap Regions: E=young(eden), S=young(survivor), O=old, HS=humongous(starts), HC=humongous(continues), CS=collection set, F=free, OA=open archive, CA=closed archive, TAMS=top-at-mark-start (previous, next)
|   0|0x00000000c3200000, 0x00000000c3300000, 0x00000000c3300000|100%|HS|  |TAMS 0x00000000c3300000, 0x00000000c3300000| Complete 
|   1|0x00000000c3300000, 0x00000000c3400000, 0x00000000c3400000|100%|HC|  |TAMS 0x00000000c3400000, 0x00000000c3400000| Complete 
|   2|0x00000000c3400000, 0x00000000c3500000, 0x00000000c3500000|100%|HC|  |TAMS 0x00000000c3500000, 0x00000000c3500000| Complete 
|   3|0x00000000c3500000, 0x00000000c3600000, 0x00000000c3600000|100%|HC|  |TAMS 0x00000000c3600000, 0x00000000c3600000| Complete 
|   4|0x00000000c3600000, 0x00000000c3700000, 0x00000000c3700000|100%| O|  |TAMS 0x00000000c3700000, 0x00000000c3700000| Untracked 
|   5|0x00000000c3700000, 0x00000000c3800000, 0x00000000c3800000|100%| O|  |TAMS 0x00000000c3800000, 0x00000000c3800000| Untracked 
|   6|0x00000000c3800000, 0x00000000c3900000, 0x00000000c3900000|100%| O|  |TAMS 0x00000000c3800000, 0x00000000c3900000| Untracked 
|   7|0x00000000c3900000, 0x00000000c3a00000, 0x00000000c3a00000|100%| O|  |TAMS 0x00000000c3900000, 0x00000000c3a00000| Untracked 
|   8|0x00000000c3a00000, 0x00000000c3b00000, 0x00000000c3b00000|100%| O|  |TAMS 0x00000000c3a00000, 0x00000000c3b00000| Untracked 
|   9|0x00000000c3b00000, 0x00000000c3c00000, 0x00000000c3c00000|100%| O|  |TAMS 0x00000000c3c00000, 0x00000000c3c00000| Untracked 
|  10|0x00000000c3c00000, 0x00000000c3d00000, 0x00000000c3d00000|100%| O|  |TAMS 0x00000000c3c00000, 0x00000000c3d00000| Untracked 
|  11|0x00000000c3d00000, 0x00000000c3e00000, 0x00000000c3e00000|100%| O|  |TAMS 0x00000000c3d00000, 0x00000000c3e00000| Untracked 
|  12|0x00000000c3e00000, 0x00000000c3f00000, 0x00000000c3f00000|100%| O|  |TAMS 0x00000000c3e00000, 0x00000000c3f00000| Untracked 
|  13|0x00000000c3f00000, 0x00000000c4000000, 0x00000000c4000000|100%| O|  |TAMS 0x00000000c4000000, 0x00000000c4000000| Untracked 
|  14|0x00000000c4000000, 0x00000000c4100000, 0x00000000c4100000|100%| O|  |TAMS 0x00000000c4100000, 0x00000000c4100000| Untracked 
|  15|0x00000000c4100000, 0x00000000c4200000, 0x00000000c4200000|100%| O|  |TAMS 0x00000000c4200000, 0x00000000c4200000| Untracked 
|  16|0x00000000c4200000, 0x00000000c4300000, 0x00000000c4300000|100%| O|  |TAMS 0x00000000c426f800, 0x00000000c4300000| Untracked 
|  17|0x00000000c4300000, 0x00000000c4400000, 0x00000000c4400000|100%|HS|  |TAMS 0x00000000c4300000, 0x00000000c4400000| Complete 
|  18|0x00000000c4400000, 0x00000000c4500000, 0x00000000c4500000|100%|HC|  |TAMS 0x00000000c4400000, 0x00000000c4500000| Complete 
|  19|0x00000000c4500000, 0x00000000c4600000, 0x00000000c4600000|100%| O|  |TAMS 0x00000000c4500000, 0x00000000c4500000| Untracked 
|  20|0x00000000c4600000, 0x00000000c4700000, 0x00000000c4700000|100%| O|  |TAMS 0x00000000c4600000, 0x00000000c4700000| Untracked 
|  21|0x00000000c4700000, 0x00000000c4800000, 0x00000000c4800000|100%| O|  |TAMS 0x00000000c4700000, 0x00000000c4800000| Untracked 
|  22|0x00000000c4800000, 0x00000000c4900000, 0x00000000c4900000|100%| O|  |TAMS 0x00000000c4800000, 0x00000000c4800000| Untracked 
|  23|0x00000000c4900000, 0x00000000c4a00000, 0x00000000c4a00000|100%| O|  |TAMS 0x00000000c4900000, 0x00000000c4900000| Untracked 
|  24|0x00000000c4a00000, 0x00000000c4b00000, 0x00000000c4b00000|100%| O|  |TAMS 0x00000000c4a00000, 0x00000000c4a00000| Untracked 
|  25|0x00000000c4b00000, 0x00000000c4b38800, 0x00000000c4c00000| 22%| O|  |TAMS 0x00000000c4b00000, 0x00000000c4b00000| Untracked 
|  26|0x00000000c4c00000, 0x00000000c4c00000, 0x00000000c4d00000|  0%| F|  |TAMS 0x00000000c4c00000, 0x00000000c4c00000| Untracked 
|  27|0x00000000c4d00000, 0x00000000c4d00000, 0x00000000c4e00000|  0%| F|  |TAMS 0x00000000c4d00000, 0x00000000c4d00000| Untracked 
|  28|0x00000000c4e00000, 0x00000000c4e00000, 0x00000000c4f00000|  0%| F|  |TAMS 0x00000000c4e00000, 0x00000000c4e00000| Untracked 
|  29|0x00000000c4f00000, 0x00000000c4f00000, 0x00000000c5000000|  0%| F|  |TAMS 0x00000000c4f00000, 0x00000000c4f00000| Untracked 
|  30|0x00000000c5000000, 0x00000000c5000000, 0x00000000c5100000|  0%| F|  |TAMS 0x00000000c5000000, 0x00000000c5000000| Untracked 
|  31|0x00000000c5100000, 0x00000000c5100000, 0x00000000c5200000|  0%| F|  |TAMS 0x00000000c5100000, 0x00000000c5100000| Untracked 
|  32|0x00000000c5200000, 0x00000000c5200000, 0x00000000c5300000|  0%| F|  |TAMS 0x00000000c5200000, 0x00000000c5200000| Untracked 
|  33|0x00000000c5300000, 0x00000000c5300000, 0x00000000c5400000|  0%| F|  |TAMS 0x00000000c5300000, 0x00000000c5300000| Untracked 
|  34|0x00000000c5400000, 0x00000000c5400000, 0x00000000c5500000|  0%| F|  |TAMS 0x00000000c5400000, 0x00000000c5400000| Untracked 
|  35|0x00000000c5500000, 0x00000000c5500000, 0x00000000c5600000|  0%| F|  |TAMS 0x00000000c5500000, 0x00000000c5500000| Untracked 
|  36|0x00000000c5600000, 0x00000000c5600000, 0x00000000c5700000|  0%| F|  |TAMS 0x00000000c5600000, 0x00000000c5600000| Untracked 
|  37|0x00000000c5700000, 0x00000000c5700000, 0x00000000c5800000|  0%| F|  |TAMS 0x00000000c5700000, 0x00000000c5700000| Untracked 
|  38|0x00000000c5800000, 0x00000000c5800000, 0x00000000c5900000|  0%| F|  |TAMS 0x00000000c5800000, 0x00000000c5800000| Untracked 
|  39|0x00000000c5900000, 0x00000000c5900000, 0x00000000c5a00000|  0%| F|  |TAMS 0x00000000c5900000, 0x00000000c5900000| Untracked 
|  40|0x00000000c5a00000, 0x00000000c5a00000, 0x00000000c5b00000|  0%| F|  |TAMS 0x00000000c5a00000, 0x00000000c5a00000| Untracked 
|  41|0x00000000c5b00000, 0x00000000c5b00000, 0x00000000c5c00000|  0%| F|  |TAMS 0x00000000c5b00000, 0x00000000c5b00000| Untracked 
|  42|0x00000000c5c00000, 0x00000000c5c00000, 0x00000000c5d00000|  0%| F|  |TAMS 0x00000000c5c00000, 0x00000000c5c00000| Untracked 
|  43|0x00000000c5d00000, 0x00000000c5d00000, 0x00000000c5e00000|  0%| F|  |TAMS 0x00000000c5d00000, 0x00000000c5d00000| Untracked 
|  44|0x00000000c5e00000, 0x00000000c5e00000, 0x00000000c5f00000|  0%| F|  |TAMS 0x00000000c5e00000, 0x00000000c5e00000| Untracked 
|  45|0x00000000c5f00000, 0x00000000c5f00000, 0x00000000c6000000|  0%| F|  |TAMS 0x00000000c5f00000, 0x00000000c5f00000| Untracked 
|  46|0x00000000c6000000, 0x00000000c6000000, 0x00000000c6100000|  0%| F|  |TAMS 0x00000000c6000000, 0x00000000c6000000| Untracked 
|  47|0x00000000c6100000, 0x00000000c61a67f0, 0x00000000c6200000| 65%| S|CS|TAMS 0x00000000c6100000, 0x00000000c6100000| Complete 
|  48|0x00000000c6200000, 0x00000000c6300000, 0x00000000c6300000|100%| S|CS|TAMS 0x00000000c6200000, 0x00000000c6200000| Complete 
|  49|0x00000000c6300000, 0x00000000c6300000, 0x00000000c6400000|  0%| F|  |TAMS 0x00000000c6300000, 0x00000000c6300000| Untracked 
|  50|0x00000000c6400000, 0x00000000c6400000, 0x00000000c6500000|  0%| F|  |TAMS 0x00000000c6400000, 0x00000000c6400000| Untracked 
|  51|0x00000000c6500000, 0x00000000c6500000, 0x00000000c6600000|  0%| F|  |TAMS 0x00000000c6500000, 0x00000000c6500000| Untracked 
|  52|0x00000000c6600000, 0x00000000c6600000, 0x00000000c6700000|  0%| F|  |TAMS 0x00000000c6600000, 0x00000000c6600000| Untracked 
|  53|0x00000000c6700000, 0x00000000c6700000, 0x00000000c6800000|  0%| F|  |TAMS 0x00000000c6700000, 0x00000000c6700000| Untracked 
|  54|0x00000000c6800000, 0x00000000c6800000, 0x00000000c6900000|  0%| F|  |TAMS 0x00000000c6800000, 0x00000000c6800000| Untracked 
|  55|0x00000000c6900000, 0x00000000c6900000, 0x00000000c6a00000|  0%| F|  |TAMS 0x00000000c6900000, 0x00000000c6900000| Untracked 
|  56|0x00000000c6a00000, 0x00000000c6a00000, 0x00000000c6b00000|  0%| F|  |TAMS 0x00000000c6a00000, 0x00000000c6a00000| Untracked 
|  57|0x00000000c6b00000, 0x00000000c6b00000, 0x00000000c6c00000|  0%| F|  |TAMS 0x00000000c6b00000, 0x00000000c6b00000| Untracked 
|  58|0x00000000c6c00000, 0x00000000c6c00000, 0x00000000c6d00000|  0%| F|  |TAMS 0x00000000c6c00000, 0x00000000c6c00000| Untracked 
|  59|0x00000000c6d00000, 0x00000000c6d00000, 0x00000000c6e00000|  0%| F|  |TAMS 0x00000000c6d00000, 0x00000000c6d00000| Untracked 
|  60|0x00000000c6e00000, 0x00000000c6e00000, 0x00000000c6f00000|  0%| F|  |TAMS 0x00000000c6e00000, 0x00000000c6e00000| Untracked 
|  61|0x00000000c6f00000, 0x00000000c6f00000, 0x00000000c7000000|  0%| F|  |TAMS 0x00000000c6f00000, 0x00000000c6f00000| Untracked 
|  62|0x00000000c7000000, 0x00000000c7000000, 0x00000000c7100000|  0%| F|  |TAMS 0x00000000c7000000, 0x00000000c7000000| Untracked 
|  63|0x00000000c7100000, 0x00000000c7100000, 0x00000000c7200000|  0%| F|  |TAMS 0x00000000c7100000, 0x00000000c7100000| Untracked 
|  64|0x00000000c7200000, 0x00000000c7200000, 0x00000000c7300000|  0%| F|  |TAMS 0x00000000c7200000, 0x00000000c7200000| Untracked 
| 973|0x00000000fff00000, 0x00000000fff00000, 0x0000000100000000|  0%| F|  |TAMS 0x00000000fff00000, 0x00000000fff00000| Untracked 

Card table byte_map: [0x000002367eb20000,0x000002367ed10000] _byte_map_base: 0x000002367e507000

Marking Bits (Prev, Next): (CMBitMap*) 0x000002367a9abe80, (CMBitMap*) 0x000002367a9abec0
 Prev Bits: [0x000002367ef00000, 0x000002367fe38000)
 Next Bits: [0x000002360f000000, 0x000002360ff38000)

Polling page: 0x00000236790f0000

Metaspace:

Usage:
  Non-class:     36.11 MB used.
      Class:      4.90 MB used.
       Both:     41.02 MB used.

Virtual space:
  Non-class space:       64.00 MB reserved,      36.19 MB ( 57%) committed,  1 nodes.
      Class space:        1.00 GB reserved,       5.00 MB ( <1%) committed,  1 nodes.
             Both:        1.06 GB reserved,      41.19 MB (  4%) committed. 

Chunk freelists:
   Non-Class:  11.50 MB
       Class:  10.95 MB
        Both:  22.45 MB

MaxMetaspaceSize: unlimited
CompressedClassSpaceSize: 1.00 GB
Initial GC threshold: 21.00 MB
Current GC threshold: 41.19 MB
CDS: off
MetaspaceReclaimPolicy: balanced
 - commit_granule_bytes: 65536.
 - commit_granule_words: 8192.
 - virtual_space_node_default_size: 8388608.
 - enlarge_chunks_in_place: 1.
 - new_chunks_are_fully_committed: 0.
 - uncommit_free_chunks: 1.
 - use_allocation_guard: 0.
 - handle_deallocations: 1.


Internal statistics:

num_allocs_failed_limit: 6.
num_arena_births: 148.
num_arena_deaths: 0.
num_vsnodes_births: 2.
num_vsnodes_deaths: 0.
num_space_committed: 657.
num_space_uncommitted: 0.
num_chunks_returned_to_freelist: 6.
num_chunks_taken_from_freelist: 1329.
num_chunk_merges: 6.
num_chunk_splits: 1102.
num_chunks_enlarged: 1000.
num_inconsistent_stats: 0.

CodeHeap 'non-profiled nmethods': size=120000Kb used=1110Kb max_used=1110Kb free=118890Kb
 bounds [0x0000023607ad0000, 0x0000023607d40000, 0x000002360f000000]
CodeHeap 'profiled nmethods': size=120000Kb used=5489Kb max_used=5489Kb free=114510Kb
 bounds [0x0000023600000000, 0x0000023600560000, 0x0000023607530000]
CodeHeap 'non-nmethods': size=5760Kb used=1250Kb max_used=1309Kb free=4509Kb
 bounds [0x0000023607530000, 0x00000236077a0000, 0x0000023607ad0000]
 total_blobs=3385 nmethods=2827 adapters=470
 compilation: enabled
              stopped_count=0, restarted_count=0
 full_count=0

Compilation events (20 events):
Event: 5.630 Thread 0x00000236128acc40 2858       2       org.jetbrains.kotlin.diagnostics.rendering.DiagnosticFactoryToRendererMap::get (23 bytes)
Event: 5.630 Thread 0x00000236128acc40 nmethod 2858 0x0000023600558c90 code [0x0000023600558e40, 0x0000023600559018]
Event: 5.645 Thread 0x00000236128acc40 2859       2       java.util.zip.ZipFile$1::getMetaInfVersions (5 bytes)
Event: 5.646 Thread 0x00000236128acc40 nmethod 2859 0x0000023600559110 code [0x00000236005592c0, 0x00000236005594e8]
Event: 5.657 Thread 0x00000236128acc40 2860       2       kotlin.reflect.jvm.internal.pcollections.IntTree::<init> (44 bytes)
Event: 5.657 Thread 0x00000236128acc40 nmethod 2860 0x0000023600559690 code [0x0000023600559820, 0x0000023600559a58]
Event: 5.666 Thread 0x00000236128acc40 2861       2       java.util.jar.JarFile::getVersionedEntry (133 bytes)
Event: 5.667 Thread 0x00000236128acc40 nmethod 2861 0x0000023600559b90 code [0x0000023600559dc0, 0x000002360055a398]
Event: 5.704 Thread 0x00000236128acc40 2862       2       kotlin.collections.ArraysKt___ArraysKt::toCollection (45 bytes)
Event: 5.705 Thread 0x00000236128acc40 nmethod 2862 0x000002360055a810 code [0x000002360055aa40, 0x000002360055af08]
Event: 5.708 Thread 0x00000236128acc40 2863       2       kotlin.reflect.jvm.internal.impl.name.FqNameUnsafe::isRoot (8 bytes)
Event: 5.708 Thread 0x00000236128acc40 nmethod 2863 0x000002360055b290 code [0x000002360055b420, 0x000002360055b558]
Event: 5.709 Thread 0x00000236128acc40 2864       2       kotlin.reflect.jvm.internal.impl.name.FqName::asString (16 bytes)
Event: 5.710 Thread 0x00000236128acc40 nmethod 2864 0x000002360055b610 code [0x000002360055b7c0, 0x000002360055b938]
Event: 5.710 Thread 0x00000236128acc40 2865       2       kotlin.reflect.jvm.internal.impl.name.FqName::toUnsafe (13 bytes)
Event: 5.711 Thread 0x00000236128acc40 nmethod 2865 0x000002360055ba10 code [0x000002360055bba0, 0x000002360055bce8]
Event: 5.711 Thread 0x00000236128acc40 2866       2       kotlin.reflect.jvm.internal.impl.name.Name::asString (13 bytes)
Event: 5.711 Thread 0x00000236128acc40 nmethod 2866 0x000002360055bd90 code [0x000002360055bf20, 0x000002360055c068]
Event: 5.711 Thread 0x00000236128acc40 2867       2       kotlin.reflect.jvm.internal.impl.name.FqName::<init> (26 bytes)
Event: 5.711 Thread 0x00000236128acc40 nmethod 2867 0x000002360055c110 code [0x000002360055c2c0, 0x000002360055c598]

GC Heap History (20 events):
Event: 1.355 GC heap after
{Heap after GC invocations=1 (full 0):
 garbage-first heap   total 63488K, used 6922K [0x00000000c3200000, 0x0000000100000000)
  region size 1024K, 3 young (3072K), 3 survivors (3072K)
 Metaspace       used 14562K, committed 14784K, reserved 1114112K
  class space    used 1442K, committed 1536K, reserved 1048576K
}
Event: 1.903 GC heap before
{Heap before GC invocations=1 (full 0):
 garbage-first heap   total 63488K, used 26378K [0x00000000c3200000, 0x0000000100000000)
  region size 1024K, 23 young (23552K), 3 survivors (3072K)
 Metaspace       used 21325K, committed 21504K, reserved 1114112K
  class space    used 2413K, committed 2496K, reserved 1048576K
}
Event: 1.911 GC heap after
{Heap after GC invocations=2 (full 0):
 garbage-first heap   total 63488K, used 7775K [0x00000000c3200000, 0x0000000100000000)
  region size 1024K, 1 young (1024K), 1 survivors (1024K)
 Metaspace       used 21325K, committed 21504K, reserved 1114112K
  class space    used 2413K, committed 2496K, reserved 1048576K
}
Event: 2.279 GC heap before
{Heap before GC invocations=3 (full 0):
 garbage-first heap   total 30720K, used 25183K [0x00000000c3200000, 0x0000000100000000)
  region size 1024K, 17 young (17408K), 1 survivors (1024K)
 Metaspace       used 22880K, committed 23104K, reserved 1114112K
  class space    used 2776K, committed 2880K, reserved 1048576K
}
Event: 2.292 GC heap after
{Heap after GC invocations=4 (full 0):
 garbage-first heap   total 31744K, used 13630K [0x00000000c3200000, 0x0000000100000000)
  region size 1024K, 3 young (3072K), 3 survivors (3072K)
 Metaspace       used 22880K, committed 23104K, reserved 1114112K
  class space    used 2776K, committed 2880K, reserved 1048576K
}
Event: 2.303 GC heap before
{Heap before GC invocations=4 (full 0):
 garbage-first heap   total 31744K, used 14654K [0x00000000c3200000, 0x0000000100000000)
  region size 1024K, 4 young (4096K), 3 survivors (3072K)
 Metaspace       used 22880K, committed 23104K, reserved 1114112K
  class space    used 2776K, committed 2880K, reserved 1048576K
}
Event: 2.314 GC heap after
{Heap after GC invocations=5 (full 0):
 garbage-first heap   total 31744K, used 14748K [0x00000000c3200000, 0x0000000100000000)
  region size 1024K, 1 young (1024K), 1 survivors (1024K)
 Metaspace       used 22880K, committed 23104K, reserved 1114112K
  class space    used 2776K, committed 2880K, reserved 1048576K
}
Event: 2.570 GC heap before
{Heap before GC invocations=5 (full 0):
 garbage-first heap   total 31744K, used 21916K [0x00000000c3200000, 0x0000000100000000)
  region size 1024K, 8 young (8192K), 1 survivors (1024K)
 Metaspace       used 24883K, committed 25088K, reserved 1114112K
  class space    used 3223K, committed 3328K, reserved 1048576K
}
Event: 2.577 GC heap after
{Heap after GC invocations=6 (full 0):
 garbage-first heap   total 31744K, used 15659K [0x00000000c3200000, 0x0000000100000000)
  region size 1024K, 1 young (1024K), 1 survivors (1024K)
 Metaspace       used 24883K, committed 25088K, reserved 1114112K
  class space    used 3223K, committed 3328K, reserved 1048576K
}
Event: 2.742 GC heap before
{Heap before GC invocations=7 (full 0):
 garbage-first heap   total 31744K, used 21803K [0x00000000c3200000, 0x0000000100000000)
  region size 1024K, 7 young (7168K), 1 survivors (1024K)
 Metaspace       used 26891K, committed 27008K, reserved 1114112K
  class space    used 3451K, committed 3520K, reserved 1048576K
}
Event: 2.746 GC heap after
{Heap after GC invocations=8 (full 0):
 garbage-first heap   total 31744K, used 15851K [0x00000000c3200000, 0x0000000100000000)
  region size 1024K, 1 young (1024K), 1 survivors (1024K)
 Metaspace       used 26891K, committed 27008K, reserved 1114112K
  class space    used 3451K, committed 3520K, reserved 1048576K
}
Event: 2.776 GC heap before
{Heap before GC invocations=8 (full 0):
 garbage-first heap   total 31744K, used 15851K [0x00000000c3200000, 0x0000000100000000)
  region size 1024K, 2 young (2048K), 1 survivors (1024K)
 Metaspace       used 27240K, committed 27392K, reserved 1114112K
  class space    used 3488K, committed 3584K, reserved 1048576K
}
Event: 2.784 GC heap after
{Heap after GC invocations=9 (full 0):
 garbage-first heap   total 67584K, used 15892K [0x00000000c3200000, 0x0000000100000000)
  region size 1024K, 1 young (1024K), 1 survivors (1024K)
 Metaspace       used 27240K, committed 27392K, reserved 1114112K
  class space    used 3488K, committed 3584K, reserved 1048576K
}
Event: 3.636 GC heap before
{Heap before GC invocations=9 (full 0):
 garbage-first heap   total 67584K, used 39444K [0x00000000c3200000, 0x0000000100000000)
  region size 1024K, 24 young (24576K), 1 survivors (1024K)
 Metaspace       used 31699K, committed 31936K, reserved 1114112K
  class space    used 3967K, committed 4096K, reserved 1048576K
}
Event: 3.647 GC heap after
{Heap after GC invocations=10 (full 0):
 garbage-first heap   total 67584K, used 17065K [0x00000000c3200000, 0x0000000100000000)
  region size 1024K, 3 young (3072K), 3 survivors (3072K)
 Metaspace       used 31699K, committed 31936K, reserved 1114112K
  class space    used 3967K, committed 4096K, reserved 1048576K
}
Event: 4.430 GC heap before
{Heap before GC invocations=10 (full 0):
 garbage-first heap   total 67584K, used 40617K [0x00000000c3200000, 0x0000000100000000)
  region size 1024K, 27 young (27648K), 3 survivors (3072K)
 Metaspace       used 37345K, committed 37568K, reserved 1114112K
  class space    used 4511K, committed 4608K, reserved 1048576K
}
Event: 4.444 GC heap after
{Heap after GC invocations=11 (full 0):
 garbage-first heap   total 67584K, used 19020K [0x00000000c3200000, 0x0000000100000000)
  region size 1024K, 2 young (2048K), 2 survivors (2048K)
 Metaspace       used 37345K, committed 37568K, reserved 1114112K
  class space    used 4511K, committed 4608K, reserved 1048576K
}
Event: 5.459 GC heap before
{Heap before GC invocations=11 (full 0):
 garbage-first heap   total 67584K, used 48716K [0x00000000c3200000, 0x0000000100000000)
  region size 1024K, 28 young (28672K), 2 survivors (2048K)
 Metaspace       used 41258K, committed 41472K, reserved 1114112K
  class space    used 4948K, committed 5056K, reserved 1048576K
}
Event: 5.477 GC heap after
{Heap after GC invocations=12 (full 0):
 garbage-first heap   total 67584K, used 25600K [0x00000000c3200000, 0x0000000100000000)
  region size 1024K, 4 young (4096K), 4 survivors (4096K)
 Metaspace       used 41258K, committed 41472K, reserved 1114112K
  class space    used 4948K, committed 5056K, reserved 1048576K
}
Event: 5.726 GC heap before
{Heap before GC invocations=12 (full 0):
 garbage-first heap   total 67584K, used 41984K [0x00000000c3200000, 0x0000000100000000)
  region size 1024K, 21 young (21504K), 4 survivors (4096K)
 Metaspace       used 42003K, committed 42176K, reserved 1114112K
  class space    used 5022K, committed 5120K, reserved 1048576K
}

Dll operation events (2 events):
Event: 0.058 Loaded shared library C:\Program Files\Android\Android Studio1\jbr\bin\java.dll
Event: 1.733 Loaded shared library C:\Program Files\Android\Android Studio1\jbr\bin\verify.dll

Deoptimization events (20 events):
Event: 4.959 Thread 0x000002367a96e570 DEOPT PACKING pc=0x0000023607b77138 sp=0x000000d14a6fb180
Event: 4.959 Thread 0x000002367a96e570 DEOPT UNPACKING pc=0x00000236075869a3 sp=0x000000d14a6fb068 mode 2
Event: 5.034 Thread 0x000002367a96e570 DEOPT PACKING pc=0x00000236003a7c38 sp=0x000000d14a6fa510
Event: 5.034 Thread 0x000002367a96e570 DEOPT UNPACKING pc=0x0000023607587143 sp=0x000000d14a6f9a28 mode 0
Event: 5.036 Thread 0x000002367a96e570 DEOPT PACKING pc=0x000002360036afe5 sp=0x000000d14a6fa550
Event: 5.036 Thread 0x000002367a96e570 DEOPT UNPACKING pc=0x0000023607587143 sp=0x000000d14a6f99a0 mode 0
Event: 5.175 Thread 0x000002367a96e570 DEOPT PACKING pc=0x00000236003a7c38 sp=0x000000d14a6f6090
Event: 5.175 Thread 0x000002367a96e570 DEOPT UNPACKING pc=0x0000023607587143 sp=0x000000d14a6f55a8 mode 0
Event: 5.177 Thread 0x000002367a96e570 DEOPT PACKING pc=0x000002360036afe5 sp=0x000000d14a6faba0
Event: 5.177 Thread 0x000002367a96e570 DEOPT UNPACKING pc=0x0000023607587143 sp=0x000000d14a6f9ff0 mode 0
Event: 5.202 Thread 0x000002367a96e570 DEOPT PACKING pc=0x00000236004b02bb sp=0x000000d14a6fb420
Event: 5.202 Thread 0x000002367a96e570 DEOPT UNPACKING pc=0x0000023607587143 sp=0x000000d14a6fa890 mode 0
Event: 5.308 Thread 0x000002367a96e570 DEOPT PACKING pc=0x00000236003a7c38 sp=0x000000d14a6f7e10
Event: 5.308 Thread 0x000002367a96e570 DEOPT UNPACKING pc=0x0000023607587143 sp=0x000000d14a6f7328 mode 0
Event: 5.312 Thread 0x000002367a96e570 DEOPT PACKING pc=0x000002360036afe5 sp=0x000000d14a6fb540
Event: 5.312 Thread 0x000002367a96e570 DEOPT UNPACKING pc=0x0000023607587143 sp=0x000000d14a6fa990 mode 0
Event: 5.643 Thread 0x000002367a96e570 DEOPT PACKING pc=0x00000236003a7c38 sp=0x000000d14a6f8e00
Event: 5.643 Thread 0x000002367a96e570 DEOPT UNPACKING pc=0x0000023607587143 sp=0x000000d14a6f8318 mode 0
Event: 5.675 Thread 0x000002367a96e570 DEOPT PACKING pc=0x000002360036afe5 sp=0x000000d14a6f7cd0
Event: 5.675 Thread 0x000002367a96e570 DEOPT UNPACKING pc=0x0000023607587143 sp=0x000000d14a6f7120 mode 0

Classes unloaded (0 events):
No events

Classes redefined (0 events):
No events

Internal exceptions (20 events):
Event: 1.485 Thread 0x000002367a96e570 Exception <a 'java/lang/NoSuchMethodError'{0x00000000c6c69fc8}: 'int java.lang.invoke.DelegatingMethodHandle$Holder.reinvoke_L(java.lang.Object, java.lang.Object, java.lang.Object, long, int, int)'> (0x00000000c6c69fc8) 
thrown [s\src\hotspot\share\interpreter\linkResolver.cpp, line 771]
Event: 1.486 Thread 0x000002367a96e570 Exception <a 'java/lang/NoSuchMethodError'{0x00000000c6c78900}: 'int java.lang.invoke.DelegatingMethodHandle$Holder.reinvoke_L(java.lang.Object, java.lang.Object, java.lang.Object, long, long, long)'> (0x00000000c6c78900) 
thrown [s\src\hotspot\share\interpreter\linkResolver.cpp, line 771]
Event: 1.488 Thread 0x000002367a96e570 Exception <a 'java/lang/NoSuchMethodError'{0x00000000c6c86f18}: 'int java.lang.invoke.DelegatingMethodHandle$Holder.reinvoke_L(java.lang.Object, java.lang.Object, java.lang.Object, long, int)'> (0x00000000c6c86f18) 
thrown [s\src\hotspot\share\interpreter\linkResolver.cpp, line 771]
Event: 1.505 Thread 0x000002367a96e570 Exception <a 'java/lang/NoSuchMethodError'{0x00000000c6b2fd00}: 'int java.lang.invoke.DirectMethodHandle$Holder.invokeStaticInit(java.lang.Object, java.lang.Object, java.lang.Object)'> (0x00000000c6b2fd00) 
thrown [s\src\hotspot\share\interpreter\linkResolver.cpp, line 771]
Event: 1.510 Thread 0x000002367a96e570 Exception <a 'java/lang/NoSuchMethodError'{0x00000000c6b58bc8}: 'int java.lang.invoke.DirectMethodHandle$Holder.invokeStaticInit(java.lang.Object, java.lang.Object)'> (0x00000000c6b58bc8) 
thrown [s\src\hotspot\share\interpreter\linkResolver.cpp, line 771]
Event: 1.527 Thread 0x000002367a96e570 Exception <a 'java/lang/NoSuchMethodError'{0x00000000c6a39060}: 'void java.lang.invoke.DirectMethodHandle$Holder.invokeSpecial(java.lang.Object, java.lang.Object, java.lang.Object)'> (0x00000000c6a39060) 
thrown [s\src\hotspot\share\interpreter\linkResolver.cpp, line 771]
Event: 1.605 Thread 0x000002367a96e570 Exception <a 'java/lang/NoSuchMethodError'{0x00000000c675d7a0}: 'void java.lang.invoke.DirectMethodHandle$Holder.invokeStatic(java.lang.Object, java.lang.Object, java.lang.Object, java.lang.Object)'> (0x00000000c675d7a0) 
thrown [s\src\hotspot\share\interpreter\linkResolver.cpp, line 771]
Event: 1.686 Thread 0x000002367a96e570 Exception <a 'java/lang/NoSuchMethodError'{0x00000000c63233c0}: 'void java.lang.invoke.DirectMethodHandle$Holder.invokeStaticInit(java.lang.Object, java.lang.Object)'> (0x00000000c63233c0) 
thrown [s\src\hotspot\share\interpreter\linkResolver.cpp, line 771]
Event: 1.814 Thread 0x000002367a96e570 Exception <a 'java/lang/NoSuchMethodError'{0x00000000c5fdf608}: 'void java.lang.invoke.DirectMethodHandle$Holder.invokeVirtual(java.lang.Object, java.lang.Object)'> (0x00000000c5fdf608) 
thrown [s\src\hotspot\share\interpreter\linkResolver.cpp, line 771]
Event: 1.824 Thread 0x000002367a96e570 Exception <a 'java/lang/NoSuchMethodError'{0x00000000c5e5a6d0}: 'int java.lang.invoke.DirectMethodHandle$Holder.invokeVirtual(java.lang.Object, java.lang.Object)'> (0x00000000c5e5a6d0) 
thrown [s\src\hotspot\share\interpreter\linkResolver.cpp, line 771]
Event: 1.846 Thread 0x000002367a96e570 Exception <a 'java/lang/NoSuchMethodError'{0x00000000c5d17180}: 'java.lang.Object java.lang.invoke.Invokers$Holder.invokeExact_MT(java.lang.Object, java.lang.Object, java.lang.Object, java.lang.Object, java.lang.Object, java.lang.Object)'> (0x00000000c5d17180) 
thrown [s\src\hotspot\share\interpreter\linkResolver.cpp, line 771]
Event: 2.613 Thread 0x000002367a96e570 Implicit null exception at 0x0000023607af42f2 to 0x0000023607af490c
Event: 2.828 Thread 0x000002367a96e570 Implicit null exception at 0x0000023607afb9f2 to 0x0000023607afc02c
Event: 2.990 Thread 0x000002367a96e570 Exception <a 'java/lang/NoSuchMethodError'{0x00000000c6f42b00}: 'java.lang.Object java.lang.invoke.DirectMethodHandle$Holder.invokeVirtual(java.lang.Object, java.lang.Object, java.lang.Object)'> (0x00000000c6f42b00) 
thrown [s\src\hotspot\share\interpreter\linkResolver.cpp, line 771]
Event: 4.286 Thread 0x000002367a96e570 Exception <a 'java/lang/NoSuchMethodError'{0x00000000c5d69db8}: 'java.lang.Object java.lang.invoke.DirectMethodHandle$Holder.newInvokeSpecial(java.lang.Object, java.lang.Object, int)'> (0x00000000c5d69db8) 
thrown [s\src\hotspot\share\interpreter\linkResolver.cpp, line 771]
Event: 4.541 Thread 0x000002367a96e570 Implicit null exception at 0x0000023607bc3b4c to 0x0000023607bc3c40
Event: 4.738 Thread 0x000002367a96e570 Exception <a 'java/lang/NoSuchMethodError'{0x00000000c701fff0}: 'java.lang.Object java.lang.invoke.DirectMethodHandle$Holder.newInvokeSpecial(java.lang.Object, java.lang.Object, java.lang.Object, int)'> (0x00000000c701fff0) 
thrown [s\src\hotspot\share\interpreter\linkResolver.cpp, line 771]
Event: 4.739 Thread 0x000002367a96e570 Exception <a 'java/lang/NoSuchMethodError'{0x00000000c7024678}: 'java.lang.Object java.lang.invoke.DirectMethodHandle$Holder.invokeSpecial(java.lang.Object, java.lang.Object, java.lang.Object, java.lang.Object, int)'> (0x00000000c7024678) 
thrown [s\src\hotspot\share\interpreter\linkResolver.cpp, line 771]
Event: 4.740 Thread 0x000002367a96e570 Exception <a 'java/lang/NoSuchMethodError'{0x00000000c70284e8}: 'java.lang.Object java.lang.invoke.Invokers$Holder.linkToTargetMethod(java.lang.Object, java.lang.Object, int, java.lang.Object)'> (0x00000000c70284e8) 
thrown [s\src\hotspot\share\interpreter\linkResolver.cpp, line 771]
Event: 5.347 Thread 0x000002367a96e570 Exception <a 'java/lang/NoSuchMethodError'{0x00000000c620fc78}: 'java.lang.Object java.lang.invoke.DirectMethodHandle$Holder.newInvokeSpecial(java.lang.Object, java.lang.Object, java.lang.Object, java.lang.Object, java.lang.Object)'> (0x00000000c620fc78) 
thrown [s\src\hotspot\share\interpreter\linkResolver.cpp, line 771]

VM Operations (20 events):
Event: 3.689 Executing VM operation: HandshakeAllThreads done
Event: 4.429 Executing VM operation: G1CollectForAllocation
Event: 4.444 Executing VM operation: G1CollectForAllocation done
Event: 4.525 Executing VM operation: HandshakeAllThreads
Event: 4.525 Executing VM operation: HandshakeAllThreads done
Event: 4.673 Executing VM operation: HandshakeAllThreads
Event: 4.673 Executing VM operation: HandshakeAllThreads done
Event: 4.728 Executing VM operation: HandshakeAllThreads
Event: 4.728 Executing VM operation: HandshakeAllThreads done
Event: 4.943 Executing VM operation: ICBufferFull
Event: 4.943 Executing VM operation: ICBufferFull done
Event: 5.030 Executing VM operation: HandshakeAllThreads
Event: 5.030 Executing VM operation: HandshakeAllThreads done
Event: 5.143 Executing VM operation: HandshakeAllThreads
Event: 5.143 Executing VM operation: HandshakeAllThreads done
Event: 5.208 Executing VM operation: HandshakeAllThreads
Event: 5.208 Executing VM operation: HandshakeAllThreads done
Event: 5.459 Executing VM operation: G1CollectForAllocation
Event: 5.477 Executing VM operation: G1CollectForAllocation done
Event: 5.725 Executing VM operation: CollectForMetadataAllocation

Events (20 events):
Event: 4.902 loading class java/util/regex/IntHashSet
Event: 4.902 loading class java/util/regex/IntHashSet done
Event: 4.987 loading class java/security/AccessControlException
Event: 4.987 loading class java/security/AccessControlException done
Event: 5.005 loading class java/lang/annotation/ElementType
Event: 5.005 loading class java/lang/annotation/ElementType done
Event: 5.005 loading class java/lang/Override
Event: 5.005 loading class java/lang/Override done
Event: 5.142 loading class java/util/AbstractList$ListItr
Event: 5.142 loading class java/util/AbstractList$ListItr done
Event: 5.165 loading class java/io/InvalidObjectException
Event: 5.165 loading class java/io/InvalidObjectException done
Event: 5.178 loading class java/util/AbstractList$SubList$1
Event: 5.179 loading class java/util/AbstractList$SubList$1 done
Event: 5.224 loading class java/text/StringCharacterIterator
Event: 5.224 loading class java/text/CharacterIterator
Event: 5.224 loading class java/text/CharacterIterator done
Event: 5.224 loading class java/text/StringCharacterIterator done
Event: 5.314 loading class java/util/ArrayList$SubList$1
Event: 5.314 loading class java/util/ArrayList$SubList$1 done


Dynamic libraries:
0x00007ff6830b0000 - 0x00007ff6830ba000 	C:\Program Files\Android\Android Studio1\jbr\bin\java.exe
0x00007ff80cb60000 - 0x00007ff80cdc0000 	C:\WINDOWS\SYSTEM32\ntdll.dll
0x00007ff80c1e0000 - 0x00007ff80c2a7000 	C:\WINDOWS\System32\KERNEL32.DLL
0x00007ff80a170000 - 0x00007ff80a53a000 	C:\WINDOWS\System32\KERNELBASE.dll
0x00007ff80a540000 - 0x00007ff80a68b000 	C:\WINDOWS\System32\ucrtbase.dll
0x00007fffef3e0000 - 0x00007fffef3fb000 	C:\Program Files\Android\Android Studio1\jbr\bin\VCRUNTIME140.dll
0x00007fffa5e90000 - 0x00007fffa5ea7000 	C:\Program Files\Android\Android Studio1\jbr\bin\jli.dll
0x00007ff80c7b0000 - 0x00007ff80c97c000 	C:\WINDOWS\System32\USER32.dll
0x00007ff80a730000 - 0x00007ff80a757000 	C:\WINDOWS\System32\win32u.dll
0x00007ff80b570000 - 0x00007ff80b59a000 	C:\WINDOWS\System32\GDI32.dll
0x00007ffff24f0000 - 0x00007ffff2787000 	C:\WINDOWS\WinSxS\amd64_microsoft.windows.common-controls_6595b64144ccf1df_6.0.26100.3624_none_3e086962e3345f24\COMCTL32.dll
0x00007ff809f80000 - 0x00007ff80a0b1000 	C:\WINDOWS\System32\gdi32full.dll
0x00007ff80a0c0000 - 0x00007ff80a163000 	C:\WINDOWS\System32\msvcp_win.dll
0x00007ff80c2b0000 - 0x00007ff80c359000 	C:\WINDOWS\System32\msvcrt.dll
0x00007ff80bd90000 - 0x00007ff80bdbf000 	C:\WINDOWS\System32\IMM32.DLL
0x00007ff800cc0000 - 0x00007ff800ccc000 	C:\Program Files\Android\Android Studio1\jbr\bin\vcruntime140_1.dll
0x00007fffc3570000 - 0x00007fffc35fd000 	C:\Program Files\Android\Android Studio1\jbr\bin\msvcp140.dll
0x00007fff7f720000 - 0x00007fff803a3000 	C:\Program Files\Android\Android Studio1\jbr\bin\server\jvm.dll
0x00007ff80b840000 - 0x00007ff80b8f2000 	C:\WINDOWS\System32\ADVAPI32.dll
0x00007ff80c980000 - 0x00007ff80ca26000 	C:\WINDOWS\System32\sechost.dll
0x00007ff80c660000 - 0x00007ff80c776000 	C:\WINDOWS\System32\RPCRT4.dll
0x00007ffff5790000 - 0x00007ffff57c6000 	C:\WINDOWS\SYSTEM32\WINMM.dll
0x00007ff807790000 - 0x00007ff80779b000 	C:\WINDOWS\SYSTEM32\VERSION.dll
0x00007ffff47c0000 - 0x00007ffff47ca000 	C:\WINDOWS\SYSTEM32\WSOCK32.dll
0x00007ff8089d0000 - 0x00007ff808a2e000 	C:\WINDOWS\SYSTEM32\POWRPROF.dll
0x00007ff80bdd0000 - 0x00007ff80be44000 	C:\WINDOWS\System32\WS2_32.dll
0x00007ff8089b0000 - 0x00007ff8089c4000 	C:\WINDOWS\SYSTEM32\UMPDC.dll
0x00007ff808c70000 - 0x00007ff808c8a000 	C:\WINDOWS\SYSTEM32\kernel.appcore.dll
0x00007ffff3530000 - 0x00007ffff353a000 	C:\Program Files\Android\Android Studio1\jbr\bin\jimage.dll
0x00007ff806b70000 - 0x00007ff806db1000 	C:\WINDOWS\SYSTEM32\DBGHELP.DLL
0x00007ff80be50000 - 0x00007ff80c1d2000 	C:\WINDOWS\System32\combase.dll
0x00007ff80b170000 - 0x00007ff80b246000 	C:\WINDOWS\System32\OLEAUT32.dll
0x00007fffcdae0000 - 0x00007fffcdb19000 	C:\WINDOWS\SYSTEM32\dbgcore.DLL
0x00007ff80a690000 - 0x00007ff80a729000 	C:\WINDOWS\System32\bcryptPrimitives.dll
0x00007ffff4e40000 - 0x00007ffff4e65000 	C:\Program Files\Android\Android Studio1\jbr\bin\java.dll
0x00007ffff4e20000 - 0x00007ffff4e38000 	C:\Program Files\Android\Android Studio1\jbr\bin\zip.dll
0x00007ff80a9b0000 - 0x00007ff80b0d9000 	C:\WINDOWS\System32\SHELL32.dll
0x00007ff80a7f0000 - 0x00007ff80a958000 	C:\WINDOWS\System32\wintypes.dll
0x00007ff807a20000 - 0x00007ff808272000 	C:\WINDOWS\SYSTEM32\windows.storage.dll
0x00007ff80ca30000 - 0x00007ff80cb1d000 	C:\WINDOWS\System32\SHCORE.dll
0x00007ff80c360000 - 0x00007ff80c3c4000 	C:\WINDOWS\System32\shlwapi.dll
0x00007ff809c50000 - 0x00007ff809c7f000 	C:\WINDOWS\SYSTEM32\profapi.dll
0x00007fffa5ed0000 - 0x00007fffa5ee9000 	C:\Program Files\Android\Android Studio1\jbr\bin\net.dll
0x00007ff8032b0000 - 0x00007ff8033cd000 	C:\WINDOWS\SYSTEM32\WINHTTP.dll
0x00007ff809190000 - 0x00007ff8091fa000 	C:\WINDOWS\system32\mswsock.dll
0x00007fffa5eb0000 - 0x00007fffa5ec6000 	C:\Program Files\Android\Android Studio1\jbr\bin\nio.dll
0x00007fffdfc50000 - 0x00007fffdfc60000 	C:\Program Files\Android\Android Studio1\jbr\bin\verify.dll

dbghelp: loaded successfully - version: 4.0.5 - missing functions: none
symbol engine: initialized successfully - sym options: 0x614 - pdb path: .;C:\Program Files\Android\Android Studio1\jbr\bin;C:\WINDOWS\SYSTEM32;C:\WINDOWS\WinSxS\amd64_microsoft.windows.common-controls_6595b64144ccf1df_6.0.26100.3624_none_3e086962e3345f24;C:\Program Files\Android\Android Studio1\jbr\bin\server

VM Arguments:
java_command: org.jetbrains.kotlin.cli.jvm.K2JVMCompiler @D:\flutter tasks\Gp\build\mobile_scanner\20250418_10388095870841991141.compiler.options
java_class_path (initial): C:\Users\mohse\.gradle\caches\modules-2\files-2.1\org.jetbrains.kotlin\kotlin-compiler-embeddable\1.9.24\78dab849090e6c5e2eadb6e59a11cdc28fb67a08\kotlin-compiler-embeddable-1.9.24.jar;C:\Users\mohse\.gradle\caches\modules-2\files-2.1\org.jetbrains.kotlin\kotlin-stdlib\1.9.24\9928532f12c66ad816a625b3f9984f8368ca6d2b\kotlin-stdlib-1.9.24.jar;C:\Users\mohse\.gradle\caches\modules-2\files-2.1\org.jetbrains.kotlin\kotlin-script-runtime\1.9.24\96771497da90fbc5af1c90fce148db2595a62502\kotlin-script-runtime-1.9.24.jar;C:\Users\mohse\.gradle\caches\modules-2\files-2.1\org.jetbrains.kotlin\kotlin-reflect\1.6.10\1cbe9c92c12a94eea200d23c2bbaedaf3daf5132\kotlin-reflect-1.6.10.jar;C:\Users\mohse\.gradle\caches\modules-2\files-2.1\org.jetbrains.kotlin\kotlin-daemon-embeddable\1.9.24\86685b9c5e8d170925bd9ddbdc263374a6a73281\kotlin-daemon-embeddable-1.9.24.jar;C:\Users\mohse\.gradle\caches\modules-2\files-2.1\org.jetbrains.intellij.deps\trove4j\1.0.20200330\3afb14d5f9ceb459d724e907a21145e8ff394f02\trove4j-1.0.20200330.jar;C:\Users\mohse\.gradle\caches\modules-2\files-2.1\org.jetbrains\annotations\13.0\919f0dfe192fb4e063e7dacadee7f8bb9a2672a9\annotations-13.0.jar
Launcher Type: SUN_STANDARD

[Global flags]
     intx CICompilerCount                          = 4                                         {product} {ergonomic}
     uint ConcGCThreads                            = 2                                         {product} {ergonomic}
     uint G1ConcRefinementThreads                  = 8                                         {product} {ergonomic}
   size_t G1HeapRegionSize                         = 1048576                                   {product} {ergonomic}
    uintx GCDrainStackTargetSize                   = 64                                        {product} {ergonomic}
   size_t InitialHeapSize                          = 65011712                                  {product} {ergonomic}
   size_t MarkStackSize                            = 4194304                                   {product} {ergonomic}
   size_t MaxHeapSize                              = 1021313024                                {product} {ergonomic}
   size_t MaxNewSize                               = 612368384                                 {product} {ergonomic}
   size_t MinHeapDeltaBytes                        = 1048576                                   {product} {ergonomic}
   size_t MinHeapSize                              = 8388608                                   {product} {ergonomic}
    uintx NonNMethodCodeHeapSize                   = 5839372                                {pd product} {ergonomic}
    uintx NonProfiledCodeHeapSize                  = 122909434                              {pd product} {ergonomic}
    uintx ProfiledCodeHeapSize                     = 122909434                              {pd product} {ergonomic}
    uintx ReservedCodeCacheSize                    = 251658240                              {pd product} {ergonomic}
     bool SegmentedCodeCache                       = true                                      {product} {ergonomic}
   size_t SoftMaxHeapSize                          = 1021313024                             {manageable} {ergonomic}
     bool UseCompressedClassPointers               = true                           {product lp64_product} {ergonomic}
     bool UseCompressedOops                        = true                           {product lp64_product} {ergonomic}
     bool UseG1GC                                  = true                                      {product} {ergonomic}
     bool UseLargePagesIndividualAllocation        = false                                  {pd product} {ergonomic}

Logging:
Log output configuration:
 #0: stdout all=warning uptime,level,tags
 #1: stderr all=off uptime,level,tags

Environment Variables:
JAVA_HOME=C:\Program Files\Android\Android Studio1\jbr
CLASSPATH=D:\flutter tasks\Gp\android\\gradle\wrapper\gradle-wrapper.jar
PATH=C:\Program Files\Android\Android Studio1\jbr\bin;C:\Program Files\Microsoft MPI\Bin\;C:\Program Files (x86)\VMware\VMware Player\bin\;C:\Oracle\Middleware\Oracle_FRHome1\bin;C:\oraclexe\app\oracle\product\11.2.0\server\bin;C:\Program Files\Common Files\Oracle\Java\javapath;C:\Program Files (x86)\Common Files\Oracle\Java\javapath;C:\WINDOWS\system32;C:\WINDOWS;C:\WINDOWS\System32\Wbem;C:\WINDOWS\System32\WindowsPowerShell\v1.0\;C:\WINDOWS\System32\OpenSSH\;C:\Program Files\Microsoft SQL Server\150\Tools\Binn\;C:\Program Files\Microsoft SQL Server\Client SDK\ODBC\170\Tools\Binn\;C:\Oracle\Middleware\Oracle_FRHome1\opmn\bin;C:\Oracle\Middleware\Oracle_FRHome1\opmn\lib;C:\Oracle\Middleware\Oracle_FRHome1\perl\bin;D:\Git\cmd;C:\Program Files\Git\cmd;C:\Program Files\nodejs\;C:\Program Files\dotnet\;C:\Program Files (x86)\Windows Kits\10\Windows Performance Toolkit\;D:\Downloads\platform-tools-latest-windows\platform-tools;C:\Users\mohse\AppData\Local\Microsoft\WindowsApps;D:\flutter\bin;C:\Users\mohse\AppData\Local\Programs\Microsoft VS Code\bin;C:\Users\mohse\AppData\Roaming\npm;C:\Users\mohse\AppData\Local\Pub\Cache\bin;C:\Users\mohse\AppData\Local\Programs\Python\Python311\Scripts;C:\Users\mohse\AppData\Local\Programs\Python\Python311;C:\Users\mohse\AppData\Local\GitHubDesktop\bin;C:\Users\mohse\.dotnet\tools;D:\flutter\bin\mingit\cmd
USERNAME=nada
LD_LIBRARY_PATH=C:\Oracle\Middleware\Oracle_FRHome1\lib
OS=Windows_NT
PROCESSOR_IDENTIFIER=Intel64 Family 6 Model 165 Stepping 2, GenuineIntel
TMP=C:\Users\mohse\AppData\Local\Temp
TEMP=C:\Users\mohse\AppData\Local\Temp



Periodic native trim disabled

JNI global refs:
JNI global refs: 9, weak refs: 24

JNI global refs memory usage: 843, weak refs: 841

Process memory usage:
Resident Set Size: 175804K (4% of 3983040K total physical memory with 28180K free physical memory)

OOME stack traces (most recent first):
Classloader memory used:
Loader jdk.internal.loader.ClassLoaders$AppClassLoader                                 : 3991K
Loader bootstrap                                                                       : 1255K
Loader jdk.internal.reflect.DelegatingClassLoader                                      : 3515B


---------------  S Y S T E M  ---------------

OS:
 Windows 11 , 64 bit Build 26100 (10.0.26100.3775)
OS uptime: 1 days 4:47 hours

CPU: total 8 (initial active 8) (4 cores per cpu, 2 threads per core) family 6 model 165 stepping 2 microcode 0xfc, cx8, cmov, fxsr, ht, mmx, 3dnowpref, sse, sse2, sse3, ssse3, sse4.1, sse4.2, popcnt, lzcnt, tsc, tscinvbit, avx, avx2, aes, erms, clmul, bmi1, bmi2, adx, fma, vzeroupper, clflush, clflushopt
Processor Information for all 8 processors :
  Max Mhz: 2496, Current Mhz: 2496, Mhz Limit: 2496

Memory: 4k page, system-wide physical 3889M (28M free)
TotalPageFile size 15665M (AvailPageFile size 23M)
current process WorkingSet (physical memory assigned to process): 171M, peak: 182M
current process commit charge ("private bytes"): 225M, peak: 280M

vm_info: OpenJDK 64-Bit Server VM (17.0.11+0--11852314) for windows-amd64 JRE (17.0.11+0--11852314), built on May 16 2024 21:29:20 by "androidbuild" with MS VC++ 16.10 / 16.11 (VS2019)

END.
